#
# A fatal error has been detected by the Java Runtime Environment:
#
#  SIGSEGV (0xb) at pc=0xee863010, pid=20673, tid=0x9e5a3b40
#
# JRE version: Java(TM) SE Runtime Environment (8.0_171-b11) (build 1.8.0_171-b11)
# Java VM: Java HotSpot(TM) Server VM (25.171-b11 mixed mode linux-x86 )
# Problematic frame:
# C  [ld-linux.so.2+0x9010]
#
# Failed to write core dump. Core dumps have been disabled. To enable core dumping, try "ulimit -c unlimited" before starting Java again
#
# If you would like to submit a bug report, please visit:
#   http://bugreport.java.com/bugreport/crash.jsp
# The crash happened outside the Java Virtual Machine in native code.
# See problematic frame for where to report the bug.
#

---------------  T H R E A D  ---------------

Current thread (0x9e435800):  JavaThread "QuantumRenderer-0" daemon [_thread_in_native, id=20689, stack(0x9e553000,0x9e5a4000)]

siginfo: si_signo: 11 (SIGSEGV), si_code: 1 (SEGV_MAPERR), si_addr: 0x00000000

Registers:
EAX=0xee8749f3, EBX=0xee87e000, ECX=0x9e5a0f38, EDX=0x85f4d995
ESP=0x9e5a0e60, EBP=0x00000000, ESI=0x00000000, EDI=0x00000000
EIP=0xee863010, EFLAGS=0x00010207, CR2=0x00000000

Top of Stack: (sp=0x9e5a0e60)
0x9e5a0e60:   00000000 00000000 ee87e000 9d19c6c0
0x9e5a0e70:   85f4d995 ed7d3688 00000326 ed7d51b8
0x9e5a0e80:   9e5a0eac 042fa6cc ee876ac4 9e5a0f38
0x9e5a0e90:   ee8749f3 08644360 9e5a0e70 ee867178
0x9e5a0ea0:   ee866f60 9e5a10e8 00000000 00000000
0x9e5a0eb0:   00000001 086e0cc0 ee862fc9 00000000
0x9e5a0ec0:   08706b3c 9e5a0f40 9e5a0f88 ee863b4b
0x9e5a0ed0:   9d19c2d4 9e5a0f40 086e13ec 00000000 

Instructions: (pc=0xee863010)
0xee862ff0:   d0 89 3c 24 c1 e8 05 89 44 24 24 8d 83 c4 8a ff
0xee863000:   ff 89 44 24 28 8d 83 f3 69 ff ff 89 44 24 30 90
0xee863010:   8b 44 b5 00 8b 78 14 3b bc 24 88 00 00 00 0f 84
0xee863020:   e4 00 00 00 8b 84 24 8c 00 00 00 83 e0 02 89 44 

Register to memory mapping:

EAX=0xee8749f3: <offset 0x1a9f3> in /lib/ld-linux.so.2 at 0xee85a000
EBX=0xee87e000: <offset 0x24000> in /lib/ld-linux.so.2 at 0xee85a000
ECX=0x9e5a0f38 is pointing into the stack for thread: 0x9e435800
EDX=0x85f4d995 is an unknown value
ESP=0x9e5a0e60 is pointing into the stack for thread: 0x9e435800
EBP=0x00000000 is an unknown value
ESI=0x00000000 is an unknown value
EDI=0x00000000 is an unknown value


Stack: [0x9e553000,0x9e5a4000],  sp=0x9e5a0e60,  free space=311k
Native frames: (J=compiled Java code, j=interpreted, Vv=VM code, C=native code)
C  [ld-linux.so.2+0x9010]

Java frames: (J=compiled Java code, j=interpreted, Vv=VM code)
j  java.lang.ClassLoader$NativeLibrary.load(Ljava/lang/String;Z)V+0
j  java.lang.ClassLoader.loadLibrary0(Ljava/lang/Class;Ljava/io/File;)Z+328
j  java.lang.ClassLoader.loadLibrary(Ljava/lang/Class;Ljava/lang/String;Z)V+48
j  java.lang.Runtime.load0(Ljava/lang/Class;Ljava/lang/String;)V+57
j  java.lang.System.load(Ljava/lang/String;)V+7
j  com.sun.glass.utils.NativeLibLoader.loadLibraryFullPath(Ljava/lang/String;)V+342
j  com.sun.glass.utils.NativeLibLoader.loadLibraryInternal(Ljava/lang/String;)V+1
j  com.sun.glass.utils.NativeLibLoader.loadLibrary(Ljava/lang/String;)V+11
j  com.sun.prism.sw.SWPipeline.lambda$static$473()Ljava/lang/Object;+2
j  com.sun.prism.sw.SWPipeline$$Lambda$27.run()Ljava/lang/Object;+0
v  ~StubRoutines::call_stub
j  java.security.AccessController.doPrivileged(Ljava/security/PrivilegedAction;)Ljava/lang/Object;+0
j  com.sun.prism.sw.SWPipeline.<clinit>()V+5
v  ~StubRoutines::call_stub
j  java.lang.Class.forName0(Ljava/lang/String;ZLjava/lang/ClassLoader;Ljava/lang/Class;)Ljava/lang/Class;+0
j  java.lang.Class.forName(Ljava/lang/String;)Ljava/lang/Class;+11
j  com.sun.prism.GraphicsPipeline.createPipeline()Lcom/sun/prism/GraphicsPipeline;+232
j  com.sun.javafx.tk.quantum.QuantumRenderer$PipelineRunnable.init()V+0
j  com.sun.javafx.tk.quantum.QuantumRenderer$PipelineRunnable.run()V+1
j  java.lang.Thread.run()V+11
v  ~StubRoutines::call_stub

---------------  P R O C E S S  ---------------

Java Threads: ( => current thread )
=>0x9e435800 JavaThread "QuantumRenderer-0" daemon [_thread_in_native, id=20689, stack(0x9e553000,0x9e5a4000)]
  0x9e941c00 JavaThread "Service Thread" daemon [_thread_blocked, id=20687, stack(0x9e6ba000,0x9e70b000)]
  0x9e936c00 JavaThread "C1 CompilerThread1" daemon [_thread_blocked, id=20686, stack(0x9e70b000,0x9e78c000)]
  0x9e934c00 JavaThread "C2 CompilerThread0" daemon [_thread_blocked, id=20685, stack(0x9e78c000,0x9e80d000)]
  0x9e933400 JavaThread "Signal Dispatcher" daemon [_thread_blocked, id=20684, stack(0x9e80d000,0x9e85e000)]
  0x9e918800 JavaThread "Finalizer" daemon [_thread_blocked, id=20683, stack(0x9e85e000,0x9e8af000)]
  0x9e915800 JavaThread "Reference Handler" daemon [_thread_blocked, id=20682, stack(0x9e8af000,0x9e900000)]
  0xed609400 JavaThread "main" [_thread_blocked, id=20677, stack(0xed781000,0xed7d2000)]

Other Threads:
  0x9e911000 VMThread [stack: 0x9ea02000,0x9ea83000] [id=20681]
  0x9e945000 WatcherThread [stack: 0x9e639000,0x9e6ba000] [id=20688]

VM state:not at safepoint (normal execution)

VM Mutex/Monitor currently owned by a thread: None

Heap:
 PSYoungGen      total 18432K, used 4192K [0xc9f80000, 0xcb400000, 0xde200000)
  eden space 15872K, 26% used [0xc9f80000,0xca3980e0,0xcaf00000)
  from space 2560K, 0% used [0xcb180000,0xcb180000,0xcb400000)
  to   space 2560K, 0% used [0xcaf00000,0xcaf00000,0xcb180000)
 ParOldGen       total 42496K, used 0K [0xa1a00000, 0xa4380000, 0xc9f80000)
  object space 42496K, 0% used [0xa1a00000,0xa1a00000,0xa4380000)
 Metaspace       used 3162K, capacity 3367K, committed 3480K, reserved 4400K

Card table byte_map: [0xa181b000,0xa1a00000] byte_map_base: 0xa130e000

Marking Bits: (ParMarkBitMap*) 0xee23d660
 Begin Bits: [0x9f4c0000, 0xa03e0000)
 End Bits:   [0xa03e0000, 0xa1300000)

Polling page: 0xee848000

CodeCache: size=245760Kb used=1069Kb max_used=1074Kb free=244690Kb
 bounds [0xde5d2000, 0xde812000, 0xed5d2000]
 total_blobs=478 nmethods=288 adapters=105
 compilation: enabled

Compilation events (10 events):
Event: 0.682 Thread 0x9e936c00  284       3       java.net.URI$Parser::charAt (9 bytes)
Event: 0.682 Thread 0x9e936c00 nmethod 284 0xde6dd948 code [0xde6dda80, 0xde6ddcec]
Event: 0.682 Thread 0x9e936c00  285       3       java.net.URI::access$300 (7 bytes)
Event: 0.682 Thread 0x9e936c00 nmethod 285 0xde6dd6c8 code [0xde6dd7e0, 0xde6dd8cc]
Event: 0.683 Thread 0x9e936c00  287       3       sun.nio.fs.UnixPath::checkNotNul (16 bytes)
Event: 0.683 Thread 0x9e936c00 nmethod 287 0xde6dd3c8 code [0xde6dd4e0, 0xde6dd60c]
Event: 0.683 Thread 0x9e936c00  286       3       java.net.URI::match (56 bytes)
Event: 0.683 Thread 0x9e936c00 nmethod 286 0xde6dcfc8 code [0xde6dd0e0, 0xde6dd340]
Event: 0.690 Thread 0x9e936c00  288       3       sun.nio.cs.US_ASCII$Decoder::decode (62 bytes)
Event: 0.690 Thread 0x9e936c00 nmethod 288 0xde6dca08 code [0xde6dcb40, 0xde6dcde0]

GC Heap History (0 events):
No events

Deoptimization events (0 events):
No events

Classes redefined (0 events):
No events

Internal exceptions (10 events):
Event: 0.521 Thread 0xed609400 Exception <a 'java/security/PrivilegedActionException'> (0xca1b84d0) thrown at [/HUDSON/workspace/8-2-build-linux-i586/jdk8u171/10807/hotspot/src/share/vm/prims/jvm.cpp, line 1435]
Event: 0.521 Thread 0xed609400 Exception <a 'java/security/PrivilegedActionException'> (0xca1ba2b8) thrown at [/HUDSON/workspace/8-2-build-linux-i586/jdk8u171/10807/hotspot/src/share/vm/prims/jvm.cpp, line 1435]
Event: 0.521 Thread 0xed609400 Exception <a 'java/security/PrivilegedActionException'> (0xca1ba4b8) thrown at [/HUDSON/workspace/8-2-build-linux-i586/jdk8u171/10807/hotspot/src/share/vm/prims/jvm.cpp, line 1435]
Event: 0.522 Thread 0xed609400 Exception <a 'java/lang/NullPointerException'> (0xca1baa20) thrown at [/HUDSON/workspace/8-2-build-linux-i586/jdk8u171/10807/hotspot/src/share/vm/interpreter/linkResolver.cpp, line 1185]
Event: 0.672 Thread 0x9e435800 Exception <a 'java/lang/UnsatisfiedLinkError'> (0xca364b80) thrown at [/HUDSON/workspace/8-2-build-linux-i586/jdk8u171/10807/hotspot/src/share/vm/prims/jvm.cpp, line 4028]
Event: 0.672 Thread 0x9e435800 Exception <a 'java/lang/UnsatisfiedLinkError'> (0xca364b80) thrown at [/HUDSON/workspace/8-2-build-linux-i586/jdk8u171/10807/hotspot/src/share/vm/prims/jni.cpp, line 709]
Event: 0.687 Thread 0x9e435800 Exception <a 'java/lang/UnsatisfiedLinkError'> (0xca36bea0) thrown at [/HUDSON/workspace/8-2-build-linux-i586/jdk8u171/10807/hotspot/src/share/vm/prims/jvm.cpp, line 4028]
Event: 0.688 Thread 0x9e435800 Exception <a 'java/lang/UnsatisfiedLinkError'> (0xca36bea0) thrown at [/HUDSON/workspace/8-2-build-linux-i586/jdk8u171/10807/hotspot/src/share/vm/prims/jni.cpp, line 709]
Event: 0.688 Thread 0x9e435800 Exception <a 'java/lang/UnsatisfiedLinkError'> (0xca364b80) thrown at [/HUDSON/workspace/8-2-build-linux-i586/jdk8u171/10807/hotspot/src/share/vm/prims/jvm.cpp, line 1439]
Event: 0.688 Thread 0x9e435800 Exception <a 'java/lang/UnsatisfiedLinkError'> (0xca364b80) thrown at [/HUDSON/workspace/8-2-build-linux-i586/jdk8u171/10807/hotspot/src/share/vm/oops/instanceKlass.cpp, line 959]

Events (10 events):
Event: 0.679 loading class java/nio/file/attribute/PosixFileAttributes done
Event: 0.679 loading class sun/nio/fs/UnixFileAttributes done
Event: 0.679 loading class sun/nio/fs/UnixFileStoreAttributes
Event: 0.680 loading class sun/nio/fs/UnixFileStoreAttributes done
Event: 0.680 loading class sun/nio/fs/UnixMountEntry
Event: 0.680 loading class sun/nio/fs/UnixMountEntry done
Event: 0.680 loading class sun/nio/fs/UnixUriUtils
Event: 0.681 loading class sun/nio/fs/UnixUriUtils done
Event: 0.688 loading class com/sun/prism/sw/SWPipeline
Event: 0.688 loading class com/sun/prism/sw/SWPipeline done


Dynamic libraries:
08048000-08049000 r-xp 00000000 00:26 168405                             /etc/java/jdk1.8.0_171/bin/java
08049000-0804a000 rw-p 00000000 00:26 168405                             /etc/java/jdk1.8.0_171/bin/java
08643000-0871f000 rw-p 00000000 00:00 0                                  [heap]
9d15f000-9d166000 r-xp 00000000 00:26 286292                             /usr/lib/i386-linux-gnu/libdatrie.so.1.3.3
9d166000-9d167000 ---p 00007000 00:26 286292                             /usr/lib/i386-linux-gnu/libdatrie.so.1.3.3
9d167000-9d168000 r--p 00007000 00:26 286292                             /usr/lib/i386-linux-gnu/libdatrie.so.1.3.3
9d168000-9d169000 rw-p 00008000 00:26 286292                             /usr/lib/i386-linux-gnu/libdatrie.so.1.3.3
9d169000-9d16e000 r-xp 00000000 00:26 286023                             /usr/lib/i386-linux-gnu/libXdmcp.so.6.0.0
9d16e000-9d16f000 r--p 00004000 00:26 286023                             /usr/lib/i386-linux-gnu/libXdmcp.so.6.0.0
9d16f000-9d170000 rw-p 00005000 00:26 286023                             /usr/lib/i386-linux-gnu/libXdmcp.so.6.0.0
9d170000-9d172000 r-xp 00000000 00:26 285946                             /usr/lib/i386-linux-gnu/libXau.so.6.0.0
9d172000-9d173000 r--p 00001000 00:26 285946                             /usr/lib/i386-linux-gnu/libXau.so.6.0.0
9d173000-9d174000 rw-p 00002000 00:26 285946                             /usr/lib/i386-linux-gnu/libXau.so.6.0.0
9d174000-9d199000 r-xp 00000000 00:26 286827                             /usr/lib/i386-linux-gnu/libgraphite2.so.3.0.1
9d199000-9d19a000 ---p 00025000 00:26 286827                             /usr/lib/i386-linux-gnu/libgraphite2.so.3.0.1
9d19a000-9d19b000 r--p 00025000 00:26 286827                             /usr/lib/i386-linux-gnu/libgraphite2.so.3.0.1
9d19b000-9d19c000 rw-p 00026000 00:26 286827                             /usr/lib/i386-linux-gnu/libgraphite2.so.3.0.1
9d19c000-9d20f000 r-xp 00000000 00:26 286005                             /lib/i386-linux-gnu/libpcre.so.3.13.2
9d20f000-9d211000 rw-p 00072000 00:26 286005                             /lib/i386-linux-gnu/libpcre.so.3.13.2
9d211000-9d218000 r-xp 00000000 00:26 286132                             /usr/lib/i386-linux-gnu/libffi.so.6.0.4
9d218000-9d21a000 rw-p 00006000 00:26 286132                             /usr/lib/i386-linux-gnu/libffi.so.6.0.4
9d21a000-9d240000 r-xp 00000000 00:26 286129                             /lib/i386-linux-gnu/libexpat.so.1.6.0
9d240000-9d241000 ---p 00026000 00:26 286129                             /lib/i386-linux-gnu/libexpat.so.1.6.0
9d241000-9d244000 rw-p 00026000 00:26 286129                             /lib/i386-linux-gnu/libexpat.so.1.6.0
9d244000-9d24d000 r-xp 00000000 00:26 286861                             /usr/lib/i386-linux-gnu/libthai.so.0.2.4
9d24d000-9d24f000 rw-p 00008000 00:26 286861                             /usr/lib/i386-linux-gnu/libthai.so.0.2.4
9d24f000-9d273000 r-xp 00000000 00:26 286029                             /usr/lib/i386-linux-gnu/libxcb.so.1.1.0
9d273000-9d275000 rw-p 00023000 00:26 286029                             /usr/lib/i386-linux-gnu/libxcb.so.1.1.0
9d275000-9d27e000 r-xp 00000000 00:26 286264                             /usr/lib/i386-linux-gnu/libxcb-render.so.0.0.0
9d27e000-9d280000 rw-p 00008000 00:26 286264                             /usr/lib/i386-linux-gnu/libxcb-render.so.0.0.0
9d280000-9d282000 r-xp 00000000 00:26 286268                             /usr/lib/i386-linux-gnu/libxcb-shm.so.0.0.0
9d282000-9d284000 rw-p 00001000 00:26 286268                             /usr/lib/i386-linux-gnu/libxcb-shm.so.0.0.0
9d284000-9d2ad000 r-xp 00000000 00:26 286160                             /lib/i386-linux-gnu/libpng12.so.0.54.0
9d2ad000-9d2af000 rw-p 00028000 00:26 286160                             /lib/i386-linux-gnu/libpng12.so.0.54.0
9d2af000-9d358000 r-xp 00000000 00:26 286262                             /usr/lib/i386-linux-gnu/libpixman-1.so.0.33.6
9d358000-9d35f000 rw-p 000a8000 00:26 286262                             /usr/lib/i386-linux-gnu/libpixman-1.so.0.33.6
9d35f000-9d3c1000 r-xp 00000000 00:26 287503                             /usr/lib/i386-linux-gnu/libharfbuzz.so.0.10000.1
9d3c1000-9d3c3000 rw-p 00061000 00:26 287503                             /usr/lib/i386-linux-gnu/libharfbuzz.so.0.10000.1
9d3c3000-9d3d7000 r-xp 00000000 00:26 264684                             /lib/i386-linux-gnu/libresolv-2.23.so
9d3d7000-9d3d8000 ---p 00014000 00:26 264684                             /lib/i386-linux-gnu/libresolv-2.23.so
9d3d8000-9d3da000 rw-p 00014000 00:26 264684                             /lib/i386-linux-gnu/libresolv-2.23.so
9d3da000-9d3dc000 rw-p 00000000 00:00 0 
9d3dc000-9d3fe000 r-xp 00000000 00:26 286004                             /lib/i386-linux-gnu/libselinux.so.1
9d3fe000-9d3ff000 ---p 00022000 00:26 286004                             /lib/i386-linux-gnu/libselinux.so.1
9d3ff000-9d401000 rw-p 00022000 00:26 286004                             /lib/i386-linux-gnu/libselinux.so.1
9d401000-9d402000 rw-p 00000000 00:00 0 
9d402000-9d41b000 r-xp 00000000 00:26 286125                             /lib/i386-linux-gnu/libz.so.1.2.8
9d41b000-9d41d000 rw-p 00018000 00:26 286125                             /lib/i386-linux-gnu/libz.so.1.2.8
9d41d000-9d430000 r-xp 00000000 00:26 286041                             /usr/lib/i386-linux-gnu/libXext.so.6.4.0
9d430000-9d432000 rw-p 00012000 00:26 286041                             /usr/lib/i386-linux-gnu/libXext.so.6.4.0
9d432000-9d434000 r-xp 00000000 00:26 286075                             /usr/lib/i386-linux-gnu/libXdamage.so.1.1.0
9d434000-9d436000 rw-p 00001000 00:26 286075                             /usr/lib/i386-linux-gnu/libXdamage.so.1.1.0
9d436000-9d440000 r-xp 00000000 00:26 288448                             /usr/lib/i386-linux-gnu/libXcursor.so.1.0.2
9d440000-9d442000 rw-p 00009000 00:26 288448                             /usr/lib/i386-linux-gnu/libXcursor.so.1.0.2
9d442000-9d44d000 r-xp 00000000 00:26 288607                             /usr/lib/i386-linux-gnu/libXrandr.so.2.2.0
9d44d000-9d44f000 rw-p 0000a000 00:26 288607                             /usr/lib/i386-linux-gnu/libXrandr.so.2.2.0
9d44f000-9d595000 r-xp 00000000 00:26 286037                             /usr/lib/i386-linux-gnu/libX11.so.6.3.0
9d595000-9d596000 ---p 00146000 00:26 286037                             /usr/lib/i386-linux-gnu/libX11.so.6.3.0
9d596000-9d599000 rw-p 00146000 00:26 286037                             /usr/lib/i386-linux-gnu/libX11.so.6.3.0
9d599000-9d59a000 rw-p 00000000 00:00 0 
9d59a000-9d5b6000 r-xp 00000000 00:26 264675                             /lib/i386-linux-gnu/libgcc_s.so.1
9d5b6000-9d5b7000 rw-p 0001b000 00:26 264675                             /lib/i386-linux-gnu/libgcc_s.so.1
9d5b7000-9d724000 r-xp 00000000 00:26 391363                             /usr/lib32/libstdc++.so.6.0.21
9d724000-9d725000 ---p 0016d000 00:26 391363                             /usr/lib32/libstdc++.so.6.0.21
9d725000-9d72b000 rw-p 0016d000 00:26 391363                             /usr/lib32/libstdc++.so.6.0.21
9d72b000-9d72e000 rw-p 00000000 00:00 0 
9d72e000-9d855000 r-xp 00000000 00:26 286195                             /lib/i386-linux-gnu/libglib-2.0.so.0.4800.2
9d855000-9d857000 rw-p 00126000 00:26 286195                             /lib/i386-linux-gnu/libglib-2.0.so.0.4800.2
9d857000-9d8b3000 r-xp 00000000 00:26 286206                             /usr/lib/i386-linux-gnu/libgobject-2.0.so.0.4800.2
9d8b3000-9d8b4000 ---p 0005c000 00:26 286206                             /usr/lib/i386-linux-gnu/libgobject-2.0.so.0.4800.2
9d8b4000-9d8b6000 rw-p 0005c000 00:26 286206                             /usr/lib/i386-linux-gnu/libgobject-2.0.so.0.4800.2
9d8b6000-9d8f8000 r-xp 00000000 00:26 286260                             /usr/lib/i386-linux-gnu/libfontconfig.so.1.9.0
9d8f8000-9d8f9000 ---p 00042000 00:26 286260                             /usr/lib/i386-linux-gnu/libfontconfig.so.1.9.0
9d8f9000-9d8ff000 rw-p 00042000 00:26 286260                             /usr/lib/i386-linux-gnu/libfontconfig.so.1.9.0
9d8ff000-9d9aa000 r-xp 00000000 00:26 286258                             /usr/lib/i386-linux-gnu/libfreetype.so.6.12.1
9d9aa000-9d9af000 rw-p 000aa000 00:26 286258                             /usr/lib/i386-linux-gnu/libfreetype.so.6.12.1
9d9af000-9d9fd000 r-xp 00000000 00:26 287386                             /usr/lib/i386-linux-gnu/libpango-1.0.so.0.3800.1
9d9fd000-9d9fe000 ---p 0004e000 00:26 287386                             /usr/lib/i386-linux-gnu/libpango-1.0.so.0.3800.1
9d9fe000-9da00000 rw-p 0004e000 00:26 287386                             /usr/lib/i386-linux-gnu/libpango-1.0.so.0.3800.1
9da00000-9db3d000 r-xp 00000000 00:26 286285                             /usr/lib/i386-linux-gnu/libcairo.so.2.11400.6
9db3d000-9db40000 rw-p 0013c000 00:26 286285                             /usr/lib/i386-linux-gnu/libcairo.so.2.11400.6
9db40000-9db41000 rw-p 00000000 00:00 0 
9db41000-9dd05000 r-xp 00000000 00:26 286207                             /usr/lib/i386-linux-gnu/libgio-2.0.so.0.4800.2
9dd05000-9dd06000 ---p 001c4000 00:26 286207                             /usr/lib/i386-linux-gnu/libgio-2.0.so.0.4800.2
9dd06000-9dd09000 rw-p 001c4000 00:26 286207                             /usr/lib/i386-linux-gnu/libgio-2.0.so.0.4800.2
9dd09000-9dd0a000 rw-p 00000000 00:00 0 
9dd0a000-9e1f7000 r-xp 00000000 00:26 288611                             /usr/lib/i386-linux-gnu/libgtk-x11-2.0.so.0.2400.30
9e1f7000-9e1f8000 ---p 004ed000 00:26 288611                             /usr/lib/i386-linux-gnu/libgtk-x11-2.0.so.0.2400.30
9e1f8000-9e1fe000 rw-p 004ed000 00:26 288611                             /usr/lib/i386-linux-gnu/libgtk-x11-2.0.so.0.2400.30
9e1fe000-9e200000 rw-p 00000000 00:00 0 
9e200000-9e221000 rw-p 00000000 00:00 0 
9e221000-9e300000 ---p 00000000 00:00 0 
9e300000-9e302000 r-xp 00000000 00:26 286052                             /usr/lib/i386-linux-gnu/libXcomposite.so.1.0.0
9e302000-9e304000 rw-p 00001000 00:26 286052                             /usr/lib/i386-linux-gnu/libXcomposite.so.1.0.0
9e304000-9e315000 r-xp 00000000 00:26 288508                             /usr/lib/i386-linux-gnu/libXi.so.6.1.0
9e315000-9e317000 rw-p 00010000 00:26 288508                             /usr/lib/i386-linux-gnu/libXi.so.6.1.0
9e317000-9e33e000 r-xp 00000000 00:26 286619                             /usr/lib/i386-linux-gnu/libgdk_pixbuf-2.0.so.0.3200.2
9e33e000-9e340000 rw-p 00026000 00:26 286619                             /usr/lib/i386-linux-gnu/libgdk_pixbuf-2.0.so.0.3200.2
9e340000-9e3fd000 r-xp 00000000 00:26 288610                             /usr/lib/i386-linux-gnu/libgdk-x11-2.0.so.0.2400.30
9e3fd000-9e400000 rw-p 000bc000 00:26 288610                             /usr/lib/i386-linux-gnu/libgdk-x11-2.0.so.0.2400.30
9e400000-9e438000 rw-p 00000000 00:00 0 
9e438000-9e500000 ---p 00000000 00:00 0 
9e501000-9e50b000 r-xp 00000000 00:26 286279                             /usr/lib/i386-linux-gnu/libXrender.so.1.3.0
9e50b000-9e50d000 rw-p 00009000 00:26 286279                             /usr/lib/i386-linux-gnu/libXrender.so.1.3.0
9e50d000-9e512000 r-xp 00000000 00:26 286089                             /usr/lib/i386-linux-gnu/libXfixes.so.3.1.0
9e512000-9e514000 rw-p 00004000 00:26 286089                             /usr/lib/i386-linux-gnu/libXfixes.so.3.1.0
9e514000-9e52a000 r-xp 00000000 00:26 287641                             /usr/lib/i386-linux-gnu/libpangoft2-1.0.so.0.3800.1
9e52a000-9e52c000 rw-p 00015000 00:26 287641                             /usr/lib/i386-linux-gnu/libpangoft2-1.0.so.0.3800.1
9e52c000-9e550000 r-xp 00000000 00:26 286251                             /usr/lib/i386-linux-gnu/libatk-1.0.so.0.21809.1
9e550000-9e553000 rw-p 00023000 00:26 286251                             /usr/lib/i386-linux-gnu/libatk-1.0.so.0.21809.1
9e553000-9e556000 ---p 00000000 00:00 0 
9e556000-9e5a4000 rw-p 00000000 00:00 0 
9e5a4000-9e639000 r--s 0110b000 00:26 232344                             /etc/java/jdk1.8.0_171/jre/lib/ext/jfxrt.jar
9e639000-9e63a000 ---p 00000000 00:00 0 
9e63a000-9e6ba000 rw-p 00000000 00:00 0 
9e6ba000-9e6bd000 ---p 00000000 00:00 0 
9e6bd000-9e70b000 rw-p 00000000 00:00 0 
9e70b000-9e70e000 ---p 00000000 00:00 0 
9e70e000-9e78c000 rw-p 00000000 00:00 0 
9e78c000-9e78f000 ---p 00000000 00:00 0 
9e78f000-9e80d000 rw-p 00000000 00:00 0 
9e80d000-9e810000 ---p 00000000 00:00 0 
9e810000-9e85e000 rw-p 00000000 00:00 0 
9e85e000-9e861000 ---p 00000000 00:00 0 
9e861000-9e8af000 rw-p 00000000 00:00 0 
9e8af000-9e8b2000 ---p 00000000 00:00 0 
9e8b2000-9e900000 rw-p 00000000 00:00 0 
9e900000-9ea00000 rw-p 00000000 00:00 0 
9ea02000-9ea03000 ---p 00000000 00:00 0 
9ea03000-9ead2000 rw-p 00000000 00:00 0 
9ead2000-9ecac000 r--s 03d68000 00:26 206521                             /etc/java/jdk1.8.0_171/jre/lib/rt.jar
9ecac000-9f012000 rw-p 00000000 00:00 0 
9f012000-9f0f8000 ---p 00000000 00:00 0 
9f0f8000-a1300000 rw-p 00000000 00:00 0 
a1300000-a1400000 rw-p 00000000 00:00 0 
a1403000-a140f000 r-xp 00000000 00:26 288174                             /usr/lib/i386-linux-gnu/libpangocairo-1.0.so.0.3800.1
a140f000-a1411000 rw-p 0000b000 00:26 288174                             /usr/lib/i386-linux-gnu/libpangocairo-1.0.so.0.3800.1
a1411000-a1424000 r--p 00000000 00:26 141885                             /etc/ld.so.cache
a1424000-a147f000 rw-p 00000000 00:00 0 
a147f000-a1480000 ---p 00000000 00:00 0 
a1480000-a1500000 rw-p 00000000 00:00 0 
a1500000-a1521000 rw-p 00000000 00:00 0 
a1521000-a1600000 ---p 00000000 00:00 0 
a1600000-a1605000 r-xp 00000000 00:26 286098                             /usr/lib/i386-linux-gnu/libXtst.so.6.1.0
a1605000-a1607000 rw-p 00004000 00:26 286098                             /usr/lib/i386-linux-gnu/libXtst.so.6.1.0
a1607000-a1616000 r-xp 00000000 00:26 232213                             /etc/java/jdk1.8.0_171/jre/lib/i386/libprism_sw.so
a1616000-a1617000 rw-p 0000f000 00:26 232213                             /etc/java/jdk1.8.0_171/jre/lib/i386/libprism_sw.so
a1617000-a162c000 r-xp 00000000 00:26 232320                             /etc/java/jdk1.8.0_171/jre/lib/i386/libnet.so
a162c000-a162d000 rw-p 00014000 00:26 232320                             /etc/java/jdk1.8.0_171/jre/lib/i386/libnet.so
a162d000-a1640000 r--s 00345000 00:26 176989                             /etc/java/jdk1.8.0_171/jre/lib/resources.jar
a1640000-a1657000 rw-p 00000000 00:00 0 
a1657000-a1658000 ---p 00000000 00:00 0 
a1658000-a16ed000 rw-p 00000000 00:00 0 
a16ed000-a181b000 ---p 00000000 00:00 0 
a181b000-a1830000 rw-p 00000000 00:00 0 
a1830000-a195d000 ---p 00000000 00:00 0 
a195d000-a1968000 rw-p 00000000 00:00 0 
a1968000-a19ff000 ---p 00000000 00:00 0 
a19ff000-a4380000 rw-p 00000000 00:00 0 
a4380000-c9f80000 ---p 00000000 00:00 0 
c9f80000-cb400000 rw-p 00000000 00:00 0 
cb400000-de200000 ---p 00000000 00:00 0 
de202000-de211000 r-xp 00000000 00:26 232241                             /etc/java/jdk1.8.0_171/jre/lib/i386/libnio.so
de211000-de212000 rw-p 0000e000 00:26 232241                             /etc/java/jdk1.8.0_171/jre/lib/i386/libnio.so
de212000-de21b000 rw-p 00000000 00:00 0 
de21b000-de5d2000 ---p 00000000 00:00 0 
de5d2000-de812000 rwxp 00000000 00:00 0 
de812000-ed5d2000 ---p 00000000 00:00 0 
ed5d2000-ed5ec000 r-xp 00000000 00:26 232322                             /etc/java/jdk1.8.0_171/jre/lib/i386/libzip.so
ed5ec000-ed5ed000 rw-p 00019000 00:26 232322                             /etc/java/jdk1.8.0_171/jre/lib/i386/libzip.so
ed5ed000-ed5f8000 r-xp 00000000 00:26 264693                             /lib/i386-linux-gnu/libnss_files-2.23.so
ed5f8000-ed5f9000 r--p 0000a000 00:26 264693                             /lib/i386-linux-gnu/libnss_files-2.23.so
ed5f9000-ed5fa000 rw-p 0000b000 00:26 264693                             /lib/i386-linux-gnu/libnss_files-2.23.so
ed5fa000-ed600000 rw-p 00000000 00:00 0 
ed600000-ed6fa000 rw-p 00000000 00:00 0 
ed6fa000-ed700000 ---p 00000000 00:00 0 
ed700000-ed702000 r-xp 00000000 00:26 286095                             /usr/lib/i386-linux-gnu/libXinerama.so.1.0.0
ed702000-ed704000 rw-p 00001000 00:26 286095                             /usr/lib/i386-linux-gnu/libXinerama.so.1.0.0
ed704000-ed707000 r-xp 00000000 00:26 286197                             /usr/lib/i386-linux-gnu/libgmodule-2.0.so.0.4800.2
ed707000-ed709000 rw-p 00002000 00:26 286197                             /usr/lib/i386-linux-gnu/libgmodule-2.0.so.0.4800.2
ed709000-ed70e000 r--s 00084000 00:26 168530                             /etc/java/jdk1.8.0_171/jre/lib/jfr.jar
ed70e000-ed719000 r-xp 00000000 00:26 264696                             /lib/i386-linux-gnu/libnss_nis-2.23.so
ed719000-ed71a000 r--p 0000a000 00:26 264696                             /lib/i386-linux-gnu/libnss_nis-2.23.so
ed71a000-ed71b000 rw-p 0000b000 00:26 264696                             /lib/i386-linux-gnu/libnss_nis-2.23.so
ed71b000-ed732000 r-xp 00000000 00:26 264677                             /lib/i386-linux-gnu/libnsl-2.23.so
ed732000-ed733000 r--p 00016000 00:26 264677                             /lib/i386-linux-gnu/libnsl-2.23.so
ed733000-ed734000 rw-p 00017000 00:26 264677                             /lib/i386-linux-gnu/libnsl-2.23.so
ed734000-ed736000 rw-p 00000000 00:00 0 
ed736000-ed73e000 r-xp 00000000 00:26 264688                             /lib/i386-linux-gnu/libnss_compat-2.23.so
ed73e000-ed73f000 r--p 00007000 00:26 264688                             /lib/i386-linux-gnu/libnss_compat-2.23.so
ed73f000-ed740000 rw-p 00008000 00:26 264688                             /lib/i386-linux-gnu/libnss_compat-2.23.so
ed740000-ed741000 r-xp 00000000 00:26 286199                             /usr/lib/i386-linux-gnu/libgthread-2.0.so.0.4800.2
ed741000-ed743000 rw-p 00000000 00:26 286199                             /usr/lib/i386-linux-gnu/libgthread-2.0.so.0.4800.2
ed743000-ed748000 r--s 002f9000 00:26 168551                             /etc/java/jdk1.8.0_171/jre/lib/charsets.jar
ed748000-ed74b000 r--s 0001a000 00:26 168536                             /etc/java/jdk1.8.0_171/jre/lib/jce.jar
ed74b000-ed753000 rw-s 00000000 00:13 4088996                            /tmp/hsperfdata_gpschmitt/20673
ed753000-ed777000 r-xp 00000000 00:26 232315                             /etc/java/jdk1.8.0_171/jre/lib/i386/libjava.so
ed777000-ed778000 rw-p 00024000 00:26 232315                             /etc/java/jdk1.8.0_171/jre/lib/i386/libjava.so
ed778000-ed77f000 r-xp 00000000 00:26 264697                             /lib/i386-linux-gnu/librt-2.23.so
ed77f000-ed780000 r--p 00006000 00:26 264697                             /lib/i386-linux-gnu/librt-2.23.so
ed780000-ed781000 rw-p 00007000 00:26 264697                             /lib/i386-linux-gnu/librt-2.23.so
ed781000-ed784000 ---p 00000000 00:00 0 
ed784000-ed7d2000 rw-p 00000000 00:00 0 
ed7d2000-ed825000 r-xp 00000000 00:26 264676                             /lib/i386-linux-gnu/libm-2.23.so
ed825000-ed826000 r--p 00052000 00:26 264676                             /lib/i386-linux-gnu/libm-2.23.so
ed826000-ed827000 rw-p 00053000 00:26 264676                             /lib/i386-linux-gnu/libm-2.23.so
ed827000-ee1bc000 r-xp 00000000 00:26 232329                             /etc/java/jdk1.8.0_171/jre/lib/i386/server/libjvm.so
ee1bc000-ee22a000 rw-p 00995000 00:26 232329                             /etc/java/jdk1.8.0_171/jre/lib/i386/server/libjvm.so
ee22a000-ee654000 rw-p 00000000 00:00 0 
ee654000-ee804000 r-xp 00000000 00:26 264680                             /lib/i386-linux-gnu/libc-2.23.so
ee804000-ee806000 r--p 001af000 00:26 264680                             /lib/i386-linux-gnu/libc-2.23.so
ee806000-ee807000 rw-p 001b1000 00:26 264680                             /lib/i386-linux-gnu/libc-2.23.so
ee807000-ee80a000 rw-p 00000000 00:00 0 
ee80a000-ee80d000 r-xp 00000000 00:26 264682                             /lib/i386-linux-gnu/libdl-2.23.so
ee80d000-ee80e000 r--p 00002000 00:26 264682                             /lib/i386-linux-gnu/libdl-2.23.so
ee80e000-ee80f000 rw-p 00003000 00:26 264682                             /lib/i386-linux-gnu/libdl-2.23.so
ee80f000-ee824000 r-xp 00000000 00:26 166895                             /etc/java/jdk1.8.0_171/lib/i386/jli/libjli.so
ee824000-ee825000 rw-p 00014000 00:26 166895                             /etc/java/jdk1.8.0_171/lib/i386/jli/libjli.so
ee825000-ee83e000 r-xp 00000000 00:26 264679                             /lib/i386-linux-gnu/libpthread-2.23.so
ee83e000-ee83f000 r--p 00018000 00:26 264679                             /lib/i386-linux-gnu/libpthread-2.23.so
ee83f000-ee840000 rw-p 00019000 00:26 264679                             /lib/i386-linux-gnu/libpthread-2.23.so
ee840000-ee842000 rw-p 00000000 00:00 0 
ee842000-ee847000 r--s 0009d000 00:26 206752                             /etc/java/jdk1.8.0_171/jre/lib/jsse.jar
ee847000-ee848000 rw-p 00000000 00:00 0 
ee848000-ee849000 r--p 00000000 00:00 0 
ee849000-ee854000 r-xp 00000000 00:26 232223                             /etc/java/jdk1.8.0_171/jre/lib/i386/libverify.so
ee854000-ee855000 rw-p 0000b000 00:26 232223                             /etc/java/jdk1.8.0_171/jre/lib/i386/libverify.so
ee855000-ee856000 rw-p 00000000 00:00 0 
ee856000-ee859000 r--p 00000000 00:00 0                                  [vvar]
ee859000-ee85a000 r-xp 00000000 00:00 0                                  [vdso]
ee85a000-ee87d000 r-xp 00000000 00:26 264678                             /lib/i386-linux-gnu/ld-2.23.so
ee87d000-ee87e000 r--p 00022000 00:26 264678                             /lib/i386-linux-gnu/ld-2.23.so
ee87e000-ee87f000 rw-p 00023000 00:26 264678                             /lib/i386-linux-gnu/ld-2.23.so
ffb98000-ffbba000 rw-p 00000000 00:00 0                                  [stack]

VM Arguments:
jvm_args: -Dfile.encoding=ANSI_X3.4-1968 
java_command: com.toozo.asterium.asteriumgameboard.AsteriumGameBoard
java_class_path (initial): /etc/java/jdk1.8.0_171/jre/lib/resources.jar:/etc/java/jdk1.8.0_171/jre/lib/rt.jar:/etc/java/jdk1.8.0_171/jre/lib/jsse.jar:/etc/java/jdk1.8.0_171/jre/lib/jce.jar:/etc/java/jdk1.8.0_171/jre/lib/charsets.jar:/etc/java/jdk1.8.0_171/jre/lib/jfr.jar:/etc/java/jdk1.8.0_171/jre/lib/ext/jfxrt.jar:/etc/java/jdk1.8.0_171/jre/lib/ext/zipfs.jar:/etc/java/jdk1.8.0_171/jre/lib/ext/sunjce_provider.jar:/etc/java/jdk1.8.0_171/jre/lib/ext/sunpkcs11.jar:/etc/java/jdk1.8.0_171/jre/lib/ext/cldrdata.jar:/etc/java/jdk1.8.0_171/jre/lib/ext/nashorn.jar:/etc/java/jdk1.8.0_171/jre/lib/ext/dnsns.jar:/etc/java/jdk1.8.0_171/jre/lib/ext/sunec.jar:/etc/java/jdk1.8.0_171/jre/lib/ext/localedata.jar:/etc/java/jdk1.8.0_171/jre/lib/ext/jaccess.jar:/home/gpschmitt/git/asterium2/AsteriumGameBoard/target/classes:/home/gpschmitt/git/asterium2/AsteriumParser/target/classes:/home/gpschmitt/.m2/repository/org/json/json/20180130/json-20180130.jar:/home/gpschmitt/git/asterium2/AsteriumClientConnector/target/classes:/etc/apache-tomcat-9.0.8/lib/catalina-ha.jar:/etc/apache-tomcat-9.0.8/lib/catalina-storeconfig.jar:/etc/apache-tomcat-9.0.8/lib/catalina-ant.jar:/etc/apache-tomcat-9.0.8/lib/tomcat-i18n-ja.jar:/etc/apache-tomcat-9.0.8/lib/tomcat-i18n-fr.jar:/etc/apache-tomcat-9.0.8/lib/jasper.jar:/etc/apache-tomcat-9.0.8/lib/tomcat-jdbc.jar:/etc/apache-tomcat-9.0.8/lib/annotations-api.jar:/etc/apache-tomcat-9.0.8/lib/tomcat-api.jar:/etc/apache-tomcat-9.0.8/lib/jaspic-api.jar:/etc/apache-tomcat-9.0.8/lib/jasper-el.jar:/etc/apache-tomcat-9.0.8/lib/tomcat-websocket.jar:/etc/apache-tomcat-9.0.8/lib/tomcat-i18n-es.jar:/etc/apache-tomcat-9.0.8/lib/jsp-api.jar:/etc/apache-tomcat-9.0.8/lib/catalina.jar:/etc/apache-tomcat-9.0.8/lib/catalina-tribes.jar:/etc/apache-tomcat-9.0.8/lib/tomcat-jni.jar:/etc/apache-tomcat-9.0.8/lib/tomcat-dbcp.jar:/etc/apache-tomcat-9.0.8/lib/tomcat-coyote.jar:/etc/apache-tomcat-9.0.8/lib/tomcat-util-scan.jar:/etc/apache-tomcat-9.0.8/lib/el-api.jar:/etc/apache-tomcat-9.0.8
Launcher Type: SUN_STANDARD

Environment Variables:
PATH=/home/gpschmitt/bin:/home/gpschmitt/.local/bin:/usr/local/bin:/usr/bin:/bin:/usr/local/games:/usr/games
SHELL=/bin/bash
DISPLAY=:1.0

Signal Handlers:
SIGSEGV: [libjvm.so+0x8dfe10], sa_mask[0]=11111111011111111101111111111110, sa_flags=SA_RESTART|SA_SIGINFO
SIGBUS: [libjvm.so+0x8dfe10], sa_mask[0]=11111111011111111101111111111110, sa_flags=SA_RESTART|SA_SIGINFO
SIGFPE: [libjvm.so+0x75c270], sa_mask[0]=11111111011111111101111111111110, sa_flags=SA_RESTART|SA_SIGINFO
SIGPIPE: [libjvm.so+0x75c270], sa_mask[0]=11111111011111111101111111111110, sa_flags=SA_RESTART|SA_SIGINFO
SIGXFSZ: [libjvm.so+0x75c270], sa_mask[0]=11111111011111111101111111111110, sa_flags=SA_RESTART|SA_SIGINFO
SIGILL: [libjvm.so+0x75c270], sa_mask[0]=11111111011111111101111111111110, sa_flags=SA_RESTART|SA_SIGINFO
SIGUSR1: SIG_DFL, sa_mask[0]=00000000000000000000000000000000, sa_flags=none
SIGUSR2: [libjvm.so+0x75db50], sa_mask[0]=00100000000000000000000000000000, sa_flags=SA_RESTART|SA_SIGINFO
SIGHUP: [libjvm.so+0x75f000], sa_mask[0]=11111111011111111101111111111110, sa_flags=SA_RESTART|SA_SIGINFO
SIGINT: [libjvm.so+0x75f000], sa_mask[0]=11111111011111111101111111111110, sa_flags=SA_RESTART|SA_SIGINFO
SIGTERM: [libjvm.so+0x75f000], sa_mask[0]=11111111011111111101111111111110, sa_flags=SA_RESTART|SA_SIGINFO
SIGQUIT: [libjvm.so+0x75f000], sa_mask[0]=11111111011111111101111111111110, sa_flags=SA_RESTART|SA_SIGINFO


---------------  S Y S T E M  ---------------

OS:DISTRIB_ID=Ubuntu
DISTRIB_RELEASE=16.04
DISTRIB_CODENAME=xenial
DISTRIB_DESCRIPTION="Ubuntu 16.04.3 LTS"

uname:Linux 4.4.118-13211-geca7e0a1e0d8 #1 SMP PREEMPT Tue Apr 24 23:40:20 PDT 2018 x86_64
libc:glibc 2.23 NPTL 2.23 
rlimit: STACK 8192k, CORE 0k, NPROC 15450, NOFILE 4096, AS infinity
load average:3.66 2.43 1.81

/proc/meminfo:
MemTotal:        3957832 kB
MemFree:          223988 kB
MemAvailable:     630904 kB
Buffers:           51304 kB
Cached:           845508 kB
SwapCached:        71684 kB
Active:          2158816 kB
Inactive:        1027396 kB
Active(anon):    1807408 kB
Inactive(anon):   680336 kB
Active(file):     351408 kB
Inactive(file):   347060 kB
Unevictable:       34020 kB
Mlocked:           56436 kB
SwapTotal:       5797604 kB
SwapFree:        5138712 kB
Dirty:             35240 kB
Writeback:             0 kB
AnonPages:       2322028 kB
Mapped:           279536 kB
Shmem:            198344 kB
Slab:             183452 kB
SReclaimable:      92672 kB
SUnreclaim:        90780 kB
KernelStack:       12144 kB
PageTables:        37600 kB
NFS_Unstable:          0 kB
Bounce:                0 kB
WritebackTmp:          0 kB
CommitLimit:     7776520 kB
Committed_AS:    8618588 kB
VmallocTotal:   34359738367 kB
VmallocUsed:           0 kB
VmallocChunk:          0 kB
AnonHugePages:     18432 kB
DirectMap4k:      806328 kB
DirectMap2M:     3303424 kB


CPU:total 2 (initial active 2) (2 cores per cpu, 1 threads per core) family 6 model 55 stepping 8, cmov, cx8, fxsr, mmx, sse, sse2, sse3, ssse3, sse4.1, sse4.2, popcnt, clmul, erms, 3dnowpref, tsc, tscinvbit

/proc/cpuinfo:
processor	: 0
vendor_id	: GenuineIntel
cpu family	: 6
model		: 55
model name	: Intel(R) Celeron(R) CPU  N2840  @ 2.16GHz
stepping	: 8
microcode	: 0x829
cpu MHz		: 2582.970
cache size	: 1024 KB
physical id	: 0
siblings	: 2
core id		: 0
cpu cores	: 2
apicid		: 0
initial apicid	: 0
fpu		: yes
fpu_exception	: yes
cpuid level	: 11
wp		: yes
flags		: fpu vme de pse tsc msr pae mce cx8 apic sep mtrr pge mca cmov pat pse36 clflush dts acpi mmx fxsr sse sse2 ss ht tm pbe syscall nx rdtscp lm constant_tsc arch_perfmon pebs bts rep_good nopl xtopology nonstop_tsc aperfmperf pni pclmulqdq dtes64 monitor ds_cpl est tm2 ssse3 cx16 xtpr pdcm sse4_1 sse4_2 movbe popcnt tsc_deadline_timer rdrand lahf_lm 3dnowprefetch ida arat epb dtherm retpoline kaiser tpr_shadow vnmi flexpriority ept vpid tsc_adjust smep erms
bugs		: cpu_meltdown spectre_v1 spectre_v2
bogomips	: 4326.40
clflush size	: 64
cache_alignment	: 64
address sizes	: 36 bits physical, 48 bits virtual
power management:

processor	: 1
vendor_id	: GenuineIntel
cpu family	: 6
model		: 55
model name	: Intel(R) Celeron(R) CPU  N2840  @ 2.16GHz
stepping	: 8
microcode	: 0x829
cpu MHz		: 2582.293
cache size	: 1024 KB
physical id	: 0
siblings	: 2
core id		: 1
cpu cores	: 2
apicid		: 2
initial apicid	: 2
fpu		: yes
fpu_exception	: yes
cpuid level	: 11
wp		: yes
flags		: fpu vme de pse tsc msr pae mce cx8 apic sep mtrr pge mca cmov pat pse36 clflush dts acpi mmx fxsr sse sse2 ss ht tm pbe syscall nx rdtscp lm constant_tsc arch_perfmon pebs bts rep_good nopl xtopology nonstop_tsc aperfmperf pni pclmulqdq dtes64 monitor ds_cpl est tm2 ssse3 cx16 xtpr pdcm sse4_1 sse4_2 movbe popcnt tsc_deadline_timer rdrand lahf_lm 3dnowprefetch ida arat epb dtherm retpoline kaiser tsc_adjust smep erms
bugs		: cpu_meltdown spectre_v1 spectre_v2
bogomips	: 4326.40
clflush size	: 64
cache_alignment	: 64
address sizes	: 36 bits physical, 48 bits virtual
power management:



Memory: 4k page, physical 3957832k(223864k free), swap 5797604k(5138712k free)

vm_info: Java HotSpot(TM) Server VM (25.171-b11) for linux-x86 JRE (1.8.0_171-b11), built on Mar 28 2018 12:00:40 by "java_re" with gcc 4.3.0 20080428 (Red Hat 4.3.0-8)

time: Fri May 25 15:25:45 2018
elapsed time: 0 seconds (0d 0h 0m 0s)

