#
# A fatal error has been detected by the Java Runtime Environment:
#
#  SIGSEGV (0xb) at pc=0xecb8d010, pid=20192, tid=0x9c8f4b40
#
# JRE version: Java(TM) SE Runtime Environment (8.0_171-b11) (build 1.8.0_171-b11)
# Java VM: Java HotSpot(TM) Server VM (25.171-b11 mixed mode linux-x86 )
# Problematic frame:
# C  [ld-linux.so.2+0x9010]
#
# Failed to write core dump. Core dumps have been disabled. To enable core dumping, try "ulimit -c unlimited" before starting Java again
#
# If you would like to submit a bug report, please visit:
#   http://bugreport.java.com/bugreport/crash.jsp
# The crash happened outside the Java Virtual Machine in native code.
# See problematic frame for where to report the bug.
#

---------------  T H R E A D  ---------------

Current thread (0x9f6ed400):  JavaThread "QuantumRenderer-0" daemon [_thread_in_native, id=20282, stack(0x9c8a4000,0x9c8f5000)]

siginfo: si_signo: 11 (SIGSEGV), si_code: 1 (SEGV_MAPERR), si_addr: 0x00000000

Registers:
EAX=0xecb9e9f3, EBX=0xecba8000, ECX=0x9c8f1fb8, EDX=0x85f4d995
ESP=0x9c8f1ee0, EBP=0x00000000, ESI=0x00000000, EDI=0x00000000
EIP=0xecb8d010, EFLAGS=0x00010207, CR2=0x00000000

Top of Stack: (sp=0x9c8f1ee0)
0x9c8f1ee0:   00000000 00000000 ecba8000 9b5cd6c0
0x9c8f1ef0:   85f4d995 ebafd688 00000326 ebaff1b8
0x9c8f1f00:   9c8f1f2c 042fa6cc ecba0ac4 9c8f1fb8
0x9c8f1f10:   ecb9e9f3 093b0360 9c8f1ef0 ecb91178
0x9c8f1f20:   ecb90f60 9c8f2168 00000000 00000000
0x9c8f1f30:   00000001 0940ace0 ecb8cfc9 00000000
0x9c8f1f40:   09432bbc 9c8f1fc0 9c8f2008 ecb8db4b
0x9c8f1f50:   9b5cd2d4 9c8f1fc0 0940b40c 00000000 

Instructions: (pc=0xecb8d010)
0xecb8cff0:   d0 89 3c 24 c1 e8 05 89 44 24 24 8d 83 c4 8a ff
0xecb8d000:   ff 89 44 24 28 8d 83 f3 69 ff ff 89 44 24 30 90
0xecb8d010:   8b 44 b5 00 8b 78 14 3b bc 24 88 00 00 00 0f 84
0xecb8d020:   e4 00 00 00 8b 84 24 8c 00 00 00 83 e0 02 89 44 

Register to memory mapping:

EAX=0xecb9e9f3: <offset 0x1a9f3> in /lib/ld-linux.so.2 at 0xecb84000
EBX=0xecba8000: <offset 0x24000> in /lib/ld-linux.so.2 at 0xecb84000
ECX=0x9c8f1fb8 is pointing into the stack for thread: 0x9f6ed400
EDX=0x85f4d995 is an unknown value
ESP=0x9c8f1ee0 is pointing into the stack for thread: 0x9f6ed400
EBP=0x00000000 is an unknown value
ESI=0x00000000 is an unknown value
EDI=0x00000000 is an unknown value


Stack: [0x9c8a4000,0x9c8f5000],  sp=0x9c8f1ee0,  free space=311k
Native frames: (J=compiled Java code, j=interpreted, Vv=VM code, C=native code)
C  [ld-linux.so.2+0x9010]

Java frames: (J=compiled Java code, j=interpreted, Vv=VM code)
j  java.lang.ClassLoader$NativeLibrary.load(Ljava/lang/String;Z)V+0
j  java.lang.ClassLoader.loadLibrary0(Ljava/lang/Class;Ljava/io/File;)Z+328
j  java.lang.ClassLoader.loadLibrary(Ljava/lang/Class;Ljava/lang/String;Z)V+48
j  java.lang.Runtime.load0(Ljava/lang/Class;Ljava/lang/String;)V+57
j  java.lang.System.load(Ljava/lang/String;)V+7
j  com.sun.glass.utils.NativeLibLoader.loadLibraryFullPath(Ljava/lang/String;)V+342
j  com.sun.glass.utils.NativeLibLoader.loadLibraryInternal(Ljava/lang/String;)V+1
j  com.sun.glass.utils.NativeLibLoader.loadLibrary(Ljava/lang/String;)V+11
j  com.sun.prism.sw.SWPipeline.lambda$static$473()Ljava/lang/Object;+2
j  com.sun.prism.sw.SWPipeline$$Lambda$27.run()Ljava/lang/Object;+0
v  ~StubRoutines::call_stub
j  java.security.AccessController.doPrivileged(Ljava/security/PrivilegedAction;)Ljava/lang/Object;+0
j  com.sun.prism.sw.SWPipeline.<clinit>()V+5
v  ~StubRoutines::call_stub
j  java.lang.Class.forName0(Ljava/lang/String;ZLjava/lang/ClassLoader;Ljava/lang/Class;)Ljava/lang/Class;+0
j  java.lang.Class.forName(Ljava/lang/String;)Ljava/lang/Class;+11
j  com.sun.prism.GraphicsPipeline.createPipeline()Lcom/sun/prism/GraphicsPipeline;+232
j  com.sun.javafx.tk.quantum.QuantumRenderer$PipelineRunnable.init()V+0
j  com.sun.javafx.tk.quantum.QuantumRenderer$PipelineRunnable.run()V+1
j  java.lang.Thread.run()V+11
v  ~StubRoutines::call_stub

---------------  P R O C E S S  ---------------

Java Threads: ( => current thread )
=>0x9f6ed400 JavaThread "QuantumRenderer-0" daemon [_thread_in_native, id=20282, stack(0x9c8a4000,0x9c8f5000)]
  0x9f638c00 JavaThread "Service Thread" daemon [_thread_blocked, id=20230, stack(0x9ca0b000,0x9ca5c000)]
  0x9f636c00 JavaThread "C1 CompilerThread1" daemon [_thread_blocked, id=20228, stack(0x9ca5c000,0x9cadd000)]
  0x9f634c00 JavaThread "C2 CompilerThread0" daemon [_thread_blocked, id=20227, stack(0x9cadd000,0x9cb5e000)]
  0x9f633400 JavaThread "Signal Dispatcher" daemon [_thread_blocked, id=20225, stack(0x9cb5e000,0x9cbaf000)]
  0x9f618800 JavaThread "Finalizer" daemon [_thread_blocked, id=20219, stack(0x9cbaf000,0x9cc00000)]
  0x9f615800 JavaThread "Reference Handler" daemon [_thread_blocked, id=20218, stack(0x9cc00000,0x9cc51000)]
  0xeb909400 JavaThread "main" [_thread_blocked, id=20200, stack(0xebaab000,0xebafc000)]

Other Threads:
  0x9f611000 VMThread [stack: 0x9cc51000,0x9ccd2000] [id=20215]
  0x9f63c000 WatcherThread [stack: 0x9c98a000,0x9ca0b000] [id=20232]

VM state:not at safepoint (normal execution)

VM Mutex/Monitor currently owned by a thread: None

Heap:
 PSYoungGen      total 18432K, used 4192K [0xc8180000, 0xc9600000, 0xdc400000)
  eden space 15872K, 26% used [0xc8180000,0xc85980e0,0xc9100000)
  from space 2560K, 0% used [0xc9380000,0xc9380000,0xc9600000)
  to   space 2560K, 0% used [0xc9100000,0xc9100000,0xc9380000)
 ParOldGen       total 42496K, used 0K [0x9fc00000, 0xa2580000, 0xc8180000)
  object space 42496K, 0% used [0x9fc00000,0x9fc00000,0xa2580000)
 Metaspace       used 3173K, capacity 3359K, committed 3480K, reserved 4400K

Card table byte_map: [0x9fa1b000,0x9fc00000] byte_map_base: 0x9f51d000

Marking Bits: (ParMarkBitMap*) 0xec567660
 Begin Bits: [0x9d6c0000, 0x9e5e0000)
 End Bits:   [0x9e5e0000, 0x9f500000)

Polling page: 0xecb72000

CodeCache: size=245760Kb used=1151Kb max_used=1151Kb free=244608Kb
 bounds [0xdc900000, 0xdcb40000, 0xeb900000]
 total_blobs=498 nmethods=308 adapters=105
 compilation: enabled

Compilation events (10 events):
Event: 3.355 Thread 0x9f636c00  305       3       java.net.URI$Parser::charAt (9 bytes)
Event: 3.355 Thread 0x9f636c00 nmethod 305 0xdca1ed88 code [0xdca1eec0, 0xdca1f12c]
Event: 3.355 Thread 0x9f636c00  307       3       java.net.URI::match (56 bytes)
Event: 3.356 Thread 0x9f636c00 nmethod 307 0xdca135c8 code [0xdca136e0, 0xdca13940]
Event: 3.356 Thread 0x9f636c00  306       3       java.net.URI::access$300 (7 bytes)
Event: 3.356 Thread 0x9f636c00 nmethod 306 0xdca1f288 code [0xdca1f3a0, 0xdca1f48c]
Event: 3.356 Thread 0x9f636c00  308       3       sun.nio.fs.UnixPath::checkNotNul (16 bytes)
Event: 3.357 Thread 0x9f636c00 nmethod 308 0xdca1f508 code [0xdca1f620, 0xdca1f74c]
Event: 3.401 Thread 0x9f636c00  309       3       sun.nio.cs.US_ASCII$Decoder::decode (62 bytes)
Event: 3.402 Thread 0x9f636c00 nmethod 309 0xdca1f808 code [0xdca1f940, 0xdca1fbe0]

GC Heap History (0 events):
No events

Deoptimization events (0 events):
No events

Classes redefined (0 events):
No events

Internal exceptions (10 events):
Event: 2.173 Thread 0xeb909400 Exception <a 'java/security/PrivilegedActionException'> (0xc83b84d0) thrown at [/HUDSON/workspace/8-2-build-linux-i586/jdk8u171/10807/hotspot/src/share/vm/prims/jvm.cpp, line 1435]
Event: 2.186 Thread 0xeb909400 Exception <a 'java/security/PrivilegedActionException'> (0xc83ba2b8) thrown at [/HUDSON/workspace/8-2-build-linux-i586/jdk8u171/10807/hotspot/src/share/vm/prims/jvm.cpp, line 1435]
Event: 2.186 Thread 0xeb909400 Exception <a 'java/security/PrivilegedActionException'> (0xc83ba4b8) thrown at [/HUDSON/workspace/8-2-build-linux-i586/jdk8u171/10807/hotspot/src/share/vm/prims/jvm.cpp, line 1435]
Event: 2.189 Thread 0xeb909400 Exception <a 'java/lang/NullPointerException'> (0xc83baa20) thrown at [/HUDSON/workspace/8-2-build-linux-i586/jdk8u171/10807/hotspot/src/share/vm/interpreter/linkResolver.cpp, line 1185]
Event: 3.279 Thread 0x9f6ed400 Exception <a 'java/lang/UnsatisfiedLinkError'> (0xc8564af0) thrown at [/HUDSON/workspace/8-2-build-linux-i586/jdk8u171/10807/hotspot/src/share/vm/prims/jvm.cpp, line 4028]
Event: 3.279 Thread 0x9f6ed400 Exception <a 'java/lang/UnsatisfiedLinkError'> (0xc8564af0) thrown at [/HUDSON/workspace/8-2-build-linux-i586/jdk8u171/10807/hotspot/src/share/vm/prims/jni.cpp, line 709]
Event: 3.391 Thread 0x9f6ed400 Exception <a 'java/lang/UnsatisfiedLinkError'> (0xc856be10) thrown at [/HUDSON/workspace/8-2-build-linux-i586/jdk8u171/10807/hotspot/src/share/vm/prims/jvm.cpp, line 4028]
Event: 3.391 Thread 0x9f6ed400 Exception <a 'java/lang/UnsatisfiedLinkError'> (0xc856be10) thrown at [/HUDSON/workspace/8-2-build-linux-i586/jdk8u171/10807/hotspot/src/share/vm/prims/jni.cpp, line 709]
Event: 3.391 Thread 0x9f6ed400 Exception <a 'java/lang/UnsatisfiedLinkError'> (0xc8564af0) thrown at [/HUDSON/workspace/8-2-build-linux-i586/jdk8u171/10807/hotspot/src/share/vm/prims/jvm.cpp, line 1439]
Event: 3.391 Thread 0x9f6ed400 Exception <a 'java/lang/UnsatisfiedLinkError'> (0xc8564af0) thrown at [/HUDSON/workspace/8-2-build-linux-i586/jdk8u171/10807/hotspot/src/share/vm/oops/instanceKlass.cpp, line 959]

Events (10 events):
Event: 3.334 loading class java/nio/file/attribute/PosixFileAttributes done
Event: 3.334 loading class sun/nio/fs/UnixFileAttributes done
Event: 3.335 loading class sun/nio/fs/UnixFileStoreAttributes
Event: 3.335 loading class sun/nio/fs/UnixFileStoreAttributes done
Event: 3.335 loading class sun/nio/fs/UnixMountEntry
Event: 3.335 loading class sun/nio/fs/UnixMountEntry done
Event: 3.354 loading class sun/nio/fs/UnixUriUtils
Event: 3.354 loading class sun/nio/fs/UnixUriUtils done
Event: 3.391 loading class com/sun/prism/sw/SWPipeline
Event: 3.392 loading class com/sun/prism/sw/SWPipeline done


Dynamic libraries:
08048000-08049000 r-xp 00000000 00:26 168405                             /etc/java/jdk1.8.0_171/bin/java
08049000-0804a000 rw-p 00000000 00:26 168405                             /etc/java/jdk1.8.0_171/bin/java
093af000-0944d000 rw-p 00000000 00:00 0                                  [heap]
9b590000-9b597000 r-xp 00000000 00:26 286292                             /usr/lib/i386-linux-gnu/libdatrie.so.1.3.3
9b597000-9b598000 ---p 00007000 00:26 286292                             /usr/lib/i386-linux-gnu/libdatrie.so.1.3.3
9b598000-9b599000 r--p 00007000 00:26 286292                             /usr/lib/i386-linux-gnu/libdatrie.so.1.3.3
9b599000-9b59a000 rw-p 00008000 00:26 286292                             /usr/lib/i386-linux-gnu/libdatrie.so.1.3.3
9b59a000-9b59f000 r-xp 00000000 00:26 286023                             /usr/lib/i386-linux-gnu/libXdmcp.so.6.0.0
9b59f000-9b5a0000 r--p 00004000 00:26 286023                             /usr/lib/i386-linux-gnu/libXdmcp.so.6.0.0
9b5a0000-9b5a1000 rw-p 00005000 00:26 286023                             /usr/lib/i386-linux-gnu/libXdmcp.so.6.0.0
9b5a1000-9b5a3000 r-xp 00000000 00:26 285946                             /usr/lib/i386-linux-gnu/libXau.so.6.0.0
9b5a3000-9b5a4000 r--p 00001000 00:26 285946                             /usr/lib/i386-linux-gnu/libXau.so.6.0.0
9b5a4000-9b5a5000 rw-p 00002000 00:26 285946                             /usr/lib/i386-linux-gnu/libXau.so.6.0.0
9b5a5000-9b5ca000 r-xp 00000000 00:26 286827                             /usr/lib/i386-linux-gnu/libgraphite2.so.3.0.1
9b5ca000-9b5cb000 ---p 00025000 00:26 286827                             /usr/lib/i386-linux-gnu/libgraphite2.so.3.0.1
9b5cb000-9b5cc000 r--p 00025000 00:26 286827                             /usr/lib/i386-linux-gnu/libgraphite2.so.3.0.1
9b5cc000-9b5cd000 rw-p 00026000 00:26 286827                             /usr/lib/i386-linux-gnu/libgraphite2.so.3.0.1
9b5cd000-9b640000 r-xp 00000000 00:26 286005                             /lib/i386-linux-gnu/libpcre.so.3.13.2
9b640000-9b642000 rw-p 00072000 00:26 286005                             /lib/i386-linux-gnu/libpcre.so.3.13.2
9b642000-9b649000 r-xp 00000000 00:26 286132                             /usr/lib/i386-linux-gnu/libffi.so.6.0.4
9b649000-9b64b000 rw-p 00006000 00:26 286132                             /usr/lib/i386-linux-gnu/libffi.so.6.0.4
9b64b000-9b671000 r-xp 00000000 00:26 286129                             /lib/i386-linux-gnu/libexpat.so.1.6.0
9b671000-9b672000 ---p 00026000 00:26 286129                             /lib/i386-linux-gnu/libexpat.so.1.6.0
9b672000-9b675000 rw-p 00026000 00:26 286129                             /lib/i386-linux-gnu/libexpat.so.1.6.0
9b675000-9b67e000 r-xp 00000000 00:26 286861                             /usr/lib/i386-linux-gnu/libthai.so.0.2.4
9b67e000-9b680000 rw-p 00008000 00:26 286861                             /usr/lib/i386-linux-gnu/libthai.so.0.2.4
9b680000-9b6a4000 r-xp 00000000 00:26 286029                             /usr/lib/i386-linux-gnu/libxcb.so.1.1.0
9b6a4000-9b6a6000 rw-p 00023000 00:26 286029                             /usr/lib/i386-linux-gnu/libxcb.so.1.1.0
9b6a6000-9b6af000 r-xp 00000000 00:26 286264                             /usr/lib/i386-linux-gnu/libxcb-render.so.0.0.0
9b6af000-9b6b1000 rw-p 00008000 00:26 286264                             /usr/lib/i386-linux-gnu/libxcb-render.so.0.0.0
9b6b1000-9b6b3000 r-xp 00000000 00:26 286268                             /usr/lib/i386-linux-gnu/libxcb-shm.so.0.0.0
9b6b3000-9b6b5000 rw-p 00001000 00:26 286268                             /usr/lib/i386-linux-gnu/libxcb-shm.so.0.0.0
9b6b5000-9b6de000 r-xp 00000000 00:26 286160                             /lib/i386-linux-gnu/libpng12.so.0.54.0
9b6de000-9b6e0000 rw-p 00028000 00:26 286160                             /lib/i386-linux-gnu/libpng12.so.0.54.0
9b6e0000-9b789000 r-xp 00000000 00:26 286262                             /usr/lib/i386-linux-gnu/libpixman-1.so.0.33.6
9b789000-9b790000 rw-p 000a8000 00:26 286262                             /usr/lib/i386-linux-gnu/libpixman-1.so.0.33.6
9b790000-9b7f2000 r-xp 00000000 00:26 287503                             /usr/lib/i386-linux-gnu/libharfbuzz.so.0.10000.1
9b7f2000-9b7f4000 rw-p 00061000 00:26 287503                             /usr/lib/i386-linux-gnu/libharfbuzz.so.0.10000.1
9b7f4000-9b808000 r-xp 00000000 00:26 264684                             /lib/i386-linux-gnu/libresolv-2.23.so
9b808000-9b809000 ---p 00014000 00:26 264684                             /lib/i386-linux-gnu/libresolv-2.23.so
9b809000-9b80b000 rw-p 00014000 00:26 264684                             /lib/i386-linux-gnu/libresolv-2.23.so
9b80b000-9b80d000 rw-p 00000000 00:00 0 
9b80d000-9b82f000 r-xp 00000000 00:26 286004                             /lib/i386-linux-gnu/libselinux.so.1
9b82f000-9b830000 ---p 00022000 00:26 286004                             /lib/i386-linux-gnu/libselinux.so.1
9b830000-9b832000 rw-p 00022000 00:26 286004                             /lib/i386-linux-gnu/libselinux.so.1
9b832000-9b833000 rw-p 00000000 00:00 0 
9b833000-9b84c000 r-xp 00000000 00:26 286125                             /lib/i386-linux-gnu/libz.so.1.2.8
9b84c000-9b84e000 rw-p 00018000 00:26 286125                             /lib/i386-linux-gnu/libz.so.1.2.8
9b84e000-9b861000 r-xp 00000000 00:26 286041                             /usr/lib/i386-linux-gnu/libXext.so.6.4.0
9b861000-9b863000 rw-p 00012000 00:26 286041                             /usr/lib/i386-linux-gnu/libXext.so.6.4.0
9b863000-9b86d000 r-xp 00000000 00:26 288448                             /usr/lib/i386-linux-gnu/libXcursor.so.1.0.2
9b86d000-9b86f000 rw-p 00009000 00:26 288448                             /usr/lib/i386-linux-gnu/libXcursor.so.1.0.2
9b86f000-9b87a000 r-xp 00000000 00:26 288607                             /usr/lib/i386-linux-gnu/libXrandr.so.2.2.0
9b87a000-9b87c000 rw-p 0000a000 00:26 288607                             /usr/lib/i386-linux-gnu/libXrandr.so.2.2.0
9b87c000-9b88d000 r-xp 00000000 00:26 288508                             /usr/lib/i386-linux-gnu/libXi.so.6.1.0
9b88d000-9b88f000 rw-p 00010000 00:26 288508                             /usr/lib/i386-linux-gnu/libXi.so.6.1.0
9b88f000-9b9d5000 r-xp 00000000 00:26 286037                             /usr/lib/i386-linux-gnu/libX11.so.6.3.0
9b9d5000-9b9d6000 ---p 00146000 00:26 286037                             /usr/lib/i386-linux-gnu/libX11.so.6.3.0
9b9d6000-9b9d9000 rw-p 00146000 00:26 286037                             /usr/lib/i386-linux-gnu/libX11.so.6.3.0
9b9d9000-9b9da000 rw-p 00000000 00:00 0 
9b9da000-9b9f6000 r-xp 00000000 00:26 264675                             /lib/i386-linux-gnu/libgcc_s.so.1
9b9f6000-9b9f7000 rw-p 0001b000 00:26 264675                             /lib/i386-linux-gnu/libgcc_s.so.1
9b9f7000-9bb64000 r-xp 00000000 00:26 391363                             /usr/lib32/libstdc++.so.6.0.21
9bb64000-9bb65000 ---p 0016d000 00:26 391363                             /usr/lib32/libstdc++.so.6.0.21
9bb65000-9bb6b000 rw-p 0016d000 00:26 391363                             /usr/lib32/libstdc++.so.6.0.21
9bb6b000-9bb6e000 rw-p 00000000 00:00 0 
9bb6e000-9bc95000 r-xp 00000000 00:26 286195                             /lib/i386-linux-gnu/libglib-2.0.so.0.4800.2
9bc95000-9bc97000 rw-p 00126000 00:26 286195                             /lib/i386-linux-gnu/libglib-2.0.so.0.4800.2
9bc97000-9bcf3000 r-xp 00000000 00:26 286206                             /usr/lib/i386-linux-gnu/libgobject-2.0.so.0.4800.2
9bcf3000-9bcf4000 ---p 0005c000 00:26 286206                             /usr/lib/i386-linux-gnu/libgobject-2.0.so.0.4800.2
9bcf4000-9bcf6000 rw-p 0005c000 00:26 286206                             /usr/lib/i386-linux-gnu/libgobject-2.0.so.0.4800.2
9bcf6000-9bd38000 r-xp 00000000 00:26 286260                             /usr/lib/i386-linux-gnu/libfontconfig.so.1.9.0
9bd38000-9bd39000 ---p 00042000 00:26 286260                             /usr/lib/i386-linux-gnu/libfontconfig.so.1.9.0
9bd39000-9bd3f000 rw-p 00042000 00:26 286260                             /usr/lib/i386-linux-gnu/libfontconfig.so.1.9.0
9bd3f000-9bdea000 r-xp 00000000 00:26 286258                             /usr/lib/i386-linux-gnu/libfreetype.so.6.12.1
9bdea000-9bdef000 rw-p 000aa000 00:26 286258                             /usr/lib/i386-linux-gnu/libfreetype.so.6.12.1
9bdef000-9be3d000 r-xp 00000000 00:26 287386                             /usr/lib/i386-linux-gnu/libpango-1.0.so.0.3800.1
9be3d000-9be3e000 ---p 0004e000 00:26 287386                             /usr/lib/i386-linux-gnu/libpango-1.0.so.0.3800.1
9be3e000-9be40000 rw-p 0004e000 00:26 287386                             /usr/lib/i386-linux-gnu/libpango-1.0.so.0.3800.1
9be40000-9bf7d000 r-xp 00000000 00:26 286285                             /usr/lib/i386-linux-gnu/libcairo.so.2.11400.6
9bf7d000-9bf80000 rw-p 0013c000 00:26 286285                             /usr/lib/i386-linux-gnu/libcairo.so.2.11400.6
9bf80000-9bf81000 rw-p 00000000 00:00 0 
9bf81000-9c145000 r-xp 00000000 00:26 286207                             /usr/lib/i386-linux-gnu/libgio-2.0.so.0.4800.2
9c145000-9c146000 ---p 001c4000 00:26 286207                             /usr/lib/i386-linux-gnu/libgio-2.0.so.0.4800.2
9c146000-9c149000 rw-p 001c4000 00:26 286207                             /usr/lib/i386-linux-gnu/libgio-2.0.so.0.4800.2
9c149000-9c14a000 rw-p 00000000 00:00 0 
9c14a000-9c207000 r-xp 00000000 00:26 288610                             /usr/lib/i386-linux-gnu/libgdk-x11-2.0.so.0.2400.30
9c207000-9c20a000 rw-p 000bc000 00:26 288610                             /usr/lib/i386-linux-gnu/libgdk-x11-2.0.so.0.2400.30
9c20a000-9c6f7000 r-xp 00000000 00:26 288611                             /usr/lib/i386-linux-gnu/libgtk-x11-2.0.so.0.2400.30
9c6f7000-9c6f8000 ---p 004ed000 00:26 288611                             /usr/lib/i386-linux-gnu/libgtk-x11-2.0.so.0.2400.30
9c6f8000-9c6fe000 rw-p 004ed000 00:26 288611                             /usr/lib/i386-linux-gnu/libgtk-x11-2.0.so.0.2400.30
9c6fe000-9c700000 rw-p 00000000 00:00 0 
9c700000-9c729000 rw-p 00000000 00:00 0 
9c729000-9c800000 ---p 00000000 00:00 0 
9c800000-9c802000 r-xp 00000000 00:26 286075                             /usr/lib/i386-linux-gnu/libXdamage.so.1.1.0
9c802000-9c804000 rw-p 00001000 00:26 286075                             /usr/lib/i386-linux-gnu/libXdamage.so.1.1.0
9c804000-9c806000 r-xp 00000000 00:26 286052                             /usr/lib/i386-linux-gnu/libXcomposite.so.1.0.0
9c806000-9c808000 rw-p 00001000 00:26 286052                             /usr/lib/i386-linux-gnu/libXcomposite.so.1.0.0
9c808000-9c812000 r-xp 00000000 00:26 286279                             /usr/lib/i386-linux-gnu/libXrender.so.1.3.0
9c812000-9c814000 rw-p 00009000 00:26 286279                             /usr/lib/i386-linux-gnu/libXrender.so.1.3.0
9c814000-9c819000 r-xp 00000000 00:26 286089                             /usr/lib/i386-linux-gnu/libXfixes.so.3.1.0
9c819000-9c81b000 rw-p 00004000 00:26 286089                             /usr/lib/i386-linux-gnu/libXfixes.so.3.1.0
9c81b000-9c827000 r-xp 00000000 00:26 288174                             /usr/lib/i386-linux-gnu/libpangocairo-1.0.so.0.3800.1
9c827000-9c829000 rw-p 0000b000 00:26 288174                             /usr/lib/i386-linux-gnu/libpangocairo-1.0.so.0.3800.1
9c829000-9c850000 r-xp 00000000 00:26 286619                             /usr/lib/i386-linux-gnu/libgdk_pixbuf-2.0.so.0.3200.2
9c850000-9c852000 rw-p 00026000 00:26 286619                             /usr/lib/i386-linux-gnu/libgdk_pixbuf-2.0.so.0.3200.2
9c852000-9c868000 r-xp 00000000 00:26 287641                             /usr/lib/i386-linux-gnu/libpangoft2-1.0.so.0.3800.1
9c868000-9c86a000 rw-p 00015000 00:26 287641                             /usr/lib/i386-linux-gnu/libpangoft2-1.0.so.0.3800.1
9c86a000-9c88e000 r-xp 00000000 00:26 286251                             /usr/lib/i386-linux-gnu/libatk-1.0.so.0.21809.1
9c88e000-9c891000 rw-p 00023000 00:26 286251                             /usr/lib/i386-linux-gnu/libatk-1.0.so.0.21809.1
9c891000-9c8a4000 r--p 00000000 00:26 141885                             /etc/ld.so.cache
9c8a4000-9c8a7000 ---p 00000000 00:00 0 
9c8a7000-9c8f5000 rw-p 00000000 00:00 0 
9c8f5000-9c98a000 r--s 0110b000 00:26 232344                             /etc/java/jdk1.8.0_171/jre/lib/ext/jfxrt.jar
9c98a000-9c98b000 ---p 00000000 00:00 0 
9c98b000-9ca0b000 rw-p 00000000 00:00 0 
9ca0b000-9ca0e000 ---p 00000000 00:00 0 
9ca0e000-9ca5c000 rw-p 00000000 00:00 0 
9ca5c000-9ca5f000 ---p 00000000 00:00 0 
9ca5f000-9cadd000 rw-p 00000000 00:00 0 
9cadd000-9cae0000 ---p 00000000 00:00 0 
9cae0000-9cb5e000 rw-p 00000000 00:00 0 
9cb5e000-9cb61000 ---p 00000000 00:00 0 
9cb61000-9cbaf000 rw-p 00000000 00:00 0 
9cbaf000-9cbb2000 ---p 00000000 00:00 0 
9cbb2000-9cc00000 rw-p 00000000 00:00 0 
9cc00000-9cc03000 ---p 00000000 00:00 0 
9cc03000-9cc51000 rw-p 00000000 00:00 0 
9cc51000-9cc52000 ---p 00000000 00:00 0 
9cc52000-9ccd2000 rw-p 00000000 00:00 0 
9ccd2000-9ceac000 r--s 03d68000 00:26 206521                             /etc/java/jdk1.8.0_171/jre/lib/rt.jar
9ceac000-9d212000 rw-p 00000000 00:00 0 
9d212000-9d2f8000 ---p 00000000 00:00 0 
9d2f8000-9f500000 rw-p 00000000 00:00 0 
9f500000-9f5fd000 rw-p 00000000 00:00 0 
9f5fd000-9f600000 ---p 00000000 00:00 0 
9f600000-9f6f0000 rw-p 00000000 00:00 0 
9f6f0000-9f700000 ---p 00000000 00:00 0 
9f700000-9f721000 rw-p 00000000 00:00 0 
9f721000-9f800000 ---p 00000000 00:00 0 
9f801000-9f806000 r-xp 00000000 00:26 286098                             /usr/lib/i386-linux-gnu/libXtst.so.6.1.0
9f806000-9f808000 rw-p 00004000 00:26 286098                             /usr/lib/i386-linux-gnu/libXtst.so.6.1.0
9f808000-9f817000 r-xp 00000000 00:26 232213                             /etc/java/jdk1.8.0_171/jre/lib/i386/libprism_sw.so
9f817000-9f818000 rw-p 0000f000 00:26 232213                             /etc/java/jdk1.8.0_171/jre/lib/i386/libprism_sw.so
9f818000-9f82d000 r-xp 00000000 00:26 232320                             /etc/java/jdk1.8.0_171/jre/lib/i386/libnet.so
9f82d000-9f82e000 rw-p 00014000 00:26 232320                             /etc/java/jdk1.8.0_171/jre/lib/i386/libnet.so
9f82e000-9f8ed000 rw-p 00000000 00:00 0 
9f8ed000-9fa1b000 ---p 00000000 00:00 0 
9fa1b000-9fa30000 rw-p 00000000 00:00 0 
9fa30000-9fb5d000 ---p 00000000 00:00 0 
9fb5d000-9fb68000 rw-p 00000000 00:00 0 
9fb68000-9fbff000 ---p 00000000 00:00 0 
9fbff000-a2580000 rw-p 00000000 00:00 0 
a2580000-c8180000 ---p 00000000 00:00 0 
c8180000-c9600000 rw-p 00000000 00:00 0 
c9600000-dc400000 ---p 00000000 00:00 0 
dc400000-dc402000 r-xp 00000000 00:26 286095                             /usr/lib/i386-linux-gnu/libXinerama.so.1.0.0
dc402000-dc404000 rw-p 00001000 00:26 286095                             /usr/lib/i386-linux-gnu/libXinerama.so.1.0.0
dc404000-dc413000 r-xp 00000000 00:26 232241                             /etc/java/jdk1.8.0_171/jre/lib/i386/libnio.so
dc413000-dc414000 rw-p 0000e000 00:26 232241                             /etc/java/jdk1.8.0_171/jre/lib/i386/libnio.so
dc414000-dc427000 r--s 00345000 00:26 176989                             /etc/java/jdk1.8.0_171/jre/lib/resources.jar
dc427000-dc43e000 rw-p 00000000 00:00 0 
dc43e000-dc43f000 ---p 00000000 00:00 0 
dc43f000-dc4bf000 rw-p 00000000 00:00 0 
dc4bf000-dc4c0000 ---p 00000000 00:00 0 
dc4c0000-dc549000 rw-p 00000000 00:00 0 
dc549000-dc900000 ---p 00000000 00:00 0 
dc900000-dcb40000 rwxp 00000000 00:00 0 
dcb40000-eb900000 ---p 00000000 00:00 0 
eb900000-eb9fa000 rw-p 00000000 00:00 0 
eb9fa000-eba00000 ---p 00000000 00:00 0 
eba00000-eba03000 r-xp 00000000 00:26 286197                             /usr/lib/i386-linux-gnu/libgmodule-2.0.so.0.4800.2
eba03000-eba05000 rw-p 00002000 00:26 286197                             /usr/lib/i386-linux-gnu/libgmodule-2.0.so.0.4800.2
eba05000-eba0a000 r--s 00084000 00:26 168530                             /etc/java/jdk1.8.0_171/jre/lib/jfr.jar
eba0a000-eba24000 r-xp 00000000 00:26 232322                             /etc/java/jdk1.8.0_171/jre/lib/i386/libzip.so
eba24000-eba25000 rw-p 00019000 00:26 232322                             /etc/java/jdk1.8.0_171/jre/lib/i386/libzip.so
eba25000-eba30000 r-xp 00000000 00:26 264693                             /lib/i386-linux-gnu/libnss_files-2.23.so
eba30000-eba31000 r--p 0000a000 00:26 264693                             /lib/i386-linux-gnu/libnss_files-2.23.so
eba31000-eba32000 rw-p 0000b000 00:26 264693                             /lib/i386-linux-gnu/libnss_files-2.23.so
eba32000-eba38000 rw-p 00000000 00:00 0 
eba38000-eba43000 r-xp 00000000 00:26 264696                             /lib/i386-linux-gnu/libnss_nis-2.23.so
eba43000-eba44000 r--p 0000a000 00:26 264696                             /lib/i386-linux-gnu/libnss_nis-2.23.so
eba44000-eba45000 rw-p 0000b000 00:26 264696                             /lib/i386-linux-gnu/libnss_nis-2.23.so
eba45000-eba5c000 r-xp 00000000 00:26 264677                             /lib/i386-linux-gnu/libnsl-2.23.so
eba5c000-eba5d000 r--p 00016000 00:26 264677                             /lib/i386-linux-gnu/libnsl-2.23.so
eba5d000-eba5e000 rw-p 00017000 00:26 264677                             /lib/i386-linux-gnu/libnsl-2.23.so
eba5e000-eba60000 rw-p 00000000 00:00 0 
eba60000-eba68000 r-xp 00000000 00:26 264688                             /lib/i386-linux-gnu/libnss_compat-2.23.so
eba68000-eba69000 r--p 00007000 00:26 264688                             /lib/i386-linux-gnu/libnss_compat-2.23.so
eba69000-eba6a000 rw-p 00008000 00:26 264688                             /lib/i386-linux-gnu/libnss_compat-2.23.so
eba6a000-eba6b000 r-xp 00000000 00:26 286199                             /usr/lib/i386-linux-gnu/libgthread-2.0.so.0.4800.2
eba6b000-eba6d000 rw-p 00000000 00:26 286199                             /usr/lib/i386-linux-gnu/libgthread-2.0.so.0.4800.2
eba6d000-eba72000 r--s 002f9000 00:26 168551                             /etc/java/jdk1.8.0_171/jre/lib/charsets.jar
eba72000-eba75000 r--s 0001a000 00:26 168536                             /etc/java/jdk1.8.0_171/jre/lib/jce.jar
eba75000-eba7d000 rw-s 00000000 00:13 4085488                            /tmp/hsperfdata_gpschmitt/20192
eba7d000-ebaa1000 r-xp 00000000 00:26 232315                             /etc/java/jdk1.8.0_171/jre/lib/i386/libjava.so
ebaa1000-ebaa2000 rw-p 00024000 00:26 232315                             /etc/java/jdk1.8.0_171/jre/lib/i386/libjava.so
ebaa2000-ebaa9000 r-xp 00000000 00:26 264697                             /lib/i386-linux-gnu/librt-2.23.so
ebaa9000-ebaaa000 r--p 00006000 00:26 264697                             /lib/i386-linux-gnu/librt-2.23.so
ebaaa000-ebaab000 rw-p 00007000 00:26 264697                             /lib/i386-linux-gnu/librt-2.23.so
ebaab000-ebaae000 ---p 00000000 00:00 0 
ebaae000-ebafc000 rw-p 00000000 00:00 0 
ebafc000-ebb4f000 r-xp 00000000 00:26 264676                             /lib/i386-linux-gnu/libm-2.23.so
ebb4f000-ebb50000 r--p 00052000 00:26 264676                             /lib/i386-linux-gnu/libm-2.23.so
ebb50000-ebb51000 rw-p 00053000 00:26 264676                             /lib/i386-linux-gnu/libm-2.23.so
ebb51000-ec4e6000 r-xp 00000000 00:26 232329                             /etc/java/jdk1.8.0_171/jre/lib/i386/server/libjvm.so
ec4e6000-ec554000 rw-p 00995000 00:26 232329                             /etc/java/jdk1.8.0_171/jre/lib/i386/server/libjvm.so
ec554000-ec97e000 rw-p 00000000 00:00 0 
ec97e000-ecb2e000 r-xp 00000000 00:26 264680                             /lib/i386-linux-gnu/libc-2.23.so
ecb2e000-ecb30000 r--p 001af000 00:26 264680                             /lib/i386-linux-gnu/libc-2.23.so
ecb30000-ecb31000 rw-p 001b1000 00:26 264680                             /lib/i386-linux-gnu/libc-2.23.so
ecb31000-ecb34000 rw-p 00000000 00:00 0 
ecb34000-ecb37000 r-xp 00000000 00:26 264682                             /lib/i386-linux-gnu/libdl-2.23.so
ecb37000-ecb38000 r--p 00002000 00:26 264682                             /lib/i386-linux-gnu/libdl-2.23.so
ecb38000-ecb39000 rw-p 00003000 00:26 264682                             /lib/i386-linux-gnu/libdl-2.23.so
ecb39000-ecb4e000 r-xp 00000000 00:26 166895                             /etc/java/jdk1.8.0_171/lib/i386/jli/libjli.so
ecb4e000-ecb4f000 rw-p 00014000 00:26 166895                             /etc/java/jdk1.8.0_171/lib/i386/jli/libjli.so
ecb4f000-ecb68000 r-xp 00000000 00:26 264679                             /lib/i386-linux-gnu/libpthread-2.23.so
ecb68000-ecb69000 r--p 00018000 00:26 264679                             /lib/i386-linux-gnu/libpthread-2.23.so
ecb69000-ecb6a000 rw-p 00019000 00:26 264679                             /lib/i386-linux-gnu/libpthread-2.23.so
ecb6a000-ecb6c000 rw-p 00000000 00:00 0 
ecb6c000-ecb71000 r--s 0009d000 00:26 206752                             /etc/java/jdk1.8.0_171/jre/lib/jsse.jar
ecb71000-ecb72000 rw-p 00000000 00:00 0 
ecb72000-ecb73000 r--p 00000000 00:00 0 
ecb73000-ecb7e000 r-xp 00000000 00:26 232223                             /etc/java/jdk1.8.0_171/jre/lib/i386/libverify.so
ecb7e000-ecb7f000 rw-p 0000b000 00:26 232223                             /etc/java/jdk1.8.0_171/jre/lib/i386/libverify.so
ecb7f000-ecb80000 rw-p 00000000 00:00 0 
ecb80000-ecb83000 r--p 00000000 00:00 0                                  [vvar]
ecb83000-ecb84000 r-xp 00000000 00:00 0                                  [vdso]
ecb84000-ecba7000 r-xp 00000000 00:26 264678                             /lib/i386-linux-gnu/ld-2.23.so
ecba7000-ecba8000 r--p 00022000 00:26 264678                             /lib/i386-linux-gnu/ld-2.23.so
ecba8000-ecba9000 rw-p 00023000 00:26 264678                             /lib/i386-linux-gnu/ld-2.23.so
ffc39000-ffc5b000 rw-p 00000000 00:00 0                                  [stack]

VM Arguments:
jvm_args: -Dfile.encoding=ANSI_X3.4-1968 
java_command: com.toozo.asterium.asteriumgameboard.AsteriumGameBoard
java_class_path (initial): /etc/java/jdk1.8.0_171/jre/lib/resources.jar:/etc/java/jdk1.8.0_171/jre/lib/rt.jar:/etc/java/jdk1.8.0_171/jre/lib/jsse.jar:/etc/java/jdk1.8.0_171/jre/lib/jce.jar:/etc/java/jdk1.8.0_171/jre/lib/charsets.jar:/etc/java/jdk1.8.0_171/jre/lib/jfr.jar:/etc/java/jdk1.8.0_171/jre/lib/ext/jfxrt.jar:/etc/java/jdk1.8.0_171/jre/lib/ext/zipfs.jar:/etc/java/jdk1.8.0_171/jre/lib/ext/sunjce_provider.jar:/etc/java/jdk1.8.0_171/jre/lib/ext/sunpkcs11.jar:/etc/java/jdk1.8.0_171/jre/lib/ext/cldrdata.jar:/etc/java/jdk1.8.0_171/jre/lib/ext/nashorn.jar:/etc/java/jdk1.8.0_171/jre/lib/ext/dnsns.jar:/etc/java/jdk1.8.0_171/jre/lib/ext/sunec.jar:/etc/java/jdk1.8.0_171/jre/lib/ext/localedata.jar:/etc/java/jdk1.8.0_171/jre/lib/ext/jaccess.jar:/home/gpschmitt/git/asterium2/AsteriumGameBoard/target/classes:/home/gpschmitt/git/asterium2/AsteriumParser/target/classes:/home/gpschmitt/.m2/repository/org/json/json/20180130/json-20180130.jar:/home/gpschmitt/git/asterium2/AsteriumClientConnector/target/classes:/etc/apache-tomcat-9.0.8/lib/catalina-ha.jar:/etc/apache-tomcat-9.0.8/lib/catalina-storeconfig.jar:/etc/apache-tomcat-9.0.8/lib/catalina-ant.jar:/etc/apache-tomcat-9.0.8/lib/tomcat-i18n-ja.jar:/etc/apache-tomcat-9.0.8/lib/tomcat-i18n-fr.jar:/etc/apache-tomcat-9.0.8/lib/jasper.jar:/etc/apache-tomcat-9.0.8/lib/tomcat-jdbc.jar:/etc/apache-tomcat-9.0.8/lib/annotations-api.jar:/etc/apache-tomcat-9.0.8/lib/tomcat-api.jar:/etc/apache-tomcat-9.0.8/lib/jaspic-api.jar:/etc/apache-tomcat-9.0.8/lib/jasper-el.jar:/etc/apache-tomcat-9.0.8/lib/tomcat-websocket.jar:/etc/apache-tomcat-9.0.8/lib/tomcat-i18n-es.jar:/etc/apache-tomcat-9.0.8/lib/jsp-api.jar:/etc/apache-tomcat-9.0.8/lib/catalina.jar:/etc/apache-tomcat-9.0.8/lib/catalina-tribes.jar:/etc/apache-tomcat-9.0.8/lib/tomcat-jni.jar:/etc/apache-tomcat-9.0.8/lib/tomcat-dbcp.jar:/etc/apache-tomcat-9.0.8/lib/tomcat-coyote.jar:/etc/apache-tomcat-9.0.8/lib/tomcat-util-scan.jar:/etc/apache-tomcat-9.0.8/lib/el-api.jar:/etc/apache-tomcat-9.0.8
Launcher Type: SUN_STANDARD

Environment Variables:
PATH=/home/gpschmitt/bin:/home/gpschmitt/.local/bin:/usr/local/bin:/usr/bin:/bin:/usr/local/games:/usr/games
SHELL=/bin/bash
DISPLAY=:1.0

Signal Handlers:
SIGSEGV: [libjvm.so+0x8dfe10], sa_mask[0]=11111111011111111101111111111110, sa_flags=SA_RESTART|SA_SIGINFO
SIGBUS: [libjvm.so+0x8dfe10], sa_mask[0]=11111111011111111101111111111110, sa_flags=SA_RESTART|SA_SIGINFO
SIGFPE: [libjvm.so+0x75c270], sa_mask[0]=11111111011111111101111111111110, sa_flags=SA_RESTART|SA_SIGINFO
SIGPIPE: [libjvm.so+0x75c270], sa_mask[0]=11111111011111111101111111111110, sa_flags=SA_RESTART|SA_SIGINFO
SIGXFSZ: [libjvm.so+0x75c270], sa_mask[0]=11111111011111111101111111111110, sa_flags=SA_RESTART|SA_SIGINFO
SIGILL: [libjvm.so+0x75c270], sa_mask[0]=11111111011111111101111111111110, sa_flags=SA_RESTART|SA_SIGINFO
SIGUSR1: SIG_DFL, sa_mask[0]=00000000000000000000000000000000, sa_flags=none
SIGUSR2: [libjvm.so+0x75db50], sa_mask[0]=00100000000000000000000000000000, sa_flags=SA_RESTART|SA_SIGINFO
SIGHUP: [libjvm.so+0x75f000], sa_mask[0]=11111111011111111101111111111110, sa_flags=SA_RESTART|SA_SIGINFO
SIGINT: [libjvm.so+0x75f000], sa_mask[0]=11111111011111111101111111111110, sa_flags=SA_RESTART|SA_SIGINFO
SIGTERM: [libjvm.so+0x75f000], sa_mask[0]=11111111011111111101111111111110, sa_flags=SA_RESTART|SA_SIGINFO
SIGQUIT: [libjvm.so+0x75f000], sa_mask[0]=11111111011111111101111111111110, sa_flags=SA_RESTART|SA_SIGINFO


---------------  S Y S T E M  ---------------

OS:DISTRIB_ID=Ubuntu
DISTRIB_RELEASE=16.04
DISTRIB_CODENAME=xenial
DISTRIB_DESCRIPTION="Ubuntu 16.04.3 LTS"

uname:Linux 4.4.118-13211-geca7e0a1e0d8 #1 SMP PREEMPT Tue Apr 24 23:40:20 PDT 2018 x86_64
libc:glibc 2.23 NPTL 2.23 
rlimit: STACK 8192k, CORE 0k, NPROC 15450, NOFILE 4096, AS infinity
load average:4.36 2.36 1.76

/proc/meminfo:
MemTotal:        3957832 kB
MemFree:          215408 kB
MemAvailable:     683088 kB
Buffers:           48672 kB
Cached:           907284 kB
SwapCached:        71752 kB
Active:          2124368 kB
Inactive:        1064696 kB
Active(anon):    1740572 kB
Inactive(anon):   689396 kB
Active(file):     383796 kB
Inactive(file):   375300 kB
Unevictable:       42192 kB
Mlocked:           62300 kB
SwapTotal:       5797604 kB
SwapFree:        5142976 kB
Dirty:             39216 kB
Writeback:             0 kB
AnonPages:       2274212 kB
Mapped:           275608 kB
Shmem:            196492 kB
Slab:             183712 kB
SReclaimable:      92944 kB
SUnreclaim:        90768 kB
KernelStack:       12384 kB
PageTables:        37008 kB
NFS_Unstable:          0 kB
Bounce:                0 kB
WritebackTmp:          0 kB
CommitLimit:     7776520 kB
Committed_AS:    8628124 kB
VmallocTotal:   34359738367 kB
VmallocUsed:           0 kB
VmallocChunk:          0 kB
AnonHugePages:     18432 kB
DirectMap4k:      802232 kB
DirectMap2M:     3307520 kB


CPU:total 2 (initial active 2) (2 cores per cpu, 1 threads per core) family 6 model 55 stepping 8, cmov, cx8, fxsr, mmx, sse, sse2, sse3, ssse3, sse4.1, sse4.2, popcnt, clmul, erms, 3dnowpref, tsc, tscinvbit

/proc/cpuinfo:
processor	: 0
vendor_id	: GenuineIntel
cpu family	: 6
model		: 55
model name	: Intel(R) Celeron(R) CPU  N2840  @ 2.16GHz
stepping	: 8
microcode	: 0x829
cpu MHz		: 2582.293
cache size	: 1024 KB
physical id	: 0
siblings	: 2
core id		: 0
cpu cores	: 2
apicid		: 0
initial apicid	: 0
fpu		: yes
fpu_exception	: yes
cpuid level	: 11
wp		: yes
flags		: fpu vme de pse tsc msr pae mce cx8 apic sep mtrr pge mca cmov pat pse36 clflush dts acpi mmx fxsr sse sse2 ss ht tm pbe syscall nx rdtscp lm constant_tsc arch_perfmon pebs bts rep_good nopl xtopology nonstop_tsc aperfmperf pni pclmulqdq dtes64 monitor ds_cpl est tm2 ssse3 cx16 xtpr pdcm sse4_1 sse4_2 movbe popcnt tsc_deadline_timer rdrand lahf_lm 3dnowprefetch ida arat epb dtherm retpoline kaiser tpr_shadow vnmi flexpriority ept vpid tsc_adjust smep erms
bugs		: cpu_meltdown spectre_v1 spectre_v2
bogomips	: 4326.40
clflush size	: 64
cache_alignment	: 64
address sizes	: 36 bits physical, 48 bits virtual
power management:

processor	: 1
vendor_id	: GenuineIntel
cpu family	: 6
model		: 55
model name	: Intel(R) Celeron(R) CPU  N2840  @ 2.16GHz
stepping	: 8
microcode	: 0x829
cpu MHz		: 2582.293
cache size	: 1024 KB
physical id	: 0
siblings	: 2
core id		: 1
cpu cores	: 2
apicid		: 2
initial apicid	: 2
fpu		: yes
fpu_exception	: yes
cpuid level	: 11
wp		: yes
flags		: fpu vme de pse tsc msr pae mce cx8 apic sep mtrr pge mca cmov pat pse36 clflush dts acpi mmx fxsr sse sse2 ss ht tm pbe syscall nx rdtscp lm constant_tsc arch_perfmon pebs bts rep_good nopl xtopology nonstop_tsc aperfmperf pni pclmulqdq dtes64 monitor ds_cpl est tm2 ssse3 cx16 xtpr pdcm sse4_1 sse4_2 movbe popcnt tsc_deadline_timer rdrand lahf_lm 3dnowprefetch ida arat epb dtherm retpoline kaiser tsc_adjust smep erms
bugs		: cpu_meltdown spectre_v1 spectre_v2
bogomips	: 4326.40
clflush size	: 64
cache_alignment	: 64
address sizes	: 36 bits physical, 48 bits virtual
power management:



Memory: 4k page, physical 3957832k(215160k free), swap 5797604k(5142976k free)

vm_info: Java HotSpot(TM) Server VM (25.171-b11) for linux-x86 JRE (1.8.0_171-b11), built on Mar 28 2018 12:00:40 by "java_re" with gcc 4.3.0 20080428 (Red Hat 4.3.0-8)

time: Fri May 25 15:25:13 2018
elapsed time: 3 seconds (0d 0h 0m 3s)

