#
# A fatal error has been detected by the Java Runtime Environment:
#
#  SIGSEGV (0xb) at pc=0xed950010, pid=20167, tid=0x9d6f4b40
#
# JRE version: Java(TM) SE Runtime Environment (8.0_171-b11) (build 1.8.0_171-b11)
# Java VM: Java HotSpot(TM) Server VM (25.171-b11 mixed mode linux-x86 )
# Problematic frame:
# C  [ld-linux.so.2+0x9010]
#
# Failed to write core dump. Core dumps have been disabled. To enable core dumping, try "ulimit -c unlimited" before starting Java again
#
# If you would like to submit a bug report, please visit:
#   http://bugreport.java.com/bugreport/crash.jsp
# The crash happened outside the Java Virtual Machine in native code.
# See problematic frame for where to report the bug.
#

---------------  T H R E A D  ---------------

Current thread (0x9d507400):  JavaThread "QuantumRenderer-0" daemon [_thread_in_native, id=20238, stack(0x9d6a4000,0x9d6f5000)]

siginfo: si_signo: 11 (SIGSEGV), si_code: 1 (SEGV_MAPERR), si_addr: 0x00000000

Registers:
EAX=0xed9619f3, EBX=0xed96b000, ECX=0x9d6f1e38, EDX=0x85f4d995
ESP=0x9d6f1d60, EBP=0x00000000, ESI=0x00000000, EDI=0x00000000
EIP=0xed950010, EFLAGS=0x00010207, CR2=0x00000000

Top of Stack: (sp=0x9d6f1d60)
0x9d6f1d60:   00000000 00000000 ed96b000 9c3846c0
0x9d6f1d70:   85f4d995 ec8c0688 00000326 ec8c21b8
0x9d6f1d80:   9d6f1dac 042fa6cc ed963ac4 9d6f1e38
0x9d6f1d90:   ed9619f3 08874360 9d6f1d70 ed954178
0x9d6f1da0:   ed953f60 9d6f1fe8 00000000 00000000
0x9d6f1db0:   00000001 08940ed8 ed94ffc9 00000000
0x9d6f1dc0:   08966db4 9d6f1e40 9d6f1e88 ed950b4b
0x9d6f1dd0:   9c3842d4 9d6f1e40 08941604 00000000 

Instructions: (pc=0xed950010)
0xed94fff0:   d0 89 3c 24 c1 e8 05 89 44 24 24 8d 83 c4 8a ff
0xed950000:   ff 89 44 24 28 8d 83 f3 69 ff ff 89 44 24 30 90
0xed950010:   8b 44 b5 00 8b 78 14 3b bc 24 88 00 00 00 0f 84
0xed950020:   e4 00 00 00 8b 84 24 8c 00 00 00 83 e0 02 89 44 

Register to memory mapping:

EAX=0xed9619f3: <offset 0x1a9f3> in /lib/ld-linux.so.2 at 0xed947000
EBX=0xed96b000: <offset 0x24000> in /lib/ld-linux.so.2 at 0xed947000
ECX=0x9d6f1e38 is pointing into the stack for thread: 0x9d507400
EDX=0x85f4d995 is an unknown value
ESP=0x9d6f1d60 is pointing into the stack for thread: 0x9d507400
EBP=0x00000000 is an unknown value
ESI=0x00000000 is an unknown value
EDI=0x00000000 is an unknown value


Stack: [0x9d6a4000,0x9d6f5000],  sp=0x9d6f1d60,  free space=311k
Native frames: (J=compiled Java code, j=interpreted, Vv=VM code, C=native code)
C  [ld-linux.so.2+0x9010]

Java frames: (J=compiled Java code, j=interpreted, Vv=VM code)
j  java.lang.ClassLoader$NativeLibrary.load(Ljava/lang/String;Z)V+0
j  java.lang.ClassLoader.loadLibrary0(Ljava/lang/Class;Ljava/io/File;)Z+328
j  java.lang.ClassLoader.loadLibrary(Ljava/lang/Class;Ljava/lang/String;Z)V+48
j  java.lang.Runtime.load0(Ljava/lang/Class;Ljava/lang/String;)V+57
j  java.lang.System.load(Ljava/lang/String;)V+7
j  com.sun.glass.utils.NativeLibLoader.loadLibraryFullPath(Ljava/lang/String;)V+342
j  com.sun.glass.utils.NativeLibLoader.loadLibraryInternal(Ljava/lang/String;)V+1
j  com.sun.glass.utils.NativeLibLoader.loadLibrary(Ljava/lang/String;)V+11
j  com.sun.prism.sw.SWPipeline.lambda$static$473()Ljava/lang/Object;+2
j  com.sun.prism.sw.SWPipeline$$Lambda$27.run()Ljava/lang/Object;+0
v  ~StubRoutines::call_stub
j  java.security.AccessController.doPrivileged(Ljava/security/PrivilegedAction;)Ljava/lang/Object;+0
j  com.sun.prism.sw.SWPipeline.<clinit>()V+5
v  ~StubRoutines::call_stub
j  java.lang.Class.forName0(Ljava/lang/String;ZLjava/lang/ClassLoader;Ljava/lang/Class;)Ljava/lang/Class;+0
j  java.lang.Class.forName(Ljava/lang/String;)Ljava/lang/Class;+11
j  com.sun.prism.GraphicsPipeline.createPipeline()Lcom/sun/prism/GraphicsPipeline;+232
j  com.sun.javafx.tk.quantum.QuantumRenderer$PipelineRunnable.init()V+0
j  com.sun.javafx.tk.quantum.QuantumRenderer$PipelineRunnable.run()V+1
j  java.lang.Thread.run()V+11
v  ~StubRoutines::call_stub

---------------  P R O C E S S  ---------------

Java Threads: ( => current thread )
=>0x9d507400 JavaThread "QuantumRenderer-0" daemon [_thread_in_native, id=20238, stack(0x9d6a4000,0x9d6f5000)]
  0xa0451c00 JavaThread "Service Thread" daemon [_thread_blocked, id=20183, stack(0x9d80b000,0x9d85c000)]
  0xa0436c00 JavaThread "C1 CompilerThread1" daemon [_thread_blocked, id=20182, stack(0x9d85c000,0x9d8dd000)]
  0xa0434c00 JavaThread "C2 CompilerThread0" daemon [_thread_blocked, id=20181, stack(0x9d8dd000,0x9d95e000)]
  0xa0433400 JavaThread "Signal Dispatcher" daemon [_thread_blocked, id=20180, stack(0x9d95e000,0x9d9af000)]
  0xa0418800 JavaThread "Finalizer" daemon [_thread_blocked, id=20178, stack(0x9d9af000,0x9da00000)]
  0xa0415800 JavaThread "Reference Handler" daemon [_thread_blocked, id=20177, stack(0x9da00000,0x9da51000)]
  0xec709400 JavaThread "main" [_thread_blocked, id=20172, stack(0xec86e000,0xec8bf000)]

Other Threads:
  0xa0411000 VMThread [stack: 0x9da51000,0x9dad2000] [id=20176]
  0xa045d400 WatcherThread [stack: 0x9d78a000,0x9d80b000] [id=20184]

VM state:not at safepoint (normal execution)

VM Mutex/Monitor currently owned by a thread: None

Heap:
 PSYoungGen      total 18432K, used 4192K [0xc8f80000, 0xca400000, 0xdd200000)
  eden space 15872K, 26% used [0xc8f80000,0xc93980e0,0xc9f00000)
  from space 2560K, 0% used [0xca180000,0xca180000,0xca400000)
  to   space 2560K, 0% used [0xc9f00000,0xc9f00000,0xca180000)
 ParOldGen       total 42496K, used 0K [0xa0a00000, 0xa3380000, 0xc8f80000)
  object space 42496K, 0% used [0xa0a00000,0xa0a00000,0xa3380000)
 Metaspace       used 3172K, capacity 3367K, committed 3480K, reserved 4400K

Card table byte_map: [0xa081b000,0xa0a00000] byte_map_base: 0xa0316000

Marking Bits: (ParMarkBitMap*) 0xed32a660
 Begin Bits: [0x9e4c0000, 0x9f3e0000)
 End Bits:   [0x9f3e0000, 0xa0300000)

Polling page: 0xed935000

CodeCache: size=245760Kb used=1157Kb max_used=1157Kb free=244602Kb
 bounds [0xdd6c5000, 0xdd905000, 0xec6c5000]
 total_blobs=504 nmethods=314 adapters=105
 compilation: enabled

Compilation events (10 events):
Event: 3.834 Thread 0xa0436c00  311       3       java.net.URI::access$300 (7 bytes)
Event: 3.835 Thread 0xa0436c00 nmethod 311 0xdd7e4f08 code [0xdd7e5020, 0xdd7e510c]
Event: 3.835 Thread 0xa0436c00  312       3       java.net.URI::match (56 bytes)
Event: 3.835 Thread 0xa0436c00 nmethod 312 0xdd7e5188 code [0xdd7e52a0, 0xdd7e5500]
Event: 3.835 Thread 0xa0436c00  313       3       sun.nio.fs.UnixPath::checkNotNul (16 bytes)
Event: 3.836 Thread 0xa0436c00 nmethod 313 0xdd7e5588 code [0xdd7e56a0, 0xdd7e57cc]
Event: 3.836 Thread 0xa0436c00  314       3       java.io.UnixFileSystem::prefixLength (25 bytes)
Event: 3.837 Thread 0xa0436c00 nmethod 314 0xdd7e5888 code [0xdd7e59c0, 0xdd7e5d4c]
Event: 3.882 Thread 0xa0436c00  315       3       sun.nio.cs.US_ASCII$Decoder::decode (62 bytes)
Event: 3.882 Thread 0xa0436c00 nmethod 315 0xdd7e5f08 code [0xdd7e6040, 0xdd7e62e0]

GC Heap History (0 events):
No events

Deoptimization events (0 events):
No events

Classes redefined (0 events):
No events

Internal exceptions (10 events):
Event: 2.436 Thread 0xec709400 Exception <a 'java/security/PrivilegedActionException'> (0xc91b84d0) thrown at [/HUDSON/workspace/8-2-build-linux-i586/jdk8u171/10807/hotspot/src/share/vm/prims/jvm.cpp, line 1435]
Event: 2.439 Thread 0xec709400 Exception <a 'java/security/PrivilegedActionException'> (0xc91ba2b8) thrown at [/HUDSON/workspace/8-2-build-linux-i586/jdk8u171/10807/hotspot/src/share/vm/prims/jvm.cpp, line 1435]
Event: 2.439 Thread 0xec709400 Exception <a 'java/security/PrivilegedActionException'> (0xc91ba4b8) thrown at [/HUDSON/workspace/8-2-build-linux-i586/jdk8u171/10807/hotspot/src/share/vm/prims/jvm.cpp, line 1435]
Event: 2.455 Thread 0xec709400 Exception <a 'java/lang/NullPointerException'> (0xc91baa20) thrown at [/HUDSON/workspace/8-2-build-linux-i586/jdk8u171/10807/hotspot/src/share/vm/interpreter/linkResolver.cpp, line 1185]
Event: 3.726 Thread 0x9d507400 Exception <a 'java/lang/UnsatisfiedLinkError'> (0xc9364b80) thrown at [/HUDSON/workspace/8-2-build-linux-i586/jdk8u171/10807/hotspot/src/share/vm/prims/jvm.cpp, line 4028]
Event: 3.726 Thread 0x9d507400 Exception <a 'java/lang/UnsatisfiedLinkError'> (0xc9364b80) thrown at [/HUDSON/workspace/8-2-build-linux-i586/jdk8u171/10807/hotspot/src/share/vm/prims/jni.cpp, line 709]
Event: 3.864 Thread 0x9d507400 Exception <a 'java/lang/UnsatisfiedLinkError'> (0xc936bea0) thrown at [/HUDSON/workspace/8-2-build-linux-i586/jdk8u171/10807/hotspot/src/share/vm/prims/jvm.cpp, line 4028]
Event: 3.864 Thread 0x9d507400 Exception <a 'java/lang/UnsatisfiedLinkError'> (0xc936bea0) thrown at [/HUDSON/workspace/8-2-build-linux-i586/jdk8u171/10807/hotspot/src/share/vm/prims/jni.cpp, line 709]
Event: 3.864 Thread 0x9d507400 Exception <a 'java/lang/UnsatisfiedLinkError'> (0xc9364b80) thrown at [/HUDSON/workspace/8-2-build-linux-i586/jdk8u171/10807/hotspot/src/share/vm/prims/jvm.cpp, line 1439]
Event: 3.864 Thread 0x9d507400 Exception <a 'java/lang/UnsatisfiedLinkError'> (0xc9364b80) thrown at [/HUDSON/workspace/8-2-build-linux-i586/jdk8u171/10807/hotspot/src/share/vm/oops/instanceKlass.cpp, line 959]

Events (10 events):
Event: 3.808 loading class java/nio/file/attribute/PosixFileAttributes done
Event: 3.808 loading class sun/nio/fs/UnixFileAttributes done
Event: 3.809 loading class sun/nio/fs/UnixFileStoreAttributes
Event: 3.809 loading class sun/nio/fs/UnixFileStoreAttributes done
Event: 3.809 loading class sun/nio/fs/UnixMountEntry
Event: 3.809 loading class sun/nio/fs/UnixMountEntry done
Event: 3.810 loading class sun/nio/fs/UnixUriUtils
Event: 3.810 loading class sun/nio/fs/UnixUriUtils done
Event: 3.864 loading class com/sun/prism/sw/SWPipeline
Event: 3.864 loading class com/sun/prism/sw/SWPipeline done


Dynamic libraries:
08048000-08049000 r-xp 00000000 00:26 168405                             /etc/java/jdk1.8.0_171/bin/java
08049000-0804a000 rw-p 00000000 00:26 168405                             /etc/java/jdk1.8.0_171/bin/java
08873000-0897f000 rw-p 00000000 00:00 0                                  [heap]
9c347000-9c34e000 r-xp 00000000 00:26 286292                             /usr/lib/i386-linux-gnu/libdatrie.so.1.3.3
9c34e000-9c34f000 ---p 00007000 00:26 286292                             /usr/lib/i386-linux-gnu/libdatrie.so.1.3.3
9c34f000-9c350000 r--p 00007000 00:26 286292                             /usr/lib/i386-linux-gnu/libdatrie.so.1.3.3
9c350000-9c351000 rw-p 00008000 00:26 286292                             /usr/lib/i386-linux-gnu/libdatrie.so.1.3.3
9c351000-9c356000 r-xp 00000000 00:26 286023                             /usr/lib/i386-linux-gnu/libXdmcp.so.6.0.0
9c356000-9c357000 r--p 00004000 00:26 286023                             /usr/lib/i386-linux-gnu/libXdmcp.so.6.0.0
9c357000-9c358000 rw-p 00005000 00:26 286023                             /usr/lib/i386-linux-gnu/libXdmcp.so.6.0.0
9c358000-9c35a000 r-xp 00000000 00:26 285946                             /usr/lib/i386-linux-gnu/libXau.so.6.0.0
9c35a000-9c35b000 r--p 00001000 00:26 285946                             /usr/lib/i386-linux-gnu/libXau.so.6.0.0
9c35b000-9c35c000 rw-p 00002000 00:26 285946                             /usr/lib/i386-linux-gnu/libXau.so.6.0.0
9c35c000-9c381000 r-xp 00000000 00:26 286827                             /usr/lib/i386-linux-gnu/libgraphite2.so.3.0.1
9c381000-9c382000 ---p 00025000 00:26 286827                             /usr/lib/i386-linux-gnu/libgraphite2.so.3.0.1
9c382000-9c383000 r--p 00025000 00:26 286827                             /usr/lib/i386-linux-gnu/libgraphite2.so.3.0.1
9c383000-9c384000 rw-p 00026000 00:26 286827                             /usr/lib/i386-linux-gnu/libgraphite2.so.3.0.1
9c384000-9c3f7000 r-xp 00000000 00:26 286005                             /lib/i386-linux-gnu/libpcre.so.3.13.2
9c3f7000-9c3f9000 rw-p 00072000 00:26 286005                             /lib/i386-linux-gnu/libpcre.so.3.13.2
9c3f9000-9c400000 r-xp 00000000 00:26 286132                             /usr/lib/i386-linux-gnu/libffi.so.6.0.4
9c400000-9c402000 rw-p 00006000 00:26 286132                             /usr/lib/i386-linux-gnu/libffi.so.6.0.4
9c402000-9c428000 r-xp 00000000 00:26 286129                             /lib/i386-linux-gnu/libexpat.so.1.6.0
9c428000-9c429000 ---p 00026000 00:26 286129                             /lib/i386-linux-gnu/libexpat.so.1.6.0
9c429000-9c42c000 rw-p 00026000 00:26 286129                             /lib/i386-linux-gnu/libexpat.so.1.6.0
9c42c000-9c435000 r-xp 00000000 00:26 286861                             /usr/lib/i386-linux-gnu/libthai.so.0.2.4
9c435000-9c437000 rw-p 00008000 00:26 286861                             /usr/lib/i386-linux-gnu/libthai.so.0.2.4
9c437000-9c45b000 r-xp 00000000 00:26 286029                             /usr/lib/i386-linux-gnu/libxcb.so.1.1.0
9c45b000-9c45d000 rw-p 00023000 00:26 286029                             /usr/lib/i386-linux-gnu/libxcb.so.1.1.0
9c45d000-9c466000 r-xp 00000000 00:26 286264                             /usr/lib/i386-linux-gnu/libxcb-render.so.0.0.0
9c466000-9c468000 rw-p 00008000 00:26 286264                             /usr/lib/i386-linux-gnu/libxcb-render.so.0.0.0
9c468000-9c46a000 r-xp 00000000 00:26 286268                             /usr/lib/i386-linux-gnu/libxcb-shm.so.0.0.0
9c46a000-9c46c000 rw-p 00001000 00:26 286268                             /usr/lib/i386-linux-gnu/libxcb-shm.so.0.0.0
9c46c000-9c495000 r-xp 00000000 00:26 286160                             /lib/i386-linux-gnu/libpng12.so.0.54.0
9c495000-9c497000 rw-p 00028000 00:26 286160                             /lib/i386-linux-gnu/libpng12.so.0.54.0
9c497000-9c540000 r-xp 00000000 00:26 286262                             /usr/lib/i386-linux-gnu/libpixman-1.so.0.33.6
9c540000-9c547000 rw-p 000a8000 00:26 286262                             /usr/lib/i386-linux-gnu/libpixman-1.so.0.33.6
9c547000-9c5a9000 r-xp 00000000 00:26 287503                             /usr/lib/i386-linux-gnu/libharfbuzz.so.0.10000.1
9c5a9000-9c5ab000 rw-p 00061000 00:26 287503                             /usr/lib/i386-linux-gnu/libharfbuzz.so.0.10000.1
9c5ab000-9c5bf000 r-xp 00000000 00:26 264684                             /lib/i386-linux-gnu/libresolv-2.23.so
9c5bf000-9c5c0000 ---p 00014000 00:26 264684                             /lib/i386-linux-gnu/libresolv-2.23.so
9c5c0000-9c5c2000 rw-p 00014000 00:26 264684                             /lib/i386-linux-gnu/libresolv-2.23.so
9c5c2000-9c5c4000 rw-p 00000000 00:00 0 
9c5c4000-9c5e6000 r-xp 00000000 00:26 286004                             /lib/i386-linux-gnu/libselinux.so.1
9c5e6000-9c5e7000 ---p 00022000 00:26 286004                             /lib/i386-linux-gnu/libselinux.so.1
9c5e7000-9c5e9000 rw-p 00022000 00:26 286004                             /lib/i386-linux-gnu/libselinux.so.1
9c5e9000-9c5ea000 rw-p 00000000 00:00 0 
9c5ea000-9c603000 r-xp 00000000 00:26 286125                             /lib/i386-linux-gnu/libz.so.1.2.8
9c603000-9c605000 rw-p 00018000 00:26 286125                             /lib/i386-linux-gnu/libz.so.1.2.8
9c605000-9c618000 r-xp 00000000 00:26 286041                             /usr/lib/i386-linux-gnu/libXext.so.6.4.0
9c618000-9c61a000 rw-p 00012000 00:26 286041                             /usr/lib/i386-linux-gnu/libXext.so.6.4.0
9c61a000-9c624000 r-xp 00000000 00:26 288448                             /usr/lib/i386-linux-gnu/libXcursor.so.1.0.2
9c624000-9c626000 rw-p 00009000 00:26 288448                             /usr/lib/i386-linux-gnu/libXcursor.so.1.0.2
9c626000-9c631000 r-xp 00000000 00:26 288607                             /usr/lib/i386-linux-gnu/libXrandr.so.2.2.0
9c631000-9c633000 rw-p 0000a000 00:26 288607                             /usr/lib/i386-linux-gnu/libXrandr.so.2.2.0
9c633000-9c644000 r-xp 00000000 00:26 288508                             /usr/lib/i386-linux-gnu/libXi.so.6.1.0
9c644000-9c646000 rw-p 00010000 00:26 288508                             /usr/lib/i386-linux-gnu/libXi.so.6.1.0
9c646000-9c78c000 r-xp 00000000 00:26 286037                             /usr/lib/i386-linux-gnu/libX11.so.6.3.0
9c78c000-9c78d000 ---p 00146000 00:26 286037                             /usr/lib/i386-linux-gnu/libX11.so.6.3.0
9c78d000-9c790000 rw-p 00146000 00:26 286037                             /usr/lib/i386-linux-gnu/libX11.so.6.3.0
9c790000-9c791000 rw-p 00000000 00:00 0 
9c791000-9c7ad000 r-xp 00000000 00:26 264675                             /lib/i386-linux-gnu/libgcc_s.so.1
9c7ad000-9c7ae000 rw-p 0001b000 00:26 264675                             /lib/i386-linux-gnu/libgcc_s.so.1
9c7ae000-9c91b000 r-xp 00000000 00:26 391363                             /usr/lib32/libstdc++.so.6.0.21
9c91b000-9c91c000 ---p 0016d000 00:26 391363                             /usr/lib32/libstdc++.so.6.0.21
9c91c000-9c922000 rw-p 0016d000 00:26 391363                             /usr/lib32/libstdc++.so.6.0.21
9c922000-9c925000 rw-p 00000000 00:00 0 
9c925000-9c967000 r-xp 00000000 00:26 286260                             /usr/lib/i386-linux-gnu/libfontconfig.so.1.9.0
9c967000-9c968000 ---p 00042000 00:26 286260                             /usr/lib/i386-linux-gnu/libfontconfig.so.1.9.0
9c968000-9c96e000 rw-p 00042000 00:26 286260                             /usr/lib/i386-linux-gnu/libfontconfig.so.1.9.0
9c96e000-9ca95000 r-xp 00000000 00:26 286195                             /lib/i386-linux-gnu/libglib-2.0.so.0.4800.2
9ca95000-9ca97000 rw-p 00126000 00:26 286195                             /lib/i386-linux-gnu/libglib-2.0.so.0.4800.2
9ca97000-9caf3000 r-xp 00000000 00:26 286206                             /usr/lib/i386-linux-gnu/libgobject-2.0.so.0.4800.2
9caf3000-9caf4000 ---p 0005c000 00:26 286206                             /usr/lib/i386-linux-gnu/libgobject-2.0.so.0.4800.2
9caf4000-9caf6000 rw-p 0005c000 00:26 286206                             /usr/lib/i386-linux-gnu/libgobject-2.0.so.0.4800.2
9caf8000-9cafa000 r-xp 00000000 00:26 286075                             /usr/lib/i386-linux-gnu/libXdamage.so.1.1.0
9cafa000-9cafc000 rw-p 00001000 00:26 286075                             /usr/lib/i386-linux-gnu/libXdamage.so.1.1.0
9cafc000-9cb06000 r-xp 00000000 00:26 286279                             /usr/lib/i386-linux-gnu/libXrender.so.1.3.0
9cb06000-9cb08000 rw-p 00009000 00:26 286279                             /usr/lib/i386-linux-gnu/libXrender.so.1.3.0
9cb08000-9cbb3000 r-xp 00000000 00:26 286258                             /usr/lib/i386-linux-gnu/libfreetype.so.6.12.1
9cbb3000-9cbb8000 rw-p 000aa000 00:26 286258                             /usr/lib/i386-linux-gnu/libfreetype.so.6.12.1
9cbb8000-9cc06000 r-xp 00000000 00:26 287386                             /usr/lib/i386-linux-gnu/libpango-1.0.so.0.3800.1
9cc06000-9cc07000 ---p 0004e000 00:26 287386                             /usr/lib/i386-linux-gnu/libpango-1.0.so.0.3800.1
9cc07000-9cc09000 rw-p 0004e000 00:26 287386                             /usr/lib/i386-linux-gnu/libpango-1.0.so.0.3800.1
9cc09000-9cd46000 r-xp 00000000 00:26 286285                             /usr/lib/i386-linux-gnu/libcairo.so.2.11400.6
9cd46000-9cd49000 rw-p 0013c000 00:26 286285                             /usr/lib/i386-linux-gnu/libcairo.so.2.11400.6
9cd49000-9cd4a000 rw-p 00000000 00:00 0 
9cd4a000-9cd56000 r-xp 00000000 00:26 288174                             /usr/lib/i386-linux-gnu/libpangocairo-1.0.so.0.3800.1
9cd56000-9cd58000 rw-p 0000b000 00:26 288174                             /usr/lib/i386-linux-gnu/libpangocairo-1.0.so.0.3800.1
9cd58000-9cd7f000 r-xp 00000000 00:26 286619                             /usr/lib/i386-linux-gnu/libgdk_pixbuf-2.0.so.0.3200.2
9cd7f000-9cd81000 rw-p 00026000 00:26 286619                             /usr/lib/i386-linux-gnu/libgdk_pixbuf-2.0.so.0.3200.2
9cd81000-9cf45000 r-xp 00000000 00:26 286207                             /usr/lib/i386-linux-gnu/libgio-2.0.so.0.4800.2
9cf45000-9cf46000 ---p 001c4000 00:26 286207                             /usr/lib/i386-linux-gnu/libgio-2.0.so.0.4800.2
9cf46000-9cf49000 rw-p 001c4000 00:26 286207                             /usr/lib/i386-linux-gnu/libgio-2.0.so.0.4800.2
9cf49000-9cf4a000 rw-p 00000000 00:00 0 
9cf4a000-9d007000 r-xp 00000000 00:26 288610                             /usr/lib/i386-linux-gnu/libgdk-x11-2.0.so.0.2400.30
9d007000-9d00a000 rw-p 000bc000 00:26 288610                             /usr/lib/i386-linux-gnu/libgdk-x11-2.0.so.0.2400.30
9d00a000-9d4f7000 r-xp 00000000 00:26 288611                             /usr/lib/i386-linux-gnu/libgtk-x11-2.0.so.0.2400.30
9d4f7000-9d4f8000 ---p 004ed000 00:26 288611                             /usr/lib/i386-linux-gnu/libgtk-x11-2.0.so.0.2400.30
9d4f8000-9d4fe000 rw-p 004ed000 00:26 288611                             /usr/lib/i386-linux-gnu/libgtk-x11-2.0.so.0.2400.30
9d4fe000-9d500000 rw-p 00000000 00:00 0 
9d500000-9d524000 rw-p 00000000 00:00 0 
9d524000-9d600000 ---p 00000000 00:00 0 
9d603000-9d608000 r-xp 00000000 00:26 286089                             /usr/lib/i386-linux-gnu/libXfixes.so.3.1.0
9d608000-9d60a000 rw-p 00004000 00:26 286089                             /usr/lib/i386-linux-gnu/libXfixes.so.3.1.0
9d60a000-9d60d000 r-xp 00000000 00:26 286197                             /usr/lib/i386-linux-gnu/libgmodule-2.0.so.0.4800.2
9d60d000-9d60f000 rw-p 00002000 00:26 286197                             /usr/lib/i386-linux-gnu/libgmodule-2.0.so.0.4800.2
9d611000-9d613000 r-xp 00000000 00:26 286052                             /usr/lib/i386-linux-gnu/libXcomposite.so.1.0.0
9d613000-9d615000 rw-p 00001000 00:26 286052                             /usr/lib/i386-linux-gnu/libXcomposite.so.1.0.0
9d615000-9d61a000 r-xp 00000000 00:26 286098                             /usr/lib/i386-linux-gnu/libXtst.so.6.1.0
9d61a000-9d61c000 rw-p 00004000 00:26 286098                             /usr/lib/i386-linux-gnu/libXtst.so.6.1.0
9d61c000-9d632000 r-xp 00000000 00:26 287641                             /usr/lib/i386-linux-gnu/libpangoft2-1.0.so.0.3800.1
9d632000-9d634000 rw-p 00015000 00:26 287641                             /usr/lib/i386-linux-gnu/libpangoft2-1.0.so.0.3800.1
9d634000-9d658000 r-xp 00000000 00:26 286251                             /usr/lib/i386-linux-gnu/libatk-1.0.so.0.21809.1
9d658000-9d65b000 rw-p 00023000 00:26 286251                             /usr/lib/i386-linux-gnu/libatk-1.0.so.0.21809.1
9d65b000-9d66e000 r--p 00000000 00:26 141885                             /etc/ld.so.cache
9d66e000-9d67d000 r-xp 00000000 00:26 232213                             /etc/java/jdk1.8.0_171/jre/lib/i386/libprism_sw.so
9d67d000-9d67e000 rw-p 0000f000 00:26 232213                             /etc/java/jdk1.8.0_171/jre/lib/i386/libprism_sw.so
9d67e000-9d693000 r-xp 00000000 00:26 232320                             /etc/java/jdk1.8.0_171/jre/lib/i386/libnet.so
9d693000-9d694000 rw-p 00014000 00:26 232320                             /etc/java/jdk1.8.0_171/jre/lib/i386/libnet.so
9d694000-9d6a3000 r-xp 00000000 00:26 232241                             /etc/java/jdk1.8.0_171/jre/lib/i386/libnio.so
9d6a3000-9d6a4000 rw-p 0000e000 00:26 232241                             /etc/java/jdk1.8.0_171/jre/lib/i386/libnio.so
9d6a4000-9d6a7000 ---p 00000000 00:00 0 
9d6a7000-9d6f5000 rw-p 00000000 00:00 0 
9d6f5000-9d78a000 r--s 0110b000 00:26 232344                             /etc/java/jdk1.8.0_171/jre/lib/ext/jfxrt.jar
9d78a000-9d78b000 ---p 00000000 00:00 0 
9d78b000-9d80b000 rw-p 00000000 00:00 0 
9d80b000-9d80e000 ---p 00000000 00:00 0 
9d80e000-9d85c000 rw-p 00000000 00:00 0 
9d85c000-9d85f000 ---p 00000000 00:00 0 
9d85f000-9d8dd000 rw-p 00000000 00:00 0 
9d8dd000-9d8e0000 ---p 00000000 00:00 0 
9d8e0000-9d95e000 rw-p 00000000 00:00 0 
9d95e000-9d961000 ---p 00000000 00:00 0 
9d961000-9d9af000 rw-p 00000000 00:00 0 
9d9af000-9d9b2000 ---p 00000000 00:00 0 
9d9b2000-9da00000 rw-p 00000000 00:00 0 
9da00000-9da03000 ---p 00000000 00:00 0 
9da03000-9da51000 rw-p 00000000 00:00 0 
9da51000-9da52000 ---p 00000000 00:00 0 
9da52000-9dad2000 rw-p 00000000 00:00 0 
9dad2000-9dcac000 r--s 03d68000 00:26 206521                             /etc/java/jdk1.8.0_171/jre/lib/rt.jar
9dcac000-9e012000 rw-p 00000000 00:00 0 
9e012000-9e0f8000 ---p 00000000 00:00 0 
9e0f8000-a0300000 rw-p 00000000 00:00 0 
a0300000-a0400000 rw-p 00000000 00:00 0 
a0400000-a04fe000 rw-p 00000000 00:00 0 
a04fe000-a0500000 ---p 00000000 00:00 0 
a0500000-a0521000 rw-p 00000000 00:00 0 
a0521000-a0600000 ---p 00000000 00:00 0 
a0600000-a0602000 r-xp 00000000 00:26 286095                             /usr/lib/i386-linux-gnu/libXinerama.so.1.0.0
a0602000-a0604000 rw-p 00001000 00:26 286095                             /usr/lib/i386-linux-gnu/libXinerama.so.1.0.0
a0604000-a0617000 r--s 00345000 00:26 176989                             /etc/java/jdk1.8.0_171/jre/lib/resources.jar
a0617000-a06ed000 rw-p 00000000 00:00 0 
a06ed000-a081b000 ---p 00000000 00:00 0 
a081b000-a0830000 rw-p 00000000 00:00 0 
a0830000-a095d000 ---p 00000000 00:00 0 
a095d000-a0968000 rw-p 00000000 00:00 0 
a0968000-a09ff000 ---p 00000000 00:00 0 
a09ff000-a3380000 rw-p 00000000 00:00 0 
a3380000-c8f80000 ---p 00000000 00:00 0 
c8f80000-ca400000 rw-p 00000000 00:00 0 
ca400000-dd200000 ---p 00000000 00:00 0 
dd203000-dd204000 ---p 00000000 00:00 0 
dd204000-dd284000 rw-p 00000000 00:00 0 
dd284000-dd285000 ---p 00000000 00:00 0 
dd285000-dd30e000 rw-p 00000000 00:00 0 
dd30e000-dd6c5000 ---p 00000000 00:00 0 
dd6c5000-dd905000 rwxp 00000000 00:00 0 
dd905000-ec6c5000 ---p 00000000 00:00 0 
ec6c5000-ec6df000 r-xp 00000000 00:26 232322                             /etc/java/jdk1.8.0_171/jre/lib/i386/libzip.so
ec6df000-ec6e0000 rw-p 00019000 00:26 232322                             /etc/java/jdk1.8.0_171/jre/lib/i386/libzip.so
ec6e0000-ec6eb000 r-xp 00000000 00:26 264693                             /lib/i386-linux-gnu/libnss_files-2.23.so
ec6eb000-ec6ec000 r--p 0000a000 00:26 264693                             /lib/i386-linux-gnu/libnss_files-2.23.so
ec6ec000-ec6ed000 rw-p 0000b000 00:26 264693                             /lib/i386-linux-gnu/libnss_files-2.23.so
ec6ed000-ec6f3000 rw-p 00000000 00:00 0 
ec6f3000-ec6fe000 r-xp 00000000 00:26 264696                             /lib/i386-linux-gnu/libnss_nis-2.23.so
ec6fe000-ec6ff000 r--p 0000a000 00:26 264696                             /lib/i386-linux-gnu/libnss_nis-2.23.so
ec6ff000-ec700000 rw-p 0000b000 00:26 264696                             /lib/i386-linux-gnu/libnss_nis-2.23.so
ec700000-ec7fa000 rw-p 00000000 00:00 0 
ec7fa000-ec800000 ---p 00000000 00:00 0 
ec803000-ec808000 r--s 00084000 00:26 168530                             /etc/java/jdk1.8.0_171/jre/lib/jfr.jar
ec808000-ec81f000 r-xp 00000000 00:26 264677                             /lib/i386-linux-gnu/libnsl-2.23.so
ec81f000-ec820000 r--p 00016000 00:26 264677                             /lib/i386-linux-gnu/libnsl-2.23.so
ec820000-ec821000 rw-p 00017000 00:26 264677                             /lib/i386-linux-gnu/libnsl-2.23.so
ec821000-ec823000 rw-p 00000000 00:00 0 
ec823000-ec82b000 r-xp 00000000 00:26 264688                             /lib/i386-linux-gnu/libnss_compat-2.23.so
ec82b000-ec82c000 r--p 00007000 00:26 264688                             /lib/i386-linux-gnu/libnss_compat-2.23.so
ec82c000-ec82d000 rw-p 00008000 00:26 264688                             /lib/i386-linux-gnu/libnss_compat-2.23.so
ec82d000-ec82e000 r-xp 00000000 00:26 286199                             /usr/lib/i386-linux-gnu/libgthread-2.0.so.0.4800.2
ec82e000-ec830000 rw-p 00000000 00:26 286199                             /usr/lib/i386-linux-gnu/libgthread-2.0.so.0.4800.2
ec830000-ec835000 r--s 002f9000 00:26 168551                             /etc/java/jdk1.8.0_171/jre/lib/charsets.jar
ec835000-ec838000 r--s 0001a000 00:26 168536                             /etc/java/jdk1.8.0_171/jre/lib/jce.jar
ec838000-ec840000 rw-s 00000000 00:13 4085280                            /tmp/hsperfdata_gpschmitt/20167
ec840000-ec864000 r-xp 00000000 00:26 232315                             /etc/java/jdk1.8.0_171/jre/lib/i386/libjava.so
ec864000-ec865000 rw-p 00024000 00:26 232315                             /etc/java/jdk1.8.0_171/jre/lib/i386/libjava.so
ec865000-ec86c000 r-xp 00000000 00:26 264697                             /lib/i386-linux-gnu/librt-2.23.so
ec86c000-ec86d000 r--p 00006000 00:26 264697                             /lib/i386-linux-gnu/librt-2.23.so
ec86d000-ec86e000 rw-p 00007000 00:26 264697                             /lib/i386-linux-gnu/librt-2.23.so
ec86e000-ec871000 ---p 00000000 00:00 0 
ec871000-ec8bf000 rw-p 00000000 00:00 0 
ec8bf000-ec912000 r-xp 00000000 00:26 264676                             /lib/i386-linux-gnu/libm-2.23.so
ec912000-ec913000 r--p 00052000 00:26 264676                             /lib/i386-linux-gnu/libm-2.23.so
ec913000-ec914000 rw-p 00053000 00:26 264676                             /lib/i386-linux-gnu/libm-2.23.so
ec914000-ed2a9000 r-xp 00000000 00:26 232329                             /etc/java/jdk1.8.0_171/jre/lib/i386/server/libjvm.so
ed2a9000-ed317000 rw-p 00995000 00:26 232329                             /etc/java/jdk1.8.0_171/jre/lib/i386/server/libjvm.so
ed317000-ed741000 rw-p 00000000 00:00 0 
ed741000-ed8f1000 r-xp 00000000 00:26 264680                             /lib/i386-linux-gnu/libc-2.23.so
ed8f1000-ed8f3000 r--p 001af000 00:26 264680                             /lib/i386-linux-gnu/libc-2.23.so
ed8f3000-ed8f4000 rw-p 001b1000 00:26 264680                             /lib/i386-linux-gnu/libc-2.23.so
ed8f4000-ed8f7000 rw-p 00000000 00:00 0 
ed8f7000-ed8fa000 r-xp 00000000 00:26 264682                             /lib/i386-linux-gnu/libdl-2.23.so
ed8fa000-ed8fb000 r--p 00002000 00:26 264682                             /lib/i386-linux-gnu/libdl-2.23.so
ed8fb000-ed8fc000 rw-p 00003000 00:26 264682                             /lib/i386-linux-gnu/libdl-2.23.so
ed8fc000-ed911000 r-xp 00000000 00:26 166895                             /etc/java/jdk1.8.0_171/lib/i386/jli/libjli.so
ed911000-ed912000 rw-p 00014000 00:26 166895                             /etc/java/jdk1.8.0_171/lib/i386/jli/libjli.so
ed912000-ed92b000 r-xp 00000000 00:26 264679                             /lib/i386-linux-gnu/libpthread-2.23.so
ed92b000-ed92c000 r--p 00018000 00:26 264679                             /lib/i386-linux-gnu/libpthread-2.23.so
ed92c000-ed92d000 rw-p 00019000 00:26 264679                             /lib/i386-linux-gnu/libpthread-2.23.so
ed92d000-ed92f000 rw-p 00000000 00:00 0 
ed92f000-ed934000 r--s 0009d000 00:26 206752                             /etc/java/jdk1.8.0_171/jre/lib/jsse.jar
ed934000-ed935000 rw-p 00000000 00:00 0 
ed935000-ed936000 r--p 00000000 00:00 0 
ed936000-ed941000 r-xp 00000000 00:26 232223                             /etc/java/jdk1.8.0_171/jre/lib/i386/libverify.so
ed941000-ed942000 rw-p 0000b000 00:26 232223                             /etc/java/jdk1.8.0_171/jre/lib/i386/libverify.so
ed942000-ed943000 rw-p 00000000 00:00 0 
ed943000-ed946000 r--p 00000000 00:00 0                                  [vvar]
ed946000-ed947000 r-xp 00000000 00:00 0                                  [vdso]
ed947000-ed96a000 r-xp 00000000 00:26 264678                             /lib/i386-linux-gnu/ld-2.23.so
ed96a000-ed96b000 r--p 00022000 00:26 264678                             /lib/i386-linux-gnu/ld-2.23.so
ed96b000-ed96c000 rw-p 00023000 00:26 264678                             /lib/i386-linux-gnu/ld-2.23.so
fff3b000-fff5d000 rw-p 00000000 00:00 0                                  [stack]

VM Arguments:
jvm_args: -Dfile.encoding=ANSI_X3.4-1968 
java_command: com.toozo.asterium.asteriumgameboard.AsteriumGameBoard
java_class_path (initial): /etc/java/jdk1.8.0_171/jre/lib/resources.jar:/etc/java/jdk1.8.0_171/jre/lib/rt.jar:/etc/java/jdk1.8.0_171/jre/lib/jsse.jar:/etc/java/jdk1.8.0_171/jre/lib/jce.jar:/etc/java/jdk1.8.0_171/jre/lib/charsets.jar:/etc/java/jdk1.8.0_171/jre/lib/jfr.jar:/etc/java/jdk1.8.0_171/jre/lib/ext/jfxrt.jar:/etc/java/jdk1.8.0_171/jre/lib/ext/zipfs.jar:/etc/java/jdk1.8.0_171/jre/lib/ext/sunjce_provider.jar:/etc/java/jdk1.8.0_171/jre/lib/ext/sunpkcs11.jar:/etc/java/jdk1.8.0_171/jre/lib/ext/cldrdata.jar:/etc/java/jdk1.8.0_171/jre/lib/ext/nashorn.jar:/etc/java/jdk1.8.0_171/jre/lib/ext/dnsns.jar:/etc/java/jdk1.8.0_171/jre/lib/ext/sunec.jar:/etc/java/jdk1.8.0_171/jre/lib/ext/localedata.jar:/etc/java/jdk1.8.0_171/jre/lib/ext/jaccess.jar:/home/gpschmitt/git/asterium2/AsteriumGameBoard/target/classes:/home/gpschmitt/git/asterium2/AsteriumParser/target/classes:/home/gpschmitt/.m2/repository/org/json/json/20180130/json-20180130.jar:/home/gpschmitt/git/asterium2/AsteriumClientConnector/target/classes:/etc/apache-tomcat-9.0.8/lib/catalina-ha.jar:/etc/apache-tomcat-9.0.8/lib/catalina-storeconfig.jar:/etc/apache-tomcat-9.0.8/lib/catalina-ant.jar:/etc/apache-tomcat-9.0.8/lib/tomcat-i18n-ja.jar:/etc/apache-tomcat-9.0.8/lib/tomcat-i18n-fr.jar:/etc/apache-tomcat-9.0.8/lib/jasper.jar:/etc/apache-tomcat-9.0.8/lib/tomcat-jdbc.jar:/etc/apache-tomcat-9.0.8/lib/annotations-api.jar:/etc/apache-tomcat-9.0.8/lib/tomcat-api.jar:/etc/apache-tomcat-9.0.8/lib/jaspic-api.jar:/etc/apache-tomcat-9.0.8/lib/jasper-el.jar:/etc/apache-tomcat-9.0.8/lib/tomcat-websocket.jar:/etc/apache-tomcat-9.0.8/lib/tomcat-i18n-es.jar:/etc/apache-tomcat-9.0.8/lib/jsp-api.jar:/etc/apache-tomcat-9.0.8/lib/catalina.jar:/etc/apache-tomcat-9.0.8/lib/catalina-tribes.jar:/etc/apache-tomcat-9.0.8/lib/tomcat-jni.jar:/etc/apache-tomcat-9.0.8/lib/tomcat-dbcp.jar:/etc/apache-tomcat-9.0.8/lib/tomcat-coyote.jar:/etc/apache-tomcat-9.0.8/lib/tomcat-util-scan.jar:/etc/apache-tomcat-9.0.8/lib/el-api.jar:/etc/apache-tomcat-9.0.8
Launcher Type: SUN_STANDARD

Environment Variables:
PATH=/home/gpschmitt/bin:/home/gpschmitt/.local/bin:/usr/local/bin:/usr/bin:/bin:/usr/local/games:/usr/games
SHELL=/bin/bash
DISPLAY=:1.0

Signal Handlers:
SIGSEGV: [libjvm.so+0x8dfe10], sa_mask[0]=11111111011111111101111111111110, sa_flags=SA_RESTART|SA_SIGINFO
SIGBUS: [libjvm.so+0x8dfe10], sa_mask[0]=11111111011111111101111111111110, sa_flags=SA_RESTART|SA_SIGINFO
SIGFPE: [libjvm.so+0x75c270], sa_mask[0]=11111111011111111101111111111110, sa_flags=SA_RESTART|SA_SIGINFO
SIGPIPE: [libjvm.so+0x75c270], sa_mask[0]=11111111011111111101111111111110, sa_flags=SA_RESTART|SA_SIGINFO
SIGXFSZ: [libjvm.so+0x75c270], sa_mask[0]=11111111011111111101111111111110, sa_flags=SA_RESTART|SA_SIGINFO
SIGILL: [libjvm.so+0x75c270], sa_mask[0]=11111111011111111101111111111110, sa_flags=SA_RESTART|SA_SIGINFO
SIGUSR1: SIG_DFL, sa_mask[0]=00000000000000000000000000000000, sa_flags=none
SIGUSR2: [libjvm.so+0x75db50], sa_mask[0]=00100000000000000000000000000000, sa_flags=SA_RESTART|SA_SIGINFO
SIGHUP: [libjvm.so+0x75f000], sa_mask[0]=11111111011111111101111111111110, sa_flags=SA_RESTART|SA_SIGINFO
SIGINT: [libjvm.so+0x75f000], sa_mask[0]=11111111011111111101111111111110, sa_flags=SA_RESTART|SA_SIGINFO
SIGTERM: [libjvm.so+0x75f000], sa_mask[0]=11111111011111111101111111111110, sa_flags=SA_RESTART|SA_SIGINFO
SIGQUIT: [libjvm.so+0x75f000], sa_mask[0]=11111111011111111101111111111110, sa_flags=SA_RESTART|SA_SIGINFO


---------------  S Y S T E M  ---------------

OS:DISTRIB_ID=Ubuntu
DISTRIB_RELEASE=16.04
DISTRIB_CODENAME=xenial
DISTRIB_DESCRIPTION="Ubuntu 16.04.3 LTS"

uname:Linux 4.4.118-13211-geca7e0a1e0d8 #1 SMP PREEMPT Tue Apr 24 23:40:20 PDT 2018 x86_64
libc:glibc 2.23 NPTL 2.23 
rlimit: STACK 8192k, CORE 0k, NPROC 15450, NOFILE 4096, AS infinity
load average:4.36 2.36 1.76

/proc/meminfo:
MemTotal:        3957832 kB
MemFree:          227676 kB
MemAvailable:     689660 kB
Buffers:           47364 kB
Cached:           894808 kB
SwapCached:        71596 kB
Active:          2122760 kB
Inactive:        1062268 kB
Active(anon):    1742460 kB
Inactive(anon):   689160 kB
Active(file):     380300 kB
Inactive(file):   373108 kB
Unevictable:       34608 kB
Mlocked:           46736 kB
SwapTotal:       5797604 kB
SwapFree:        5142948 kB
Dirty:             39200 kB
Writeback:             0 kB
AnonPages:       2276228 kB
Mapped:           275136 kB
Shmem:            188704 kB
Slab:             183648 kB
SReclaimable:      92928 kB
SUnreclaim:        90720 kB
KernelStack:       12640 kB
PageTables:        37120 kB
NFS_Unstable:          0 kB
Bounce:                0 kB
WritebackTmp:          0 kB
CommitLimit:     7776520 kB
Committed_AS:    8738792 kB
VmallocTotal:   34359738367 kB
VmallocUsed:           0 kB
VmallocChunk:          0 kB
AnonHugePages:     18432 kB
DirectMap4k:      802232 kB
DirectMap2M:     3307520 kB


CPU:total 2 (initial active 2) (2 cores per cpu, 1 threads per core) family 6 model 55 stepping 8, cmov, cx8, fxsr, mmx, sse, sse2, sse3, ssse3, sse4.1, sse4.2, popcnt, clmul, erms, 3dnowpref, tsc, tscinvbit

/proc/cpuinfo:
processor	: 0
vendor_id	: GenuineIntel
cpu family	: 6
model		: 55
model name	: Intel(R) Celeron(R) CPU  N2840  @ 2.16GHz
stepping	: 8
microcode	: 0x829
cpu MHz		: 2582.293
cache size	: 1024 KB
physical id	: 0
siblings	: 2
core id		: 0
cpu cores	: 2
apicid		: 0
initial apicid	: 0
fpu		: yes
fpu_exception	: yes
cpuid level	: 11
wp		: yes
flags		: fpu vme de pse tsc msr pae mce cx8 apic sep mtrr pge mca cmov pat pse36 clflush dts acpi mmx fxsr sse sse2 ss ht tm pbe syscall nx rdtscp lm constant_tsc arch_perfmon pebs bts rep_good nopl xtopology nonstop_tsc aperfmperf pni pclmulqdq dtes64 monitor ds_cpl est tm2 ssse3 cx16 xtpr pdcm sse4_1 sse4_2 movbe popcnt tsc_deadline_timer rdrand lahf_lm 3dnowprefetch ida arat epb dtherm retpoline kaiser tpr_shadow vnmi flexpriority ept vpid tsc_adjust smep erms
bugs		: cpu_meltdown spectre_v1 spectre_v2
bogomips	: 4326.40
clflush size	: 64
cache_alignment	: 64
address sizes	: 36 bits physical, 48 bits virtual
power management:

processor	: 1
vendor_id	: GenuineIntel
cpu family	: 6
model		: 55
model name	: Intel(R) Celeron(R) CPU  N2840  @ 2.16GHz
stepping	: 8
microcode	: 0x829
cpu MHz		: 2582.293
cache size	: 1024 KB
physical id	: 0
siblings	: 2
core id		: 1
cpu cores	: 2
apicid		: 2
initial apicid	: 2
fpu		: yes
fpu_exception	: yes
cpuid level	: 11
wp		: yes
flags		: fpu vme de pse tsc msr pae mce cx8 apic sep mtrr pge mca cmov pat pse36 clflush dts acpi mmx fxsr sse sse2 ss ht tm pbe syscall nx rdtscp lm constant_tsc arch_perfmon pebs bts rep_good nopl xtopology nonstop_tsc aperfmperf pni pclmulqdq dtes64 monitor ds_cpl est tm2 ssse3 cx16 xtpr pdcm sse4_1 sse4_2 movbe popcnt tsc_deadline_timer rdrand lahf_lm 3dnowprefetch ida arat epb dtherm retpoline kaiser tsc_adjust smep erms
bugs		: cpu_meltdown spectre_v1 spectre_v2
bogomips	: 4326.40
clflush size	: 64
cache_alignment	: 64
address sizes	: 36 bits physical, 48 bits virtual
power management:



Memory: 4k page, physical 3957832k(227304k free), swap 5797604k(5142948k free)

vm_info: Java HotSpot(TM) Server VM (25.171-b11) for linux-x86 JRE (1.8.0_171-b11), built on Mar 28 2018 12:00:40 by "java_re" with gcc 4.3.0 20080428 (Red Hat 4.3.0-8)

time: Fri May 25 15:25:12 2018
elapsed time: 4 seconds (0d 0h 0m 4s)

