#
# A fatal error has been detected by the Java Runtime Environment:
#
#  SIGSEGV (0xb) at pc=0xf6685010, pid=20371, tid=0xa63f4b40
#
# JRE version: Java(TM) SE Runtime Environment (8.0_171-b11) (build 1.8.0_171-b11)
# Java VM: Java HotSpot(TM) Server VM (25.171-b11 mixed mode linux-x86 )
# Problematic frame:
# C  [ld-linux.so.2+0x9010]
#
# Failed to write core dump. Core dumps have been disabled. To enable core dumping, try "ulimit -c unlimited" before starting Java again
#
# If you would like to submit a bug report, please visit:
#   http://bugreport.java.com/bugreport/crash.jsp
# The crash happened outside the Java Virtual Machine in native code.
# See problematic frame for where to report the bug.
#

---------------  T H R E A D  ---------------

Current thread (0xa67dd400):  JavaThread "QuantumRenderer-0" daemon [_thread_in_native, id=20404, stack(0xa63a4000,0xa63f5000)]

siginfo: si_signo: 11 (SIGSEGV), si_code: 1 (SEGV_MAPERR), si_addr: 0x00000000

Registers:
EAX=0xf66969f3, EBX=0xf66a0000, ECX=0xa63f2038, EDX=0x85f4d995
ESP=0xa63f1f60, EBP=0x00000000, ESI=0x00000000, EDI=0x00000000
EIP=0xf6685010, EFLAGS=0x00010207, CR2=0x00000000

Top of Stack: (sp=0xa63f1f60)
0xa63f1f60:   00000000 00000000 f66a0000 a50c16c0
0xa63f1f70:   85f4d995 f55f5688 00000326 f55f71b8
0xa63f1f80:   a63f1fac 042fa6cc f6698ac4 a63f2038
0xa63f1f90:   f66969f3 09465360 a63f1f70 f6689178
0xa63f1fa0:   f6688f60 a63f21e8 00000000 00000000
0xa63f1fb0:   00000001 09547c70 f6684fc9 00000000
0xa63f1fc0:   0956faec a63f2040 a63f2088 f6685b4b
0xa63f1fd0:   a50c12d4 a63f2040 0954839c 00000000 

Instructions: (pc=0xf6685010)
0xf6684ff0:   d0 89 3c 24 c1 e8 05 89 44 24 24 8d 83 c4 8a ff
0xf6685000:   ff 89 44 24 28 8d 83 f3 69 ff ff 89 44 24 30 90
0xf6685010:   8b 44 b5 00 8b 78 14 3b bc 24 88 00 00 00 0f 84
0xf6685020:   e4 00 00 00 8b 84 24 8c 00 00 00 83 e0 02 89 44 

Register to memory mapping:

EAX=0xf66969f3: <offset 0x1a9f3> in /lib/ld-linux.so.2 at 0xf667c000
EBX=0xf66a0000: <offset 0x24000> in /lib/ld-linux.so.2 at 0xf667c000
ECX=0xa63f2038 is pointing into the stack for thread: 0xa67dd400
EDX=0x85f4d995 is an unknown value
ESP=0xa63f1f60 is pointing into the stack for thread: 0xa67dd400
EBP=0x00000000 is an unknown value
ESI=0x00000000 is an unknown value
EDI=0x00000000 is an unknown value


Stack: [0xa63a4000,0xa63f5000],  sp=0xa63f1f60,  free space=311k
Native frames: (J=compiled Java code, j=interpreted, Vv=VM code, C=native code)
C  [ld-linux.so.2+0x9010]

Java frames: (J=compiled Java code, j=interpreted, Vv=VM code)
j  java.lang.ClassLoader$NativeLibrary.load(Ljava/lang/String;Z)V+0
j  java.lang.ClassLoader.loadLibrary0(Ljava/lang/Class;Ljava/io/File;)Z+328
j  java.lang.ClassLoader.loadLibrary(Ljava/lang/Class;Ljava/lang/String;Z)V+48
j  java.lang.Runtime.load0(Ljava/lang/Class;Ljava/lang/String;)V+57
j  java.lang.System.load(Ljava/lang/String;)V+7
j  com.sun.glass.utils.NativeLibLoader.loadLibraryFullPath(Ljava/lang/String;)V+342
j  com.sun.glass.utils.NativeLibLoader.loadLibraryInternal(Ljava/lang/String;)V+1
j  com.sun.glass.utils.NativeLibLoader.loadLibrary(Ljava/lang/String;)V+11
j  com.sun.prism.sw.SWPipeline.lambda$static$473()Ljava/lang/Object;+2
j  com.sun.prism.sw.SWPipeline$$Lambda$27.run()Ljava/lang/Object;+0
v  ~StubRoutines::call_stub
j  java.security.AccessController.doPrivileged(Ljava/security/PrivilegedAction;)Ljava/lang/Object;+0
j  com.sun.prism.sw.SWPipeline.<clinit>()V+5
v  ~StubRoutines::call_stub
j  java.lang.Class.forName0(Ljava/lang/String;ZLjava/lang/ClassLoader;Ljava/lang/Class;)Ljava/lang/Class;+0
j  java.lang.Class.forName(Ljava/lang/String;)Ljava/lang/Class;+11
j  com.sun.prism.GraphicsPipeline.createPipeline()Lcom/sun/prism/GraphicsPipeline;+232
j  com.sun.javafx.tk.quantum.QuantumRenderer$PipelineRunnable.init()V+0
j  com.sun.javafx.tk.quantum.QuantumRenderer$PipelineRunnable.run()V+1
j  java.lang.Thread.run()V+11
v  ~StubRoutines::call_stub

---------------  P R O C E S S  ---------------

Java Threads: ( => current thread )
=>0xa67dd400 JavaThread "QuantumRenderer-0" daemon [_thread_in_native, id=20404, stack(0xa63a4000,0xa63f5000)]
  0xa6738c00 JavaThread "Service Thread" daemon [_thread_blocked, id=20401, stack(0xa650b000,0xa655c000)]
  0xa6736c00 JavaThread "C1 CompilerThread1" daemon [_thread_blocked, id=20399, stack(0xa655c000,0xa65dd000)]
  0xa6734c00 JavaThread "C2 CompilerThread0" daemon [_thread_blocked, id=20398, stack(0xa65dd000,0xa665e000)]
  0xa6733400 JavaThread "Signal Dispatcher" daemon [_thread_blocked, id=20397, stack(0xa665e000,0xa66af000)]
  0xa6718800 JavaThread "Finalizer" daemon [_thread_blocked, id=20392, stack(0xa66af000,0xa6700000)]
  0xa6715800 JavaThread "Reference Handler" daemon [_thread_blocked, id=20391, stack(0xa6800000,0xa6851000)]
  0xf5409400 JavaThread "main" [_thread_blocked, id=20375, stack(0xf55a3000,0xf55f4000)]

Other Threads:
  0xa6711000 VMThread [stack: 0xa6851000,0xa68d2000] [id=20390]
  0xa673c400 WatcherThread [stack: 0xa648a000,0xa650b000] [id=20402]

VM state:not at safepoint (normal execution)

VM Mutex/Monitor currently owned by a thread: None

Heap:
 PSYoungGen      total 18432K, used 4192K [0xd1d80000, 0xd3200000, 0xe6000000)
  eden space 15872K, 26% used [0xd1d80000,0xd21980e0,0xd2d00000)
  from space 2560K, 0% used [0xd2f80000,0xd2f80000,0xd3200000)
  to   space 2560K, 0% used [0xd2d00000,0xd2d00000,0xd2f80000)
 ParOldGen       total 42496K, used 0K [0xa9800000, 0xac180000, 0xd1d80000)
  object space 42496K, 0% used [0xa9800000,0xa9800000,0xac180000)
 Metaspace       used 3177K, capacity 3363K, committed 3480K, reserved 4400K

Card table byte_map: [0xa961b000,0xa9800000] byte_map_base: 0xa90cf000

Marking Bits: (ParMarkBitMap*) 0xf605f660
 Begin Bits: [0xa72c0000, 0xa81e0000)
 End Bits:   [0xa81e0000, 0xa9100000)

Polling page: 0xf666a000

CodeCache: size=245760Kb used=1168Kb max_used=1168Kb free=244591Kb
 bounds [0xe6400000, 0xe6640000, 0xf5400000]
 total_blobs=505 nmethods=315 adapters=105
 compilation: enabled

Compilation events (10 events):
Event: 2.476 Thread 0xa6736c00  311       3       java.net.URI::access$300 (7 bytes)
Event: 2.476 Thread 0xa6736c00 nmethod 311 0xe6523088 code [0xe65231a0, 0xe652328c]
Event: 2.476 Thread 0xa6736c00  312       3       java.net.URI::match (56 bytes)
Event: 2.477 Thread 0xa6736c00 nmethod 312 0xe6523308 code [0xe6523420, 0xe6523680]
Event: 2.482 Thread 0xa6736c00  313       3       sun.nio.fs.UnixPath::checkNotNul (16 bytes)
Event: 2.482 Thread 0xa6736c00 nmethod 313 0xe6523708 code [0xe6523820, 0xe652394c]
Event: 2.482 Thread 0xa6736c00  315       3       sun.nio.cs.US_ASCII$Decoder::decode (62 bytes)
Event: 2.483 Thread 0xa6736c00 nmethod 315 0xe6523a08 code [0xe6523b40, 0xe6523de0]
Event: 2.483 Thread 0xa6736c00  314       3       java.nio.charset.CharsetDecoder::maxCharsPerByte (5 bytes)
Event: 2.483 Thread 0xa6736c00 nmethod 314 0xe6523fc8 code [0xe65240e0, 0xe65241c0]

GC Heap History (0 events):
No events

Deoptimization events (0 events):
No events

Classes redefined (0 events):
No events

Internal exceptions (10 events):
Event: 1.702 Thread 0xf5409400 Exception <a 'java/security/PrivilegedActionException'> (0xd1fb84d0) thrown at [/HUDSON/workspace/8-2-build-linux-i586/jdk8u171/10807/hotspot/src/share/vm/prims/jvm.cpp, line 1435]
Event: 1.707 Thread 0xf5409400 Exception <a 'java/security/PrivilegedActionException'> (0xd1fba2b8) thrown at [/HUDSON/workspace/8-2-build-linux-i586/jdk8u171/10807/hotspot/src/share/vm/prims/jvm.cpp, line 1435]
Event: 1.707 Thread 0xf5409400 Exception <a 'java/security/PrivilegedActionException'> (0xd1fba4b8) thrown at [/HUDSON/workspace/8-2-build-linux-i586/jdk8u171/10807/hotspot/src/share/vm/prims/jvm.cpp, line 1435]
Event: 1.710 Thread 0xf5409400 Exception <a 'java/lang/NullPointerException'> (0xd1fbaa20) thrown at [/HUDSON/workspace/8-2-build-linux-i586/jdk8u171/10807/hotspot/src/share/vm/interpreter/linkResolver.cpp, line 1185]
Event: 2.445 Thread 0xa67dd400 Exception <a 'java/lang/UnsatisfiedLinkError'> (0xd2164af0) thrown at [/HUDSON/workspace/8-2-build-linux-i586/jdk8u171/10807/hotspot/src/share/vm/prims/jvm.cpp, line 4028]
Event: 2.445 Thread 0xa67dd400 Exception <a 'java/lang/UnsatisfiedLinkError'> (0xd2164af0) thrown at [/HUDSON/workspace/8-2-build-linux-i586/jdk8u171/10807/hotspot/src/share/vm/prims/jni.cpp, line 709]
Event: 2.490 Thread 0xa67dd400 Exception <a 'java/lang/UnsatisfiedLinkError'> (0xd216be10) thrown at [/HUDSON/workspace/8-2-build-linux-i586/jdk8u171/10807/hotspot/src/share/vm/prims/jvm.cpp, line 4028]
Event: 2.490 Thread 0xa67dd400 Exception <a 'java/lang/UnsatisfiedLinkError'> (0xd216be10) thrown at [/HUDSON/workspace/8-2-build-linux-i586/jdk8u171/10807/hotspot/src/share/vm/prims/jni.cpp, line 709]
Event: 2.490 Thread 0xa67dd400 Exception <a 'java/lang/UnsatisfiedLinkError'> (0xd2164af0) thrown at [/HUDSON/workspace/8-2-build-linux-i586/jdk8u171/10807/hotspot/src/share/vm/prims/jvm.cpp, line 1439]
Event: 2.490 Thread 0xa67dd400 Exception <a 'java/lang/UnsatisfiedLinkError'> (0xd2164af0) thrown at [/HUDSON/workspace/8-2-build-linux-i586/jdk8u171/10807/hotspot/src/share/vm/oops/instanceKlass.cpp, line 959]

Events (10 events):
Event: 2.472 loading class java/nio/file/attribute/PosixFileAttributes done
Event: 2.472 loading class sun/nio/fs/UnixFileAttributes done
Event: 2.472 loading class sun/nio/fs/UnixFileStoreAttributes
Event: 2.473 loading class sun/nio/fs/UnixFileStoreAttributes done
Event: 2.473 loading class sun/nio/fs/UnixMountEntry
Event: 2.473 loading class sun/nio/fs/UnixMountEntry done
Event: 2.474 loading class sun/nio/fs/UnixUriUtils
Event: 2.474 loading class sun/nio/fs/UnixUriUtils done
Event: 2.490 loading class com/sun/prism/sw/SWPipeline
Event: 2.490 loading class com/sun/prism/sw/SWPipeline done


Dynamic libraries:
08048000-08049000 r-xp 00000000 00:26 168405                             /etc/java/jdk1.8.0_171/bin/java
08049000-0804a000 rw-p 00000000 00:26 168405                             /etc/java/jdk1.8.0_171/bin/java
09464000-09589000 rw-p 00000000 00:00 0                                  [heap]
a5084000-a508b000 r-xp 00000000 00:26 286292                             /usr/lib/i386-linux-gnu/libdatrie.so.1.3.3
a508b000-a508c000 ---p 00007000 00:26 286292                             /usr/lib/i386-linux-gnu/libdatrie.so.1.3.3
a508c000-a508d000 r--p 00007000 00:26 286292                             /usr/lib/i386-linux-gnu/libdatrie.so.1.3.3
a508d000-a508e000 rw-p 00008000 00:26 286292                             /usr/lib/i386-linux-gnu/libdatrie.so.1.3.3
a508e000-a5093000 r-xp 00000000 00:26 286023                             /usr/lib/i386-linux-gnu/libXdmcp.so.6.0.0
a5093000-a5094000 r--p 00004000 00:26 286023                             /usr/lib/i386-linux-gnu/libXdmcp.so.6.0.0
a5094000-a5095000 rw-p 00005000 00:26 286023                             /usr/lib/i386-linux-gnu/libXdmcp.so.6.0.0
a5095000-a5097000 r-xp 00000000 00:26 285946                             /usr/lib/i386-linux-gnu/libXau.so.6.0.0
a5097000-a5098000 r--p 00001000 00:26 285946                             /usr/lib/i386-linux-gnu/libXau.so.6.0.0
a5098000-a5099000 rw-p 00002000 00:26 285946                             /usr/lib/i386-linux-gnu/libXau.so.6.0.0
a5099000-a50be000 r-xp 00000000 00:26 286827                             /usr/lib/i386-linux-gnu/libgraphite2.so.3.0.1
a50be000-a50bf000 ---p 00025000 00:26 286827                             /usr/lib/i386-linux-gnu/libgraphite2.so.3.0.1
a50bf000-a50c0000 r--p 00025000 00:26 286827                             /usr/lib/i386-linux-gnu/libgraphite2.so.3.0.1
a50c0000-a50c1000 rw-p 00026000 00:26 286827                             /usr/lib/i386-linux-gnu/libgraphite2.so.3.0.1
a50c1000-a5134000 r-xp 00000000 00:26 286005                             /lib/i386-linux-gnu/libpcre.so.3.13.2
a5134000-a5136000 rw-p 00072000 00:26 286005                             /lib/i386-linux-gnu/libpcre.so.3.13.2
a5136000-a513d000 r-xp 00000000 00:26 286132                             /usr/lib/i386-linux-gnu/libffi.so.6.0.4
a513d000-a513f000 rw-p 00006000 00:26 286132                             /usr/lib/i386-linux-gnu/libffi.so.6.0.4
a513f000-a5165000 r-xp 00000000 00:26 286129                             /lib/i386-linux-gnu/libexpat.so.1.6.0
a5165000-a5166000 ---p 00026000 00:26 286129                             /lib/i386-linux-gnu/libexpat.so.1.6.0
a5166000-a5169000 rw-p 00026000 00:26 286129                             /lib/i386-linux-gnu/libexpat.so.1.6.0
a5169000-a5172000 r-xp 00000000 00:26 286861                             /usr/lib/i386-linux-gnu/libthai.so.0.2.4
a5172000-a5174000 rw-p 00008000 00:26 286861                             /usr/lib/i386-linux-gnu/libthai.so.0.2.4
a5174000-a5198000 r-xp 00000000 00:26 286029                             /usr/lib/i386-linux-gnu/libxcb.so.1.1.0
a5198000-a519a000 rw-p 00023000 00:26 286029                             /usr/lib/i386-linux-gnu/libxcb.so.1.1.0
a519a000-a51a3000 r-xp 00000000 00:26 286264                             /usr/lib/i386-linux-gnu/libxcb-render.so.0.0.0
a51a3000-a51a5000 rw-p 00008000 00:26 286264                             /usr/lib/i386-linux-gnu/libxcb-render.so.0.0.0
a51a5000-a51a7000 r-xp 00000000 00:26 286268                             /usr/lib/i386-linux-gnu/libxcb-shm.so.0.0.0
a51a7000-a51a9000 rw-p 00001000 00:26 286268                             /usr/lib/i386-linux-gnu/libxcb-shm.so.0.0.0
a51a9000-a51d2000 r-xp 00000000 00:26 286160                             /lib/i386-linux-gnu/libpng12.so.0.54.0
a51d2000-a51d4000 rw-p 00028000 00:26 286160                             /lib/i386-linux-gnu/libpng12.so.0.54.0
a51d4000-a527d000 r-xp 00000000 00:26 286262                             /usr/lib/i386-linux-gnu/libpixman-1.so.0.33.6
a527d000-a5284000 rw-p 000a8000 00:26 286262                             /usr/lib/i386-linux-gnu/libpixman-1.so.0.33.6
a5284000-a52e6000 r-xp 00000000 00:26 287503                             /usr/lib/i386-linux-gnu/libharfbuzz.so.0.10000.1
a52e6000-a52e8000 rw-p 00061000 00:26 287503                             /usr/lib/i386-linux-gnu/libharfbuzz.so.0.10000.1
a52e8000-a52fc000 r-xp 00000000 00:26 264684                             /lib/i386-linux-gnu/libresolv-2.23.so
a52fc000-a52fd000 ---p 00014000 00:26 264684                             /lib/i386-linux-gnu/libresolv-2.23.so
a52fd000-a52ff000 rw-p 00014000 00:26 264684                             /lib/i386-linux-gnu/libresolv-2.23.so
a52ff000-a5301000 rw-p 00000000 00:00 0 
a5301000-a5323000 r-xp 00000000 00:26 286004                             /lib/i386-linux-gnu/libselinux.so.1
a5323000-a5324000 ---p 00022000 00:26 286004                             /lib/i386-linux-gnu/libselinux.so.1
a5324000-a5326000 rw-p 00022000 00:26 286004                             /lib/i386-linux-gnu/libselinux.so.1
a5326000-a5327000 rw-p 00000000 00:00 0 
a5327000-a5340000 r-xp 00000000 00:26 286125                             /lib/i386-linux-gnu/libz.so.1.2.8
a5340000-a5342000 rw-p 00018000 00:26 286125                             /lib/i386-linux-gnu/libz.so.1.2.8
a5342000-a5355000 r-xp 00000000 00:26 286041                             /usr/lib/i386-linux-gnu/libXext.so.6.4.0
a5355000-a5357000 rw-p 00012000 00:26 286041                             /usr/lib/i386-linux-gnu/libXext.so.6.4.0
a5357000-a5361000 r-xp 00000000 00:26 288448                             /usr/lib/i386-linux-gnu/libXcursor.so.1.0.2
a5361000-a5363000 rw-p 00009000 00:26 288448                             /usr/lib/i386-linux-gnu/libXcursor.so.1.0.2
a5363000-a536e000 r-xp 00000000 00:26 288607                             /usr/lib/i386-linux-gnu/libXrandr.so.2.2.0
a536e000-a5370000 rw-p 0000a000 00:26 288607                             /usr/lib/i386-linux-gnu/libXrandr.so.2.2.0
a5370000-a5381000 r-xp 00000000 00:26 288508                             /usr/lib/i386-linux-gnu/libXi.so.6.1.0
a5381000-a5383000 rw-p 00010000 00:26 288508                             /usr/lib/i386-linux-gnu/libXi.so.6.1.0
a5383000-a538d000 r-xp 00000000 00:26 286279                             /usr/lib/i386-linux-gnu/libXrender.so.1.3.0
a538d000-a538f000 rw-p 00009000 00:26 286279                             /usr/lib/i386-linux-gnu/libXrender.so.1.3.0
a538f000-a54d5000 r-xp 00000000 00:26 286037                             /usr/lib/i386-linux-gnu/libX11.so.6.3.0
a54d5000-a54d6000 ---p 00146000 00:26 286037                             /usr/lib/i386-linux-gnu/libX11.so.6.3.0
a54d6000-a54d9000 rw-p 00146000 00:26 286037                             /usr/lib/i386-linux-gnu/libX11.so.6.3.0
a54d9000-a54da000 rw-p 00000000 00:00 0 
a54da000-a54f6000 r-xp 00000000 00:26 264675                             /lib/i386-linux-gnu/libgcc_s.so.1
a54f6000-a54f7000 rw-p 0001b000 00:26 264675                             /lib/i386-linux-gnu/libgcc_s.so.1
a54f7000-a5664000 r-xp 00000000 00:26 391363                             /usr/lib32/libstdc++.so.6.0.21
a5664000-a5665000 ---p 0016d000 00:26 391363                             /usr/lib32/libstdc++.so.6.0.21
a5665000-a566b000 rw-p 0016d000 00:26 391363                             /usr/lib32/libstdc++.so.6.0.21
a566b000-a566e000 rw-p 00000000 00:00 0 
a566e000-a5795000 r-xp 00000000 00:26 286195                             /lib/i386-linux-gnu/libglib-2.0.so.0.4800.2
a5795000-a5797000 rw-p 00126000 00:26 286195                             /lib/i386-linux-gnu/libglib-2.0.so.0.4800.2
a5797000-a57f3000 r-xp 00000000 00:26 286206                             /usr/lib/i386-linux-gnu/libgobject-2.0.so.0.4800.2
a57f3000-a57f4000 ---p 0005c000 00:26 286206                             /usr/lib/i386-linux-gnu/libgobject-2.0.so.0.4800.2
a57f4000-a57f6000 rw-p 0005c000 00:26 286206                             /usr/lib/i386-linux-gnu/libgobject-2.0.so.0.4800.2
a57f6000-a5838000 r-xp 00000000 00:26 286260                             /usr/lib/i386-linux-gnu/libfontconfig.so.1.9.0
a5838000-a5839000 ---p 00042000 00:26 286260                             /usr/lib/i386-linux-gnu/libfontconfig.so.1.9.0
a5839000-a583f000 rw-p 00042000 00:26 286260                             /usr/lib/i386-linux-gnu/libfontconfig.so.1.9.0
a583f000-a58ea000 r-xp 00000000 00:26 286258                             /usr/lib/i386-linux-gnu/libfreetype.so.6.12.1
a58ea000-a58ef000 rw-p 000aa000 00:26 286258                             /usr/lib/i386-linux-gnu/libfreetype.so.6.12.1
a58ef000-a593d000 r-xp 00000000 00:26 287386                             /usr/lib/i386-linux-gnu/libpango-1.0.so.0.3800.1
a593d000-a593e000 ---p 0004e000 00:26 287386                             /usr/lib/i386-linux-gnu/libpango-1.0.so.0.3800.1
a593e000-a5940000 rw-p 0004e000 00:26 287386                             /usr/lib/i386-linux-gnu/libpango-1.0.so.0.3800.1
a5940000-a5a7d000 r-xp 00000000 00:26 286285                             /usr/lib/i386-linux-gnu/libcairo.so.2.11400.6
a5a7d000-a5a80000 rw-p 0013c000 00:26 286285                             /usr/lib/i386-linux-gnu/libcairo.so.2.11400.6
a5a80000-a5a81000 rw-p 00000000 00:00 0 
a5a81000-a5c45000 r-xp 00000000 00:26 286207                             /usr/lib/i386-linux-gnu/libgio-2.0.so.0.4800.2
a5c45000-a5c46000 ---p 001c4000 00:26 286207                             /usr/lib/i386-linux-gnu/libgio-2.0.so.0.4800.2
a5c46000-a5c49000 rw-p 001c4000 00:26 286207                             /usr/lib/i386-linux-gnu/libgio-2.0.so.0.4800.2
a5c49000-a5c4a000 rw-p 00000000 00:00 0 
a5c4a000-a5d07000 r-xp 00000000 00:26 288610                             /usr/lib/i386-linux-gnu/libgdk-x11-2.0.so.0.2400.30
a5d07000-a5d0a000 rw-p 000bc000 00:26 288610                             /usr/lib/i386-linux-gnu/libgdk-x11-2.0.so.0.2400.30
a5d0a000-a61f7000 r-xp 00000000 00:26 288611                             /usr/lib/i386-linux-gnu/libgtk-x11-2.0.so.0.2400.30
a61f7000-a61f8000 ---p 004ed000 00:26 288611                             /usr/lib/i386-linux-gnu/libgtk-x11-2.0.so.0.2400.30
a61f8000-a61fe000 rw-p 004ed000 00:26 288611                             /usr/lib/i386-linux-gnu/libgtk-x11-2.0.so.0.2400.30
a61fe000-a6200000 rw-p 00000000 00:00 0 
a6200000-a6229000 rw-p 00000000 00:00 0 
a6229000-a6300000 ---p 00000000 00:00 0 
a6301000-a6303000 r-xp 00000000 00:26 286075                             /usr/lib/i386-linux-gnu/libXdamage.so.1.1.0
a6303000-a6305000 rw-p 00001000 00:26 286075                             /usr/lib/i386-linux-gnu/libXdamage.so.1.1.0
a6305000-a6311000 r-xp 00000000 00:26 288174                             /usr/lib/i386-linux-gnu/libpangocairo-1.0.so.0.3800.1
a6311000-a6313000 rw-p 0000b000 00:26 288174                             /usr/lib/i386-linux-gnu/libpangocairo-1.0.so.0.3800.1
a6313000-a633a000 r-xp 00000000 00:26 286619                             /usr/lib/i386-linux-gnu/libgdk_pixbuf-2.0.so.0.3200.2
a633a000-a633c000 rw-p 00026000 00:26 286619                             /usr/lib/i386-linux-gnu/libgdk_pixbuf-2.0.so.0.3200.2
a633c000-a6352000 r-xp 00000000 00:26 287641                             /usr/lib/i386-linux-gnu/libpangoft2-1.0.so.0.3800.1
a6352000-a6354000 rw-p 00015000 00:26 287641                             /usr/lib/i386-linux-gnu/libpangoft2-1.0.so.0.3800.1
a6354000-a6378000 r-xp 00000000 00:26 286251                             /usr/lib/i386-linux-gnu/libatk-1.0.so.0.21809.1
a6378000-a637b000 rw-p 00023000 00:26 286251                             /usr/lib/i386-linux-gnu/libatk-1.0.so.0.21809.1
a637b000-a638e000 r--p 00000000 00:26 141885                             /etc/ld.so.cache
a638e000-a63a3000 r-xp 00000000 00:26 232320                             /etc/java/jdk1.8.0_171/jre/lib/i386/libnet.so
a63a3000-a63a4000 rw-p 00014000 00:26 232320                             /etc/java/jdk1.8.0_171/jre/lib/i386/libnet.so
a63a4000-a63a7000 ---p 00000000 00:00 0 
a63a7000-a63f5000 rw-p 00000000 00:00 0 
a63f5000-a648a000 r--s 0110b000 00:26 232344                             /etc/java/jdk1.8.0_171/jre/lib/ext/jfxrt.jar
a648a000-a648b000 ---p 00000000 00:00 0 
a648b000-a650b000 rw-p 00000000 00:00 0 
a650b000-a650e000 ---p 00000000 00:00 0 
a650e000-a655c000 rw-p 00000000 00:00 0 
a655c000-a655f000 ---p 00000000 00:00 0 
a655f000-a65dd000 rw-p 00000000 00:00 0 
a65dd000-a65e0000 ---p 00000000 00:00 0 
a65e0000-a665e000 rw-p 00000000 00:00 0 
a665e000-a6661000 ---p 00000000 00:00 0 
a6661000-a66af000 rw-p 00000000 00:00 0 
a66af000-a66b2000 ---p 00000000 00:00 0 
a66b2000-a6700000 rw-p 00000000 00:00 0 
a6700000-a67e0000 rw-p 00000000 00:00 0 
a67e0000-a6800000 ---p 00000000 00:00 0 
a6800000-a6803000 ---p 00000000 00:00 0 
a6803000-a6851000 rw-p 00000000 00:00 0 
a6851000-a6852000 ---p 00000000 00:00 0 
a6852000-a68d2000 rw-p 00000000 00:00 0 
a68d2000-a6aac000 r--s 03d68000 00:26 206521                             /etc/java/jdk1.8.0_171/jre/lib/rt.jar
a6aac000-a6e12000 rw-p 00000000 00:00 0 
a6e12000-a6ef8000 ---p 00000000 00:00 0 
a6ef8000-a9100000 rw-p 00000000 00:00 0 
a9100000-a91fe000 rw-p 00000000 00:00 0 
a91fe000-a9200000 ---p 00000000 00:00 0 
a9200000-a9202000 r-xp 00000000 00:26 286052                             /usr/lib/i386-linux-gnu/libXcomposite.so.1.0.0
a9202000-a9204000 rw-p 00001000 00:26 286052                             /usr/lib/i386-linux-gnu/libXcomposite.so.1.0.0
a9204000-a9213000 r-xp 00000000 00:26 232213                             /etc/java/jdk1.8.0_171/jre/lib/i386/libprism_sw.so
a9213000-a9214000 rw-p 0000f000 00:26 232213                             /etc/java/jdk1.8.0_171/jre/lib/i386/libprism_sw.so
a9214000-a9223000 r-xp 00000000 00:26 232241                             /etc/java/jdk1.8.0_171/jre/lib/i386/libnio.so
a9223000-a9224000 rw-p 0000e000 00:26 232241                             /etc/java/jdk1.8.0_171/jre/lib/i386/libnio.so
a9224000-a927f000 rw-p 00000000 00:00 0 
a927f000-a9280000 ---p 00000000 00:00 0 
a9280000-a9300000 rw-p 00000000 00:00 0 
a9300000-a9321000 rw-p 00000000 00:00 0 
a9321000-a9400000 ---p 00000000 00:00 0 
a9401000-a9406000 r-xp 00000000 00:26 286089                             /usr/lib/i386-linux-gnu/libXfixes.so.3.1.0
a9406000-a9408000 rw-p 00004000 00:26 286089                             /usr/lib/i386-linux-gnu/libXfixes.so.3.1.0
a9408000-a9457000 rw-p 00000000 00:00 0 
a9457000-a9458000 ---p 00000000 00:00 0 
a9458000-a94ed000 rw-p 00000000 00:00 0 
a94ed000-a961b000 ---p 00000000 00:00 0 
a961b000-a9630000 rw-p 00000000 00:00 0 
a9630000-a975d000 ---p 00000000 00:00 0 
a975d000-a9768000 rw-p 00000000 00:00 0 
a9768000-a97ff000 ---p 00000000 00:00 0 
a97ff000-ac180000 rw-p 00000000 00:00 0 
ac180000-d1d80000 ---p 00000000 00:00 0 
d1d80000-d3200000 rw-p 00000000 00:00 0 
d3200000-e6000000 ---p 00000000 00:00 0 
e6000000-e6003000 r-xp 00000000 00:26 286197                             /usr/lib/i386-linux-gnu/libgmodule-2.0.so.0.4800.2
e6003000-e6005000 rw-p 00002000 00:26 286197                             /usr/lib/i386-linux-gnu/libgmodule-2.0.so.0.4800.2
e6006000-e6008000 r-xp 00000000 00:26 286095                             /usr/lib/i386-linux-gnu/libXinerama.so.1.0.0
e6008000-e600a000 rw-p 00001000 00:26 286095                             /usr/lib/i386-linux-gnu/libXinerama.so.1.0.0
e600a000-e600f000 r-xp 00000000 00:26 286098                             /usr/lib/i386-linux-gnu/libXtst.so.6.1.0
e600f000-e6011000 rw-p 00004000 00:26 286098                             /usr/lib/i386-linux-gnu/libXtst.so.6.1.0
e6011000-e6016000 r--s 00084000 00:26 168530                             /etc/java/jdk1.8.0_171/jre/lib/jfr.jar
e6016000-e6029000 r--s 00345000 00:26 176989                             /etc/java/jdk1.8.0_171/jre/lib/resources.jar
e6029000-e6049000 rw-p 00000000 00:00 0 
e6049000-e6400000 ---p 00000000 00:00 0 
e6400000-e6640000 rwxp 00000000 00:00 0 
e6640000-f5400000 ---p 00000000 00:00 0 
f5400000-f54fa000 rw-p 00000000 00:00 0 
f54fa000-f5500000 ---p 00000000 00:00 0 
f5502000-f551c000 r-xp 00000000 00:26 232322                             /etc/java/jdk1.8.0_171/jre/lib/i386/libzip.so
f551c000-f551d000 rw-p 00019000 00:26 232322                             /etc/java/jdk1.8.0_171/jre/lib/i386/libzip.so
f551d000-f5528000 r-xp 00000000 00:26 264693                             /lib/i386-linux-gnu/libnss_files-2.23.so
f5528000-f5529000 r--p 0000a000 00:26 264693                             /lib/i386-linux-gnu/libnss_files-2.23.so
f5529000-f552a000 rw-p 0000b000 00:26 264693                             /lib/i386-linux-gnu/libnss_files-2.23.so
f552a000-f5530000 rw-p 00000000 00:00 0 
f5530000-f553b000 r-xp 00000000 00:26 264696                             /lib/i386-linux-gnu/libnss_nis-2.23.so
f553b000-f553c000 r--p 0000a000 00:26 264696                             /lib/i386-linux-gnu/libnss_nis-2.23.so
f553c000-f553d000 rw-p 0000b000 00:26 264696                             /lib/i386-linux-gnu/libnss_nis-2.23.so
f553d000-f5554000 r-xp 00000000 00:26 264677                             /lib/i386-linux-gnu/libnsl-2.23.so
f5554000-f5555000 r--p 00016000 00:26 264677                             /lib/i386-linux-gnu/libnsl-2.23.so
f5555000-f5556000 rw-p 00017000 00:26 264677                             /lib/i386-linux-gnu/libnsl-2.23.so
f5556000-f5558000 rw-p 00000000 00:00 0 
f5558000-f5560000 r-xp 00000000 00:26 264688                             /lib/i386-linux-gnu/libnss_compat-2.23.so
f5560000-f5561000 r--p 00007000 00:26 264688                             /lib/i386-linux-gnu/libnss_compat-2.23.so
f5561000-f5562000 rw-p 00008000 00:26 264688                             /lib/i386-linux-gnu/libnss_compat-2.23.so
f5562000-f5563000 r-xp 00000000 00:26 286199                             /usr/lib/i386-linux-gnu/libgthread-2.0.so.0.4800.2
f5563000-f5565000 rw-p 00000000 00:26 286199                             /usr/lib/i386-linux-gnu/libgthread-2.0.so.0.4800.2
f5565000-f556a000 r--s 002f9000 00:26 168551                             /etc/java/jdk1.8.0_171/jre/lib/charsets.jar
f556a000-f556d000 r--s 0001a000 00:26 168536                             /etc/java/jdk1.8.0_171/jre/lib/jce.jar
f556d000-f5575000 rw-s 00000000 00:13 4085971                            /tmp/hsperfdata_gpschmitt/20371
f5575000-f5599000 r-xp 00000000 00:26 232315                             /etc/java/jdk1.8.0_171/jre/lib/i386/libjava.so
f5599000-f559a000 rw-p 00024000 00:26 232315                             /etc/java/jdk1.8.0_171/jre/lib/i386/libjava.so
f559a000-f55a1000 r-xp 00000000 00:26 264697                             /lib/i386-linux-gnu/librt-2.23.so
f55a1000-f55a2000 r--p 00006000 00:26 264697                             /lib/i386-linux-gnu/librt-2.23.so
f55a2000-f55a3000 rw-p 00007000 00:26 264697                             /lib/i386-linux-gnu/librt-2.23.so
f55a3000-f55a6000 ---p 00000000 00:00 0 
f55a6000-f55f4000 rw-p 00000000 00:00 0 
f55f4000-f5647000 r-xp 00000000 00:26 264676                             /lib/i386-linux-gnu/libm-2.23.so
f5647000-f5648000 r--p 00052000 00:26 264676                             /lib/i386-linux-gnu/libm-2.23.so
f5648000-f5649000 rw-p 00053000 00:26 264676                             /lib/i386-linux-gnu/libm-2.23.so
f5649000-f5fde000 r-xp 00000000 00:26 232329                             /etc/java/jdk1.8.0_171/jre/lib/i386/server/libjvm.so
f5fde000-f604c000 rw-p 00995000 00:26 232329                             /etc/java/jdk1.8.0_171/jre/lib/i386/server/libjvm.so
f604c000-f6476000 rw-p 00000000 00:00 0 
f6476000-f6626000 r-xp 00000000 00:26 264680                             /lib/i386-linux-gnu/libc-2.23.so
f6626000-f6628000 r--p 001af000 00:26 264680                             /lib/i386-linux-gnu/libc-2.23.so
f6628000-f6629000 rw-p 001b1000 00:26 264680                             /lib/i386-linux-gnu/libc-2.23.so
f6629000-f662c000 rw-p 00000000 00:00 0 
f662c000-f662f000 r-xp 00000000 00:26 264682                             /lib/i386-linux-gnu/libdl-2.23.so
f662f000-f6630000 r--p 00002000 00:26 264682                             /lib/i386-linux-gnu/libdl-2.23.so
f6630000-f6631000 rw-p 00003000 00:26 264682                             /lib/i386-linux-gnu/libdl-2.23.so
f6631000-f6646000 r-xp 00000000 00:26 166895                             /etc/java/jdk1.8.0_171/lib/i386/jli/libjli.so
f6646000-f6647000 rw-p 00014000 00:26 166895                             /etc/java/jdk1.8.0_171/lib/i386/jli/libjli.so
f6647000-f6660000 r-xp 00000000 00:26 264679                             /lib/i386-linux-gnu/libpthread-2.23.so
f6660000-f6661000 r--p 00018000 00:26 264679                             /lib/i386-linux-gnu/libpthread-2.23.so
f6661000-f6662000 rw-p 00019000 00:26 264679                             /lib/i386-linux-gnu/libpthread-2.23.so
f6662000-f6664000 rw-p 00000000 00:00 0 
f6664000-f6669000 r--s 0009d000 00:26 206752                             /etc/java/jdk1.8.0_171/jre/lib/jsse.jar
f6669000-f666a000 rw-p 00000000 00:00 0 
f666a000-f666b000 r--p 00000000 00:00 0 
f666b000-f6676000 r-xp 00000000 00:26 232223                             /etc/java/jdk1.8.0_171/jre/lib/i386/libverify.so
f6676000-f6677000 rw-p 0000b000 00:26 232223                             /etc/java/jdk1.8.0_171/jre/lib/i386/libverify.so
f6677000-f6678000 rw-p 00000000 00:00 0 
f6678000-f667b000 r--p 00000000 00:00 0                                  [vvar]
f667b000-f667c000 r-xp 00000000 00:00 0                                  [vdso]
f667c000-f669f000 r-xp 00000000 00:26 264678                             /lib/i386-linux-gnu/ld-2.23.so
f669f000-f66a0000 r--p 00022000 00:26 264678                             /lib/i386-linux-gnu/ld-2.23.so
f66a0000-f66a1000 rw-p 00023000 00:26 264678                             /lib/i386-linux-gnu/ld-2.23.so
ffc69000-ffc8b000 rw-p 00000000 00:00 0                                  [stack]

VM Arguments:
jvm_args: -Dfile.encoding=ANSI_X3.4-1968 
java_command: com.toozo.asterium.asteriumgameboard.AsteriumGameBoard
java_class_path (initial): /etc/java/jdk1.8.0_171/jre/lib/resources.jar:/etc/java/jdk1.8.0_171/jre/lib/rt.jar:/etc/java/jdk1.8.0_171/jre/lib/jsse.jar:/etc/java/jdk1.8.0_171/jre/lib/jce.jar:/etc/java/jdk1.8.0_171/jre/lib/charsets.jar:/etc/java/jdk1.8.0_171/jre/lib/jfr.jar:/etc/java/jdk1.8.0_171/jre/lib/ext/jfxrt.jar:/etc/java/jdk1.8.0_171/jre/lib/ext/zipfs.jar:/etc/java/jdk1.8.0_171/jre/lib/ext/sunjce_provider.jar:/etc/java/jdk1.8.0_171/jre/lib/ext/sunpkcs11.jar:/etc/java/jdk1.8.0_171/jre/lib/ext/cldrdata.jar:/etc/java/jdk1.8.0_171/jre/lib/ext/nashorn.jar:/etc/java/jdk1.8.0_171/jre/lib/ext/dnsns.jar:/etc/java/jdk1.8.0_171/jre/lib/ext/sunec.jar:/etc/java/jdk1.8.0_171/jre/lib/ext/localedata.jar:/etc/java/jdk1.8.0_171/jre/lib/ext/jaccess.jar:/home/gpschmitt/git/asterium2/AsteriumGameBoard/target/classes:/home/gpschmitt/git/asterium2/AsteriumParser/target/classes:/home/gpschmitt/.m2/repository/org/json/json/20180130/json-20180130.jar:/home/gpschmitt/git/asterium2/AsteriumClientConnector/target/classes:/etc/apache-tomcat-9.0.8/lib/catalina-ha.jar:/etc/apache-tomcat-9.0.8/lib/catalina-storeconfig.jar:/etc/apache-tomcat-9.0.8/lib/catalina-ant.jar:/etc/apache-tomcat-9.0.8/lib/tomcat-i18n-ja.jar:/etc/apache-tomcat-9.0.8/lib/tomcat-i18n-fr.jar:/etc/apache-tomcat-9.0.8/lib/jasper.jar:/etc/apache-tomcat-9.0.8/lib/tomcat-jdbc.jar:/etc/apache-tomcat-9.0.8/lib/annotations-api.jar:/etc/apache-tomcat-9.0.8/lib/tomcat-api.jar:/etc/apache-tomcat-9.0.8/lib/jaspic-api.jar:/etc/apache-tomcat-9.0.8/lib/jasper-el.jar:/etc/apache-tomcat-9.0.8/lib/tomcat-websocket.jar:/etc/apache-tomcat-9.0.8/lib/tomcat-i18n-es.jar:/etc/apache-tomcat-9.0.8/lib/jsp-api.jar:/etc/apache-tomcat-9.0.8/lib/catalina.jar:/etc/apache-tomcat-9.0.8/lib/catalina-tribes.jar:/etc/apache-tomcat-9.0.8/lib/tomcat-jni.jar:/etc/apache-tomcat-9.0.8/lib/tomcat-dbcp.jar:/etc/apache-tomcat-9.0.8/lib/tomcat-coyote.jar:/etc/apache-tomcat-9.0.8/lib/tomcat-util-scan.jar:/etc/apache-tomcat-9.0.8/lib/el-api.jar:/etc/apache-tomcat-9.0.8
Launcher Type: SUN_STANDARD

Environment Variables:
PATH=/home/gpschmitt/bin:/home/gpschmitt/.local/bin:/usr/local/bin:/usr/bin:/bin:/usr/local/games:/usr/games
SHELL=/bin/bash
DISPLAY=:1.0

Signal Handlers:
SIGSEGV: [libjvm.so+0x8dfe10], sa_mask[0]=11111111011111111101111111111110, sa_flags=SA_RESTART|SA_SIGINFO
SIGBUS: [libjvm.so+0x8dfe10], sa_mask[0]=11111111011111111101111111111110, sa_flags=SA_RESTART|SA_SIGINFO
SIGFPE: [libjvm.so+0x75c270], sa_mask[0]=11111111011111111101111111111110, sa_flags=SA_RESTART|SA_SIGINFO
SIGPIPE: [libjvm.so+0x75c270], sa_mask[0]=11111111011111111101111111111110, sa_flags=SA_RESTART|SA_SIGINFO
SIGXFSZ: [libjvm.so+0x75c270], sa_mask[0]=11111111011111111101111111111110, sa_flags=SA_RESTART|SA_SIGINFO
SIGILL: [libjvm.so+0x75c270], sa_mask[0]=11111111011111111101111111111110, sa_flags=SA_RESTART|SA_SIGINFO
SIGUSR1: SIG_DFL, sa_mask[0]=00000000000000000000000000000000, sa_flags=none
SIGUSR2: [libjvm.so+0x75db50], sa_mask[0]=00100000000000000000000000000000, sa_flags=SA_RESTART|SA_SIGINFO
SIGHUP: [libjvm.so+0x75f000], sa_mask[0]=11111111011111111101111111111110, sa_flags=SA_RESTART|SA_SIGINFO
SIGINT: [libjvm.so+0x75f000], sa_mask[0]=11111111011111111101111111111110, sa_flags=SA_RESTART|SA_SIGINFO
SIGTERM: [libjvm.so+0x75f000], sa_mask[0]=11111111011111111101111111111110, sa_flags=SA_RESTART|SA_SIGINFO
SIGQUIT: [libjvm.so+0x75f000], sa_mask[0]=11111111011111111101111111111110, sa_flags=SA_RESTART|SA_SIGINFO


---------------  S Y S T E M  ---------------

OS:DISTRIB_ID=Ubuntu
DISTRIB_RELEASE=16.04
DISTRIB_CODENAME=xenial
DISTRIB_DESCRIPTION="Ubuntu 16.04.3 LTS"

uname:Linux 4.4.118-13211-geca7e0a1e0d8 #1 SMP PREEMPT Tue Apr 24 23:40:20 PDT 2018 x86_64
libc:glibc 2.23 NPTL 2.23 
rlimit: STACK 8192k, CORE 0k, NPROC 15450, NOFILE 4096, AS infinity
load average:4.58 2.44 1.79

/proc/meminfo:
MemTotal:        3957832 kB
MemFree:          215212 kB
MemAvailable:     686524 kB
Buffers:           48692 kB
Cached:           907352 kB
SwapCached:        71760 kB
Active:          2126760 kB
Inactive:        1062052 kB
Active(anon):    1740900 kB
Inactive(anon):   685144 kB
Active(file):     385860 kB
Inactive(file):   376908 kB
Unevictable:       43140 kB
Mlocked:           63320 kB
SwapTotal:       5797604 kB
SwapFree:        5142988 kB
Dirty:             39400 kB
Writeback:             0 kB
AnonPages:       2274568 kB
Mapped:           275684 kB
Shmem:            193084 kB
Slab:             183616 kB
SReclaimable:      92864 kB
SUnreclaim:        90752 kB
KernelStack:       12080 kB
PageTables:        36920 kB
NFS_Unstable:          0 kB
Bounce:                0 kB
WritebackTmp:          0 kB
CommitLimit:     7776520 kB
Committed_AS:    8512660 kB
VmallocTotal:   34359738367 kB
VmallocUsed:           0 kB
VmallocChunk:          0 kB
AnonHugePages:     18432 kB
DirectMap4k:      804280 kB
DirectMap2M:     3305472 kB


CPU:total 2 (initial active 2) (2 cores per cpu, 1 threads per core) family 6 model 55 stepping 8, cmov, cx8, fxsr, mmx, sse, sse2, sse3, ssse3, sse4.1, sse4.2, popcnt, clmul, erms, 3dnowpref, tsc, tscinvbit

/proc/cpuinfo:
processor	: 0
vendor_id	: GenuineIntel
cpu family	: 6
model		: 55
model name	: Intel(R) Celeron(R) CPU  N2840  @ 2.16GHz
stepping	: 8
microcode	: 0x829
cpu MHz		: 2582.293
cache size	: 1024 KB
physical id	: 0
siblings	: 2
core id		: 0
cpu cores	: 2
apicid		: 0
initial apicid	: 0
fpu		: yes
fpu_exception	: yes
cpuid level	: 11
wp		: yes
flags		: fpu vme de pse tsc msr pae mce cx8 apic sep mtrr pge mca cmov pat pse36 clflush dts acpi mmx fxsr sse sse2 ss ht tm pbe syscall nx rdtscp lm constant_tsc arch_perfmon pebs bts rep_good nopl xtopology nonstop_tsc aperfmperf pni pclmulqdq dtes64 monitor ds_cpl est tm2 ssse3 cx16 xtpr pdcm sse4_1 sse4_2 movbe popcnt tsc_deadline_timer rdrand lahf_lm 3dnowprefetch ida arat epb dtherm retpoline kaiser tpr_shadow vnmi flexpriority ept vpid tsc_adjust smep erms
bugs		: cpu_meltdown spectre_v1 spectre_v2
bogomips	: 4326.40
clflush size	: 64
cache_alignment	: 64
address sizes	: 36 bits physical, 48 bits virtual
power management:

processor	: 1
vendor_id	: GenuineIntel
cpu family	: 6
model		: 55
model name	: Intel(R) Celeron(R) CPU  N2840  @ 2.16GHz
stepping	: 8
microcode	: 0x829
cpu MHz		: 2582.293
cache size	: 1024 KB
physical id	: 0
siblings	: 2
core id		: 1
cpu cores	: 2
apicid		: 2
initial apicid	: 2
fpu		: yes
fpu_exception	: yes
cpuid level	: 11
wp		: yes
flags		: fpu vme de pse tsc msr pae mce cx8 apic sep mtrr pge mca cmov pat pse36 clflush dts acpi mmx fxsr sse sse2 ss ht tm pbe syscall nx rdtscp lm constant_tsc arch_perfmon pebs bts rep_good nopl xtopology nonstop_tsc aperfmperf pni pclmulqdq dtes64 monitor ds_cpl est tm2 ssse3 cx16 xtpr pdcm sse4_1 sse4_2 movbe popcnt tsc_deadline_timer rdrand lahf_lm 3dnowprefetch ida arat epb dtherm retpoline kaiser tsc_adjust smep erms
bugs		: cpu_meltdown spectre_v1 spectre_v2
bogomips	: 4326.40
clflush size	: 64
cache_alignment	: 64
address sizes	: 36 bits physical, 48 bits virtual
power management:



Memory: 4k page, physical 3957832k(215088k free), swap 5797604k(5142988k free)

vm_info: Java HotSpot(TM) Server VM (25.171-b11) for linux-x86 JRE (1.8.0_171-b11), built on Mar 28 2018 12:00:40 by "java_re" with gcc 4.3.0 20080428 (Red Hat 4.3.0-8)

time: Fri May 25 15:25:17 2018
elapsed time: 2 seconds (0d 0h 0m 2s)

