#
# A fatal error has been detected by the Java Runtime Environment:
#
#  SIGSEGV (0xb) at pc=0xf3c75010, pid=20202, tid=0xa39f4b40
#
# JRE version: Java(TM) SE Runtime Environment (8.0_171-b11) (build 1.8.0_171-b11)
# Java VM: Java HotSpot(TM) Server VM (25.171-b11 mixed mode linux-x86 )
# Problematic frame:
# C  [ld-linux.so.2+0x9010]
#
# Failed to write core dump. Core dumps have been disabled. To enable core dumping, try "ulimit -c unlimited" before starting Java again
#
# If you would like to submit a bug report, please visit:
#   http://bugreport.java.com/bugreport/crash.jsp
# The crash happened outside the Java Virtual Machine in native code.
# See problematic frame for where to report the bug.
#

---------------  T H R E A D  ---------------

Current thread (0xa3ddd000):  JavaThread "QuantumRenderer-0" daemon [_thread_in_native, id=20284, stack(0xa39a4000,0xa39f5000)]

siginfo: si_signo: 11 (SIGSEGV), si_code: 1 (SEGV_MAPERR), si_addr: 0x00000000

Registers:
EAX=0xf3c869f3, EBX=0xf3c90000, ECX=0xa39f20b8, EDX=0x85f4d995
ESP=0xa39f1fe0, EBP=0x00000000, ESI=0x00000000, EDI=0x00000000
EIP=0xf3c75010, EFLAGS=0x00010207, CR2=0x00000000

Top of Stack: (sp=0xa39f1fe0)
0xa39f1fe0:   00000000 00000000 f3c90000 a26ae6c0
0xa39f1ff0:   85f4d995 f2be5688 00000326 f2be71b8
0xa39f2000:   a39f202c 042fa6cc f3c88ac4 a39f20b8
0xa39f2010:   f3c869f3 08f6a360 a39f1ff0 f3c79178
0xa39f2020:   f3c78f60 a39f2268 00000000 00000000
0xa39f2030:   00000001 08faf4a8 f3c74fc9 00000000
0xa39f2040:   08fed35c a39f20c0 a39f2108 f3c75b4b
0xa39f2050:   a26ae2d4 a39f20c0 08fafbd4 00000000 

Instructions: (pc=0xf3c75010)
0xf3c74ff0:   d0 89 3c 24 c1 e8 05 89 44 24 24 8d 83 c4 8a ff
0xf3c75000:   ff 89 44 24 28 8d 83 f3 69 ff ff 89 44 24 30 90
0xf3c75010:   8b 44 b5 00 8b 78 14 3b bc 24 88 00 00 00 0f 84
0xf3c75020:   e4 00 00 00 8b 84 24 8c 00 00 00 83 e0 02 89 44 

Register to memory mapping:

EAX=0xf3c869f3: <offset 0x1a9f3> in /lib/ld-linux.so.2 at 0xf3c6c000
EBX=0xf3c90000: <offset 0x24000> in /lib/ld-linux.so.2 at 0xf3c6c000
ECX=0xa39f20b8 is pointing into the stack for thread: 0xa3ddd000
EDX=0x85f4d995 is an unknown value
ESP=0xa39f1fe0 is pointing into the stack for thread: 0xa3ddd000
EBP=0x00000000 is an unknown value
ESI=0x00000000 is an unknown value
EDI=0x00000000 is an unknown value


Stack: [0xa39a4000,0xa39f5000],  sp=0xa39f1fe0,  free space=311k
Native frames: (J=compiled Java code, j=interpreted, Vv=VM code, C=native code)
C  [ld-linux.so.2+0x9010]

Java frames: (J=compiled Java code, j=interpreted, Vv=VM code)
j  java.lang.ClassLoader$NativeLibrary.load(Ljava/lang/String;Z)V+0
j  java.lang.ClassLoader.loadLibrary0(Ljava/lang/Class;Ljava/io/File;)Z+328
j  java.lang.ClassLoader.loadLibrary(Ljava/lang/Class;Ljava/lang/String;Z)V+48
j  java.lang.Runtime.load0(Ljava/lang/Class;Ljava/lang/String;)V+57
j  java.lang.System.load(Ljava/lang/String;)V+7
j  com.sun.glass.utils.NativeLibLoader.loadLibraryFullPath(Ljava/lang/String;)V+342
j  com.sun.glass.utils.NativeLibLoader.loadLibraryInternal(Ljava/lang/String;)V+1
j  com.sun.glass.utils.NativeLibLoader.loadLibrary(Ljava/lang/String;)V+11
j  com.sun.prism.sw.SWPipeline.lambda$static$473()Ljava/lang/Object;+2
j  com.sun.prism.sw.SWPipeline$$Lambda$27.run()Ljava/lang/Object;+0
v  ~StubRoutines::call_stub
j  java.security.AccessController.doPrivileged(Ljava/security/PrivilegedAction;)Ljava/lang/Object;+0
j  com.sun.prism.sw.SWPipeline.<clinit>()V+5
v  ~StubRoutines::call_stub
j  java.lang.Class.forName0(Ljava/lang/String;ZLjava/lang/ClassLoader;Ljava/lang/Class;)Ljava/lang/Class;+0
j  java.lang.Class.forName(Ljava/lang/String;)Ljava/lang/Class;+11
j  com.sun.prism.GraphicsPipeline.createPipeline()Lcom/sun/prism/GraphicsPipeline;+232
j  com.sun.javafx.tk.quantum.QuantumRenderer$PipelineRunnable.init()V+0
j  com.sun.javafx.tk.quantum.QuantumRenderer$PipelineRunnable.run()V+1
j  java.lang.Thread.run()V+11
v  ~StubRoutines::call_stub

---------------  P R O C E S S  ---------------

Java Threads: ( => current thread )
=>0xa3ddd000 JavaThread "QuantumRenderer-0" daemon [_thread_in_native, id=20284, stack(0xa39a4000,0xa39f5000)]
  0xa3d38c00 JavaThread "Service Thread" daemon [_thread_blocked, id=20235, stack(0xa3b0b000,0xa3b5c000)]
  0xa3d36c00 JavaThread "C1 CompilerThread1" daemon [_thread_blocked, id=20234, stack(0xa3b5c000,0xa3bdd000)]
  0xa3d34c00 JavaThread "C2 CompilerThread0" daemon [_thread_blocked, id=20233, stack(0xa3bdd000,0xa3c5e000)]
  0xa3d33400 JavaThread "Signal Dispatcher" daemon [_thread_blocked, id=20231, stack(0xa3c5e000,0xa3caf000)]
  0xa3d18800 JavaThread "Finalizer" daemon [_thread_blocked, id=20221, stack(0xa3caf000,0xa3d00000)]
  0xa3d15800 JavaThread "Reference Handler" daemon [_thread_blocked, id=20220, stack(0xa3e00000,0xa3e51000)]
  0xf2a09400 JavaThread "main" [_thread_blocked, id=20208, stack(0xf2b93000,0xf2be4000)]

Other Threads:
  0xa3d11000 VMThread [stack: 0xa3e51000,0xa3ed2000] [id=20216]
  0xa3d3c000 WatcherThread [stack: 0xa3a8a000,0xa3b0b000] [id=20236]

VM state:not at safepoint (normal execution)

VM Mutex/Monitor currently owned by a thread: None

Heap:
 PSYoungGen      total 18432K, used 4192K [0xcf380000, 0xd0800000, 0xe3600000)
  eden space 15872K, 26% used [0xcf380000,0xcf7980e0,0xd0300000)
  from space 2560K, 0% used [0xd0580000,0xd0580000,0xd0800000)
  to   space 2560K, 0% used [0xd0300000,0xd0300000,0xd0580000)
 ParOldGen       total 42496K, used 0K [0xa6e00000, 0xa9780000, 0xcf380000)
  object space 42496K, 0% used [0xa6e00000,0xa6e00000,0xa9780000)
 Metaspace       used 3176K, capacity 3361K, committed 3480K, reserved 4400K

Card table byte_map: [0xa6c1b000,0xa6e00000] byte_map_base: 0xa66e4000

Marking Bits: (ParMarkBitMap*) 0xf364f660
 Begin Bits: [0xa48c0000, 0xa57e0000)
 End Bits:   [0xa57e0000, 0xa6700000)

Polling page: 0xf3c5a000

CodeCache: size=245760Kb used=1169Kb max_used=1169Kb free=244590Kb
 bounds [0xe39e5000, 0xe3c25000, 0xf29e5000]
 total_blobs=508 nmethods=318 adapters=105
 compilation: enabled

Compilation events (10 events):
Event: 3.440 Thread 0xa3d36c00  314       3       java.net.URI$Parser::charAt (9 bytes)
Event: 3.440 Thread 0xa3d36c00 nmethod 314 0xe3aff408 code [0xe3aff540, 0xe3aff7ac]
Event: 3.441 Thread 0xa3d36c00  315       3       java.net.URI::access$300 (7 bytes)
Event: 3.441 Thread 0xa3d36c00 nmethod 315 0xe3aff188 code [0xe3aff2a0, 0xe3aff38c]
Event: 3.441 Thread 0xa3d36c00  316       3       java.net.URI::match (56 bytes)
Event: 3.441 Thread 0xa3d36c00 nmethod 316 0xe3afed88 code [0xe3afeea0, 0xe3aff100]
Event: 3.441 Thread 0xa3d36c00  317       3       sun.nio.fs.UnixPath::checkNotNul (16 bytes)
Event: 3.442 Thread 0xa3d36c00 nmethod 317 0xe3afea88 code [0xe3afeba0, 0xe3afeccc]
Event: 3.458 Thread 0xa3d36c00  318       3       sun.nio.cs.US_ASCII$Decoder::decode (62 bytes)
Event: 3.459 Thread 0xa3d36c00 nmethod 318 0xe3b09348 code [0xe3b09480, 0xe3b09720]

GC Heap History (0 events):
No events

Deoptimization events (0 events):
No events

Classes redefined (0 events):
No events

Internal exceptions (10 events):
Event: 2.394 Thread 0xf2a09400 Exception <a 'java/security/PrivilegedActionException'> (0xcf5b84d0) thrown at [/HUDSON/workspace/8-2-build-linux-i586/jdk8u171/10807/hotspot/src/share/vm/prims/jvm.cpp, line 1435]
Event: 2.397 Thread 0xf2a09400 Exception <a 'java/security/PrivilegedActionException'> (0xcf5ba2b8) thrown at [/HUDSON/workspace/8-2-build-linux-i586/jdk8u171/10807/hotspot/src/share/vm/prims/jvm.cpp, line 1435]
Event: 2.398 Thread 0xf2a09400 Exception <a 'java/security/PrivilegedActionException'> (0xcf5ba4b8) thrown at [/HUDSON/workspace/8-2-build-linux-i586/jdk8u171/10807/hotspot/src/share/vm/prims/jvm.cpp, line 1435]
Event: 2.406 Thread 0xf2a09400 Exception <a 'java/lang/NullPointerException'> (0xcf5baa20) thrown at [/HUDSON/workspace/8-2-build-linux-i586/jdk8u171/10807/hotspot/src/share/vm/interpreter/linkResolver.cpp, line 1185]
Event: 3.383 Thread 0xa3ddd000 Exception <a 'java/lang/UnsatisfiedLinkError'> (0xcf764af0) thrown at [/HUDSON/workspace/8-2-build-linux-i586/jdk8u171/10807/hotspot/src/share/vm/prims/jvm.cpp, line 4028]
Event: 3.384 Thread 0xa3ddd000 Exception <a 'java/lang/UnsatisfiedLinkError'> (0xcf764af0) thrown at [/HUDSON/workspace/8-2-build-linux-i586/jdk8u171/10807/hotspot/src/share/vm/prims/jni.cpp, line 709]
Event: 3.456 Thread 0xa3ddd000 Exception <a 'java/lang/UnsatisfiedLinkError'> (0xcf76be10) thrown at [/HUDSON/workspace/8-2-build-linux-i586/jdk8u171/10807/hotspot/src/share/vm/prims/jvm.cpp, line 4028]
Event: 3.456 Thread 0xa3ddd000 Exception <a 'java/lang/UnsatisfiedLinkError'> (0xcf76be10) thrown at [/HUDSON/workspace/8-2-build-linux-i586/jdk8u171/10807/hotspot/src/share/vm/prims/jni.cpp, line 709]
Event: 3.456 Thread 0xa3ddd000 Exception <a 'java/lang/UnsatisfiedLinkError'> (0xcf764af0) thrown at [/HUDSON/workspace/8-2-build-linux-i586/jdk8u171/10807/hotspot/src/share/vm/prims/jvm.cpp, line 1439]
Event: 3.456 Thread 0xa3ddd000 Exception <a 'java/lang/UnsatisfiedLinkError'> (0xcf764af0) thrown at [/HUDSON/workspace/8-2-build-linux-i586/jdk8u171/10807/hotspot/src/share/vm/oops/instanceKlass.cpp, line 959]

Events (10 events):
Event: 3.424 loading class java/nio/file/attribute/PosixFileAttributes done
Event: 3.424 loading class sun/nio/fs/UnixFileAttributes done
Event: 3.424 loading class sun/nio/fs/UnixFileStoreAttributes
Event: 3.425 loading class sun/nio/fs/UnixFileStoreAttributes done
Event: 3.425 loading class sun/nio/fs/UnixMountEntry
Event: 3.425 loading class sun/nio/fs/UnixMountEntry done
Event: 3.426 loading class sun/nio/fs/UnixUriUtils
Event: 3.426 loading class sun/nio/fs/UnixUriUtils done
Event: 3.456 loading class com/sun/prism/sw/SWPipeline
Event: 3.457 loading class com/sun/prism/sw/SWPipeline done


Dynamic libraries:
08048000-08049000 r-xp 00000000 00:26 168405                             /etc/java/jdk1.8.0_171/bin/java
08049000-0804a000 rw-p 00000000 00:26 168405                             /etc/java/jdk1.8.0_171/bin/java
08f69000-09008000 rw-p 00000000 00:00 0                                  [heap]
a2671000-a2678000 r-xp 00000000 00:26 286292                             /usr/lib/i386-linux-gnu/libdatrie.so.1.3.3
a2678000-a2679000 ---p 00007000 00:26 286292                             /usr/lib/i386-linux-gnu/libdatrie.so.1.3.3
a2679000-a267a000 r--p 00007000 00:26 286292                             /usr/lib/i386-linux-gnu/libdatrie.so.1.3.3
a267a000-a267b000 rw-p 00008000 00:26 286292                             /usr/lib/i386-linux-gnu/libdatrie.so.1.3.3
a267b000-a2680000 r-xp 00000000 00:26 286023                             /usr/lib/i386-linux-gnu/libXdmcp.so.6.0.0
a2680000-a2681000 r--p 00004000 00:26 286023                             /usr/lib/i386-linux-gnu/libXdmcp.so.6.0.0
a2681000-a2682000 rw-p 00005000 00:26 286023                             /usr/lib/i386-linux-gnu/libXdmcp.so.6.0.0
a2682000-a2684000 r-xp 00000000 00:26 285946                             /usr/lib/i386-linux-gnu/libXau.so.6.0.0
a2684000-a2685000 r--p 00001000 00:26 285946                             /usr/lib/i386-linux-gnu/libXau.so.6.0.0
a2685000-a2686000 rw-p 00002000 00:26 285946                             /usr/lib/i386-linux-gnu/libXau.so.6.0.0
a2686000-a26ab000 r-xp 00000000 00:26 286827                             /usr/lib/i386-linux-gnu/libgraphite2.so.3.0.1
a26ab000-a26ac000 ---p 00025000 00:26 286827                             /usr/lib/i386-linux-gnu/libgraphite2.so.3.0.1
a26ac000-a26ad000 r--p 00025000 00:26 286827                             /usr/lib/i386-linux-gnu/libgraphite2.so.3.0.1
a26ad000-a26ae000 rw-p 00026000 00:26 286827                             /usr/lib/i386-linux-gnu/libgraphite2.so.3.0.1
a26ae000-a2721000 r-xp 00000000 00:26 286005                             /lib/i386-linux-gnu/libpcre.so.3.13.2
a2721000-a2723000 rw-p 00072000 00:26 286005                             /lib/i386-linux-gnu/libpcre.so.3.13.2
a2723000-a272a000 r-xp 00000000 00:26 286132                             /usr/lib/i386-linux-gnu/libffi.so.6.0.4
a272a000-a272c000 rw-p 00006000 00:26 286132                             /usr/lib/i386-linux-gnu/libffi.so.6.0.4
a272c000-a2752000 r-xp 00000000 00:26 286129                             /lib/i386-linux-gnu/libexpat.so.1.6.0
a2752000-a2753000 ---p 00026000 00:26 286129                             /lib/i386-linux-gnu/libexpat.so.1.6.0
a2753000-a2756000 rw-p 00026000 00:26 286129                             /lib/i386-linux-gnu/libexpat.so.1.6.0
a2756000-a275f000 r-xp 00000000 00:26 286861                             /usr/lib/i386-linux-gnu/libthai.so.0.2.4
a275f000-a2761000 rw-p 00008000 00:26 286861                             /usr/lib/i386-linux-gnu/libthai.so.0.2.4
a2761000-a2785000 r-xp 00000000 00:26 286029                             /usr/lib/i386-linux-gnu/libxcb.so.1.1.0
a2785000-a2787000 rw-p 00023000 00:26 286029                             /usr/lib/i386-linux-gnu/libxcb.so.1.1.0
a2787000-a2790000 r-xp 00000000 00:26 286264                             /usr/lib/i386-linux-gnu/libxcb-render.so.0.0.0
a2790000-a2792000 rw-p 00008000 00:26 286264                             /usr/lib/i386-linux-gnu/libxcb-render.so.0.0.0
a2792000-a2794000 r-xp 00000000 00:26 286268                             /usr/lib/i386-linux-gnu/libxcb-shm.so.0.0.0
a2794000-a2796000 rw-p 00001000 00:26 286268                             /usr/lib/i386-linux-gnu/libxcb-shm.so.0.0.0
a2796000-a27bf000 r-xp 00000000 00:26 286160                             /lib/i386-linux-gnu/libpng12.so.0.54.0
a27bf000-a27c1000 rw-p 00028000 00:26 286160                             /lib/i386-linux-gnu/libpng12.so.0.54.0
a27c1000-a286a000 r-xp 00000000 00:26 286262                             /usr/lib/i386-linux-gnu/libpixman-1.so.0.33.6
a286a000-a2871000 rw-p 000a8000 00:26 286262                             /usr/lib/i386-linux-gnu/libpixman-1.so.0.33.6
a2871000-a28d3000 r-xp 00000000 00:26 287503                             /usr/lib/i386-linux-gnu/libharfbuzz.so.0.10000.1
a28d3000-a28d5000 rw-p 00061000 00:26 287503                             /usr/lib/i386-linux-gnu/libharfbuzz.so.0.10000.1
a28d5000-a28e9000 r-xp 00000000 00:26 264684                             /lib/i386-linux-gnu/libresolv-2.23.so
a28e9000-a28ea000 ---p 00014000 00:26 264684                             /lib/i386-linux-gnu/libresolv-2.23.so
a28ea000-a28ec000 rw-p 00014000 00:26 264684                             /lib/i386-linux-gnu/libresolv-2.23.so
a28ec000-a28ee000 rw-p 00000000 00:00 0 
a28ee000-a2910000 r-xp 00000000 00:26 286004                             /lib/i386-linux-gnu/libselinux.so.1
a2910000-a2911000 ---p 00022000 00:26 286004                             /lib/i386-linux-gnu/libselinux.so.1
a2911000-a2913000 rw-p 00022000 00:26 286004                             /lib/i386-linux-gnu/libselinux.so.1
a2913000-a2914000 rw-p 00000000 00:00 0 
a2914000-a292d000 r-xp 00000000 00:26 286125                             /lib/i386-linux-gnu/libz.so.1.2.8
a292d000-a292f000 rw-p 00018000 00:26 286125                             /lib/i386-linux-gnu/libz.so.1.2.8
a292f000-a2942000 r-xp 00000000 00:26 286041                             /usr/lib/i386-linux-gnu/libXext.so.6.4.0
a2942000-a2944000 rw-p 00012000 00:26 286041                             /usr/lib/i386-linux-gnu/libXext.so.6.4.0
a2944000-a2946000 r-xp 00000000 00:26 286075                             /usr/lib/i386-linux-gnu/libXdamage.so.1.1.0
a2946000-a2948000 rw-p 00001000 00:26 286075                             /usr/lib/i386-linux-gnu/libXdamage.so.1.1.0
a2948000-a294a000 r-xp 00000000 00:26 286052                             /usr/lib/i386-linux-gnu/libXcomposite.so.1.0.0
a294a000-a294c000 rw-p 00001000 00:26 286052                             /usr/lib/i386-linux-gnu/libXcomposite.so.1.0.0
a294c000-a2956000 r-xp 00000000 00:26 288448                             /usr/lib/i386-linux-gnu/libXcursor.so.1.0.2
a2956000-a2958000 rw-p 00009000 00:26 288448                             /usr/lib/i386-linux-gnu/libXcursor.so.1.0.2
a2958000-a2963000 r-xp 00000000 00:26 288607                             /usr/lib/i386-linux-gnu/libXrandr.so.2.2.0
a2963000-a2965000 rw-p 0000a000 00:26 288607                             /usr/lib/i386-linux-gnu/libXrandr.so.2.2.0
a2965000-a2976000 r-xp 00000000 00:26 288508                             /usr/lib/i386-linux-gnu/libXi.so.6.1.0
a2976000-a2978000 rw-p 00010000 00:26 288508                             /usr/lib/i386-linux-gnu/libXi.so.6.1.0
a2978000-a297a000 r-xp 00000000 00:26 286095                             /usr/lib/i386-linux-gnu/libXinerama.so.1.0.0
a297a000-a297c000 rw-p 00001000 00:26 286095                             /usr/lib/i386-linux-gnu/libXinerama.so.1.0.0
a297c000-a2986000 r-xp 00000000 00:26 286279                             /usr/lib/i386-linux-gnu/libXrender.so.1.3.0
a2986000-a2988000 rw-p 00009000 00:26 286279                             /usr/lib/i386-linux-gnu/libXrender.so.1.3.0
a2988000-a298d000 r-xp 00000000 00:26 286089                             /usr/lib/i386-linux-gnu/libXfixes.so.3.1.0
a298d000-a298f000 rw-p 00004000 00:26 286089                             /usr/lib/i386-linux-gnu/libXfixes.so.3.1.0
a298f000-a2ad5000 r-xp 00000000 00:26 286037                             /usr/lib/i386-linux-gnu/libX11.so.6.3.0
a2ad5000-a2ad6000 ---p 00146000 00:26 286037                             /usr/lib/i386-linux-gnu/libX11.so.6.3.0
a2ad6000-a2ad9000 rw-p 00146000 00:26 286037                             /usr/lib/i386-linux-gnu/libX11.so.6.3.0
a2ad9000-a2ada000 rw-p 00000000 00:00 0 
a2ada000-a2af6000 r-xp 00000000 00:26 264675                             /lib/i386-linux-gnu/libgcc_s.so.1
a2af6000-a2af7000 rw-p 0001b000 00:26 264675                             /lib/i386-linux-gnu/libgcc_s.so.1
a2af7000-a2c64000 r-xp 00000000 00:26 391363                             /usr/lib32/libstdc++.so.6.0.21
a2c64000-a2c65000 ---p 0016d000 00:26 391363                             /usr/lib32/libstdc++.so.6.0.21
a2c65000-a2c6b000 rw-p 0016d000 00:26 391363                             /usr/lib32/libstdc++.so.6.0.21
a2c6b000-a2c6e000 rw-p 00000000 00:00 0 
a2c6e000-a2d95000 r-xp 00000000 00:26 286195                             /lib/i386-linux-gnu/libglib-2.0.so.0.4800.2
a2d95000-a2d97000 rw-p 00126000 00:26 286195                             /lib/i386-linux-gnu/libglib-2.0.so.0.4800.2
a2d97000-a2df3000 r-xp 00000000 00:26 286206                             /usr/lib/i386-linux-gnu/libgobject-2.0.so.0.4800.2
a2df3000-a2df4000 ---p 0005c000 00:26 286206                             /usr/lib/i386-linux-gnu/libgobject-2.0.so.0.4800.2
a2df4000-a2df6000 rw-p 0005c000 00:26 286206                             /usr/lib/i386-linux-gnu/libgobject-2.0.so.0.4800.2
a2df6000-a2e38000 r-xp 00000000 00:26 286260                             /usr/lib/i386-linux-gnu/libfontconfig.so.1.9.0
a2e38000-a2e39000 ---p 00042000 00:26 286260                             /usr/lib/i386-linux-gnu/libfontconfig.so.1.9.0
a2e39000-a2e3f000 rw-p 00042000 00:26 286260                             /usr/lib/i386-linux-gnu/libfontconfig.so.1.9.0
a2e3f000-a2eea000 r-xp 00000000 00:26 286258                             /usr/lib/i386-linux-gnu/libfreetype.so.6.12.1
a2eea000-a2eef000 rw-p 000aa000 00:26 286258                             /usr/lib/i386-linux-gnu/libfreetype.so.6.12.1
a2eef000-a2f3d000 r-xp 00000000 00:26 287386                             /usr/lib/i386-linux-gnu/libpango-1.0.so.0.3800.1
a2f3d000-a2f3e000 ---p 0004e000 00:26 287386                             /usr/lib/i386-linux-gnu/libpango-1.0.so.0.3800.1
a2f3e000-a2f40000 rw-p 0004e000 00:26 287386                             /usr/lib/i386-linux-gnu/libpango-1.0.so.0.3800.1
a2f40000-a307d000 r-xp 00000000 00:26 286285                             /usr/lib/i386-linux-gnu/libcairo.so.2.11400.6
a307d000-a3080000 rw-p 0013c000 00:26 286285                             /usr/lib/i386-linux-gnu/libcairo.so.2.11400.6
a3080000-a3081000 rw-p 00000000 00:00 0 
a3081000-a3245000 r-xp 00000000 00:26 286207                             /usr/lib/i386-linux-gnu/libgio-2.0.so.0.4800.2
a3245000-a3246000 ---p 001c4000 00:26 286207                             /usr/lib/i386-linux-gnu/libgio-2.0.so.0.4800.2
a3246000-a3249000 rw-p 001c4000 00:26 286207                             /usr/lib/i386-linux-gnu/libgio-2.0.so.0.4800.2
a3249000-a324a000 rw-p 00000000 00:00 0 
a324a000-a3307000 r-xp 00000000 00:26 288610                             /usr/lib/i386-linux-gnu/libgdk-x11-2.0.so.0.2400.30
a3307000-a330a000 rw-p 000bc000 00:26 288610                             /usr/lib/i386-linux-gnu/libgdk-x11-2.0.so.0.2400.30
a330a000-a37f7000 r-xp 00000000 00:26 288611                             /usr/lib/i386-linux-gnu/libgtk-x11-2.0.so.0.2400.30
a37f7000-a37f8000 ---p 004ed000 00:26 288611                             /usr/lib/i386-linux-gnu/libgtk-x11-2.0.so.0.2400.30
a37f8000-a37fe000 rw-p 004ed000 00:26 288611                             /usr/lib/i386-linux-gnu/libgtk-x11-2.0.so.0.2400.30
a37fe000-a3800000 rw-p 00000000 00:00 0 
a3800000-a385c000 rw-p 00000000 00:00 0 
a385c000-a3900000 ---p 00000000 00:00 0 
a3903000-a392a000 r-xp 00000000 00:26 286619                             /usr/lib/i386-linux-gnu/libgdk_pixbuf-2.0.so.0.3200.2
a392a000-a392c000 rw-p 00026000 00:26 286619                             /usr/lib/i386-linux-gnu/libgdk_pixbuf-2.0.so.0.3200.2
a392c000-a3942000 r-xp 00000000 00:26 287641                             /usr/lib/i386-linux-gnu/libpangoft2-1.0.so.0.3800.1
a3942000-a3944000 rw-p 00015000 00:26 287641                             /usr/lib/i386-linux-gnu/libpangoft2-1.0.so.0.3800.1
a3944000-a3968000 r-xp 00000000 00:26 286251                             /usr/lib/i386-linux-gnu/libatk-1.0.so.0.21809.1
a3968000-a396b000 rw-p 00023000 00:26 286251                             /usr/lib/i386-linux-gnu/libatk-1.0.so.0.21809.1
a396b000-a397e000 r--p 00000000 00:26 141885                             /etc/ld.so.cache
a397e000-a398d000 r-xp 00000000 00:26 232213                             /etc/java/jdk1.8.0_171/jre/lib/i386/libprism_sw.so
a398d000-a398e000 rw-p 0000f000 00:26 232213                             /etc/java/jdk1.8.0_171/jre/lib/i386/libprism_sw.so
a398e000-a39a3000 r-xp 00000000 00:26 232320                             /etc/java/jdk1.8.0_171/jre/lib/i386/libnet.so
a39a3000-a39a4000 rw-p 00014000 00:26 232320                             /etc/java/jdk1.8.0_171/jre/lib/i386/libnet.so
a39a4000-a39a7000 ---p 00000000 00:00 0 
a39a7000-a39f5000 rw-p 00000000 00:00 0 
a39f5000-a3a8a000 r--s 0110b000 00:26 232344                             /etc/java/jdk1.8.0_171/jre/lib/ext/jfxrt.jar
a3a8a000-a3a8b000 ---p 00000000 00:00 0 
a3a8b000-a3b0b000 rw-p 00000000 00:00 0 
a3b0b000-a3b0e000 ---p 00000000 00:00 0 
a3b0e000-a3b5c000 rw-p 00000000 00:00 0 
a3b5c000-a3b5f000 ---p 00000000 00:00 0 
a3b5f000-a3bdd000 rw-p 00000000 00:00 0 
a3bdd000-a3be0000 ---p 00000000 00:00 0 
a3be0000-a3c5e000 rw-p 00000000 00:00 0 
a3c5e000-a3c61000 ---p 00000000 00:00 0 
a3c61000-a3caf000 rw-p 00000000 00:00 0 
a3caf000-a3cb2000 ---p 00000000 00:00 0 
a3cb2000-a3d00000 rw-p 00000000 00:00 0 
a3d00000-a3ddf000 rw-p 00000000 00:00 0 
a3ddf000-a3e00000 ---p 00000000 00:00 0 
a3e00000-a3e03000 ---p 00000000 00:00 0 
a3e03000-a3e51000 rw-p 00000000 00:00 0 
a3e51000-a3e52000 ---p 00000000 00:00 0 
a3e52000-a3ed2000 rw-p 00000000 00:00 0 
a3ed2000-a40ac000 r--s 03d68000 00:26 206521                             /etc/java/jdk1.8.0_171/jre/lib/rt.jar
a40ac000-a4412000 rw-p 00000000 00:00 0 
a4412000-a44f8000 ---p 00000000 00:00 0 
a44f8000-a6700000 rw-p 00000000 00:00 0 
a6700000-a67fd000 rw-p 00000000 00:00 0 
a67fd000-a6800000 ---p 00000000 00:00 0 
a6801000-a6810000 r-xp 00000000 00:26 232241                             /etc/java/jdk1.8.0_171/jre/lib/i386/libnio.so
a6810000-a6811000 rw-p 0000e000 00:26 232241                             /etc/java/jdk1.8.0_171/jre/lib/i386/libnio.so
a6811000-a6824000 r--s 00345000 00:26 176989                             /etc/java/jdk1.8.0_171/jre/lib/resources.jar
a6824000-a687f000 rw-p 00000000 00:00 0 
a687f000-a6880000 ---p 00000000 00:00 0 
a6880000-a6900000 rw-p 00000000 00:00 0 
a6900000-a6921000 rw-p 00000000 00:00 0 
a6921000-a6a00000 ---p 00000000 00:00 0 
a6a01000-a6a06000 r-xp 00000000 00:26 286098                             /usr/lib/i386-linux-gnu/libXtst.so.6.1.0
a6a06000-a6a08000 rw-p 00004000 00:26 286098                             /usr/lib/i386-linux-gnu/libXtst.so.6.1.0
a6a08000-a6a57000 rw-p 00000000 00:00 0 
a6a57000-a6a58000 ---p 00000000 00:00 0 
a6a58000-a6aed000 rw-p 00000000 00:00 0 
a6aed000-a6c1b000 ---p 00000000 00:00 0 
a6c1b000-a6c30000 rw-p 00000000 00:00 0 
a6c30000-a6d5d000 ---p 00000000 00:00 0 
a6d5d000-a6d68000 rw-p 00000000 00:00 0 
a6d68000-a6dff000 ---p 00000000 00:00 0 
a6dff000-a9780000 rw-p 00000000 00:00 0 
a9780000-cf380000 ---p 00000000 00:00 0 
cf380000-d0800000 rw-p 00000000 00:00 0 
d0800000-e3600000 ---p 00000000 00:00 0 
e3600000-e360c000 r-xp 00000000 00:26 288174                             /usr/lib/i386-linux-gnu/libpangocairo-1.0.so.0.3800.1
e360c000-e360e000 rw-p 0000b000 00:26 288174                             /usr/lib/i386-linux-gnu/libpangocairo-1.0.so.0.3800.1
e360e000-e362e000 rw-p 00000000 00:00 0 
e362e000-e39e5000 ---p 00000000 00:00 0 
e39e5000-e3c25000 rwxp 00000000 00:00 0 
e3c25000-f29e5000 ---p 00000000 00:00 0 
f29e5000-f29ff000 r-xp 00000000 00:26 232322                             /etc/java/jdk1.8.0_171/jre/lib/i386/libzip.so
f29ff000-f2a00000 rw-p 00019000 00:26 232322                             /etc/java/jdk1.8.0_171/jre/lib/i386/libzip.so
f2a00000-f2afa000 rw-p 00000000 00:00 0 
f2afa000-f2b00000 ---p 00000000 00:00 0 
f2b03000-f2b06000 r-xp 00000000 00:26 286197                             /usr/lib/i386-linux-gnu/libgmodule-2.0.so.0.4800.2
f2b06000-f2b08000 rw-p 00002000 00:26 286197                             /usr/lib/i386-linux-gnu/libgmodule-2.0.so.0.4800.2
f2b08000-f2b0d000 r--s 00084000 00:26 168530                             /etc/java/jdk1.8.0_171/jre/lib/jfr.jar
f2b0d000-f2b18000 r-xp 00000000 00:26 264693                             /lib/i386-linux-gnu/libnss_files-2.23.so
f2b18000-f2b19000 r--p 0000a000 00:26 264693                             /lib/i386-linux-gnu/libnss_files-2.23.so
f2b19000-f2b1a000 rw-p 0000b000 00:26 264693                             /lib/i386-linux-gnu/libnss_files-2.23.so
f2b1a000-f2b20000 rw-p 00000000 00:00 0 
f2b20000-f2b2b000 r-xp 00000000 00:26 264696                             /lib/i386-linux-gnu/libnss_nis-2.23.so
f2b2b000-f2b2c000 r--p 0000a000 00:26 264696                             /lib/i386-linux-gnu/libnss_nis-2.23.so
f2b2c000-f2b2d000 rw-p 0000b000 00:26 264696                             /lib/i386-linux-gnu/libnss_nis-2.23.so
f2b2d000-f2b44000 r-xp 00000000 00:26 264677                             /lib/i386-linux-gnu/libnsl-2.23.so
f2b44000-f2b45000 r--p 00016000 00:26 264677                             /lib/i386-linux-gnu/libnsl-2.23.so
f2b45000-f2b46000 rw-p 00017000 00:26 264677                             /lib/i386-linux-gnu/libnsl-2.23.so
f2b46000-f2b48000 rw-p 00000000 00:00 0 
f2b48000-f2b50000 r-xp 00000000 00:26 264688                             /lib/i386-linux-gnu/libnss_compat-2.23.so
f2b50000-f2b51000 r--p 00007000 00:26 264688                             /lib/i386-linux-gnu/libnss_compat-2.23.so
f2b51000-f2b52000 rw-p 00008000 00:26 264688                             /lib/i386-linux-gnu/libnss_compat-2.23.so
f2b52000-f2b53000 r-xp 00000000 00:26 286199                             /usr/lib/i386-linux-gnu/libgthread-2.0.so.0.4800.2
f2b53000-f2b55000 rw-p 00000000 00:26 286199                             /usr/lib/i386-linux-gnu/libgthread-2.0.so.0.4800.2
f2b55000-f2b5a000 r--s 002f9000 00:26 168551                             /etc/java/jdk1.8.0_171/jre/lib/charsets.jar
f2b5a000-f2b5d000 r--s 0001a000 00:26 168536                             /etc/java/jdk1.8.0_171/jre/lib/jce.jar
f2b5d000-f2b65000 rw-s 00000000 00:13 4085693                            /tmp/hsperfdata_gpschmitt/20202
f2b65000-f2b89000 r-xp 00000000 00:26 232315                             /etc/java/jdk1.8.0_171/jre/lib/i386/libjava.so
f2b89000-f2b8a000 rw-p 00024000 00:26 232315                             /etc/java/jdk1.8.0_171/jre/lib/i386/libjava.so
f2b8a000-f2b91000 r-xp 00000000 00:26 264697                             /lib/i386-linux-gnu/librt-2.23.so
f2b91000-f2b92000 r--p 00006000 00:26 264697                             /lib/i386-linux-gnu/librt-2.23.so
f2b92000-f2b93000 rw-p 00007000 00:26 264697                             /lib/i386-linux-gnu/librt-2.23.so
f2b93000-f2b96000 ---p 00000000 00:00 0 
f2b96000-f2be4000 rw-p 00000000 00:00 0 
f2be4000-f2c37000 r-xp 00000000 00:26 264676                             /lib/i386-linux-gnu/libm-2.23.so
f2c37000-f2c38000 r--p 00052000 00:26 264676                             /lib/i386-linux-gnu/libm-2.23.so
f2c38000-f2c39000 rw-p 00053000 00:26 264676                             /lib/i386-linux-gnu/libm-2.23.so
f2c39000-f35ce000 r-xp 00000000 00:26 232329                             /etc/java/jdk1.8.0_171/jre/lib/i386/server/libjvm.so
f35ce000-f363c000 rw-p 00995000 00:26 232329                             /etc/java/jdk1.8.0_171/jre/lib/i386/server/libjvm.so
f363c000-f3a66000 rw-p 00000000 00:00 0 
f3a66000-f3c16000 r-xp 00000000 00:26 264680                             /lib/i386-linux-gnu/libc-2.23.so
f3c16000-f3c18000 r--p 001af000 00:26 264680                             /lib/i386-linux-gnu/libc-2.23.so
f3c18000-f3c19000 rw-p 001b1000 00:26 264680                             /lib/i386-linux-gnu/libc-2.23.so
f3c19000-f3c1c000 rw-p 00000000 00:00 0 
f3c1c000-f3c1f000 r-xp 00000000 00:26 264682                             /lib/i386-linux-gnu/libdl-2.23.so
f3c1f000-f3c20000 r--p 00002000 00:26 264682                             /lib/i386-linux-gnu/libdl-2.23.so
f3c20000-f3c21000 rw-p 00003000 00:26 264682                             /lib/i386-linux-gnu/libdl-2.23.so
f3c21000-f3c36000 r-xp 00000000 00:26 166895                             /etc/java/jdk1.8.0_171/lib/i386/jli/libjli.so
f3c36000-f3c37000 rw-p 00014000 00:26 166895                             /etc/java/jdk1.8.0_171/lib/i386/jli/libjli.so
f3c37000-f3c50000 r-xp 00000000 00:26 264679                             /lib/i386-linux-gnu/libpthread-2.23.so
f3c50000-f3c51000 r--p 00018000 00:26 264679                             /lib/i386-linux-gnu/libpthread-2.23.so
f3c51000-f3c52000 rw-p 00019000 00:26 264679                             /lib/i386-linux-gnu/libpthread-2.23.so
f3c52000-f3c54000 rw-p 00000000 00:00 0 
f3c54000-f3c59000 r--s 0009d000 00:26 206752                             /etc/java/jdk1.8.0_171/jre/lib/jsse.jar
f3c59000-f3c5a000 rw-p 00000000 00:00 0 
f3c5a000-f3c5b000 r--p 00000000 00:00 0 
f3c5b000-f3c66000 r-xp 00000000 00:26 232223                             /etc/java/jdk1.8.0_171/jre/lib/i386/libverify.so
f3c66000-f3c67000 rw-p 0000b000 00:26 232223                             /etc/java/jdk1.8.0_171/jre/lib/i386/libverify.so
f3c67000-f3c68000 rw-p 00000000 00:00 0 
f3c68000-f3c6b000 r--p 00000000 00:00 0                                  [vvar]
f3c6b000-f3c6c000 r-xp 00000000 00:00 0                                  [vdso]
f3c6c000-f3c8f000 r-xp 00000000 00:26 264678                             /lib/i386-linux-gnu/ld-2.23.so
f3c8f000-f3c90000 r--p 00022000 00:26 264678                             /lib/i386-linux-gnu/ld-2.23.so
f3c90000-f3c91000 rw-p 00023000 00:26 264678                             /lib/i386-linux-gnu/ld-2.23.so
ffb99000-ffbbb000 rw-p 00000000 00:00 0                                  [stack]

VM Arguments:
jvm_args: -Dfile.encoding=ANSI_X3.4-1968 
java_command: com.toozo.asterium.asteriumgameboard.AsteriumGameBoard
java_class_path (initial): /etc/java/jdk1.8.0_171/jre/lib/resources.jar:/etc/java/jdk1.8.0_171/jre/lib/rt.jar:/etc/java/jdk1.8.0_171/jre/lib/jsse.jar:/etc/java/jdk1.8.0_171/jre/lib/jce.jar:/etc/java/jdk1.8.0_171/jre/lib/charsets.jar:/etc/java/jdk1.8.0_171/jre/lib/jfr.jar:/etc/java/jdk1.8.0_171/jre/lib/ext/jfxrt.jar:/etc/java/jdk1.8.0_171/jre/lib/ext/zipfs.jar:/etc/java/jdk1.8.0_171/jre/lib/ext/sunjce_provider.jar:/etc/java/jdk1.8.0_171/jre/lib/ext/sunpkcs11.jar:/etc/java/jdk1.8.0_171/jre/lib/ext/cldrdata.jar:/etc/java/jdk1.8.0_171/jre/lib/ext/nashorn.jar:/etc/java/jdk1.8.0_171/jre/lib/ext/dnsns.jar:/etc/java/jdk1.8.0_171/jre/lib/ext/sunec.jar:/etc/java/jdk1.8.0_171/jre/lib/ext/localedata.jar:/etc/java/jdk1.8.0_171/jre/lib/ext/jaccess.jar:/home/gpschmitt/git/asterium2/AsteriumGameBoard/target/classes:/home/gpschmitt/git/asterium2/AsteriumParser/target/classes:/home/gpschmitt/.m2/repository/org/json/json/20180130/json-20180130.jar:/home/gpschmitt/git/asterium2/AsteriumClientConnector/target/classes:/etc/apache-tomcat-9.0.8/lib/catalina-ha.jar:/etc/apache-tomcat-9.0.8/lib/catalina-storeconfig.jar:/etc/apache-tomcat-9.0.8/lib/catalina-ant.jar:/etc/apache-tomcat-9.0.8/lib/tomcat-i18n-ja.jar:/etc/apache-tomcat-9.0.8/lib/tomcat-i18n-fr.jar:/etc/apache-tomcat-9.0.8/lib/jasper.jar:/etc/apache-tomcat-9.0.8/lib/tomcat-jdbc.jar:/etc/apache-tomcat-9.0.8/lib/annotations-api.jar:/etc/apache-tomcat-9.0.8/lib/tomcat-api.jar:/etc/apache-tomcat-9.0.8/lib/jaspic-api.jar:/etc/apache-tomcat-9.0.8/lib/jasper-el.jar:/etc/apache-tomcat-9.0.8/lib/tomcat-websocket.jar:/etc/apache-tomcat-9.0.8/lib/tomcat-i18n-es.jar:/etc/apache-tomcat-9.0.8/lib/jsp-api.jar:/etc/apache-tomcat-9.0.8/lib/catalina.jar:/etc/apache-tomcat-9.0.8/lib/catalina-tribes.jar:/etc/apache-tomcat-9.0.8/lib/tomcat-jni.jar:/etc/apache-tomcat-9.0.8/lib/tomcat-dbcp.jar:/etc/apache-tomcat-9.0.8/lib/tomcat-coyote.jar:/etc/apache-tomcat-9.0.8/lib/tomcat-util-scan.jar:/etc/apache-tomcat-9.0.8/lib/el-api.jar:/etc/apache-tomcat-9.0.8
Launcher Type: SUN_STANDARD

Environment Variables:
PATH=/home/gpschmitt/bin:/home/gpschmitt/.local/bin:/usr/local/bin:/usr/bin:/bin:/usr/local/games:/usr/games
SHELL=/bin/bash
DISPLAY=:1.0

Signal Handlers:
SIGSEGV: [libjvm.so+0x8dfe10], sa_mask[0]=11111111011111111101111111111110, sa_flags=SA_RESTART|SA_SIGINFO
SIGBUS: [libjvm.so+0x8dfe10], sa_mask[0]=11111111011111111101111111111110, sa_flags=SA_RESTART|SA_SIGINFO
SIGFPE: [libjvm.so+0x75c270], sa_mask[0]=11111111011111111101111111111110, sa_flags=SA_RESTART|SA_SIGINFO
SIGPIPE: [libjvm.so+0x75c270], sa_mask[0]=11111111011111111101111111111110, sa_flags=SA_RESTART|SA_SIGINFO
SIGXFSZ: [libjvm.so+0x75c270], sa_mask[0]=11111111011111111101111111111110, sa_flags=SA_RESTART|SA_SIGINFO
SIGILL: [libjvm.so+0x75c270], sa_mask[0]=11111111011111111101111111111110, sa_flags=SA_RESTART|SA_SIGINFO
SIGUSR1: SIG_DFL, sa_mask[0]=00000000000000000000000000000000, sa_flags=none
SIGUSR2: [libjvm.so+0x75db50], sa_mask[0]=00100000000000000000000000000000, sa_flags=SA_RESTART|SA_SIGINFO
SIGHUP: [libjvm.so+0x75f000], sa_mask[0]=11111111011111111101111111111110, sa_flags=SA_RESTART|SA_SIGINFO
SIGINT: [libjvm.so+0x75f000], sa_mask[0]=11111111011111111101111111111110, sa_flags=SA_RESTART|SA_SIGINFO
SIGTERM: [libjvm.so+0x75f000], sa_mask[0]=11111111011111111101111111111110, sa_flags=SA_RESTART|SA_SIGINFO
SIGQUIT: [libjvm.so+0x75f000], sa_mask[0]=11111111011111111101111111111110, sa_flags=SA_RESTART|SA_SIGINFO


---------------  S Y S T E M  ---------------

OS:DISTRIB_ID=Ubuntu
DISTRIB_RELEASE=16.04
DISTRIB_CODENAME=xenial
DISTRIB_DESCRIPTION="Ubuntu 16.04.3 LTS"

uname:Linux 4.4.118-13211-geca7e0a1e0d8 #1 SMP PREEMPT Tue Apr 24 23:40:20 PDT 2018 x86_64
libc:glibc 2.23 NPTL 2.23 
rlimit: STACK 8192k, CORE 0k, NPROC 15450, NOFILE 4096, AS infinity
load average:4.36 2.36 1.76

/proc/meminfo:
MemTotal:        3957832 kB
MemFree:          213220 kB
MemAvailable:     681152 kB
Buffers:           48672 kB
Cached:           907408 kB
SwapCached:        71752 kB
Active:          2125964 kB
Inactive:        1064360 kB
Active(anon):    1741580 kB
Inactive(anon):   689396 kB
Active(file):     384384 kB
Inactive(file):   374964 kB
Unevictable:       42192 kB
Mlocked:           62300 kB
SwapTotal:       5797604 kB
SwapFree:        5142976 kB
Dirty:             39216 kB
Writeback:             0 kB
AnonPages:       2275220 kB
Mapped:           275980 kB
Shmem:            196492 kB
Slab:             183796 kB
SReclaimable:      92944 kB
SUnreclaim:        90852 kB
KernelStack:       12384 kB
PageTables:        37256 kB
NFS_Unstable:          0 kB
Bounce:                0 kB
WritebackTmp:          0 kB
CommitLimit:     7776520 kB
Committed_AS:    8635952 kB
VmallocTotal:   34359738367 kB
VmallocUsed:           0 kB
VmallocChunk:          0 kB
AnonHugePages:     18432 kB
DirectMap4k:      804280 kB
DirectMap2M:     3305472 kB


CPU:total 2 (initial active 2) (2 cores per cpu, 1 threads per core) family 6 model 55 stepping 8, cmov, cx8, fxsr, mmx, sse, sse2, sse3, ssse3, sse4.1, sse4.2, popcnt, clmul, erms, 3dnowpref, tsc, tscinvbit

/proc/cpuinfo:
processor	: 0
vendor_id	: GenuineIntel
cpu family	: 6
model		: 55
model name	: Intel(R) Celeron(R) CPU  N2840  @ 2.16GHz
stepping	: 8
microcode	: 0x829
cpu MHz		: 2582.293
cache size	: 1024 KB
physical id	: 0
siblings	: 2
core id		: 0
cpu cores	: 2
apicid		: 0
initial apicid	: 0
fpu		: yes
fpu_exception	: yes
cpuid level	: 11
wp		: yes
flags		: fpu vme de pse tsc msr pae mce cx8 apic sep mtrr pge mca cmov pat pse36 clflush dts acpi mmx fxsr sse sse2 ss ht tm pbe syscall nx rdtscp lm constant_tsc arch_perfmon pebs bts rep_good nopl xtopology nonstop_tsc aperfmperf pni pclmulqdq dtes64 monitor ds_cpl est tm2 ssse3 cx16 xtpr pdcm sse4_1 sse4_2 movbe popcnt tsc_deadline_timer rdrand lahf_lm 3dnowprefetch ida arat epb dtherm retpoline kaiser tpr_shadow vnmi flexpriority ept vpid tsc_adjust smep erms
bugs		: cpu_meltdown spectre_v1 spectre_v2
bogomips	: 4326.40
clflush size	: 64
cache_alignment	: 64
address sizes	: 36 bits physical, 48 bits virtual
power management:

processor	: 1
vendor_id	: GenuineIntel
cpu family	: 6
model		: 55
model name	: Intel(R) Celeron(R) CPU  N2840  @ 2.16GHz
stepping	: 8
microcode	: 0x829
cpu MHz		: 2582.293
cache size	: 1024 KB
physical id	: 0
siblings	: 2
core id		: 1
cpu cores	: 2
apicid		: 2
initial apicid	: 2
fpu		: yes
fpu_exception	: yes
cpuid level	: 11
wp		: yes
flags		: fpu vme de pse tsc msr pae mce cx8 apic sep mtrr pge mca cmov pat pse36 clflush dts acpi mmx fxsr sse sse2 ss ht tm pbe syscall nx rdtscp lm constant_tsc arch_perfmon pebs bts rep_good nopl xtopology nonstop_tsc aperfmperf pni pclmulqdq dtes64 monitor ds_cpl est tm2 ssse3 cx16 xtpr pdcm sse4_1 sse4_2 movbe popcnt tsc_deadline_timer rdrand lahf_lm 3dnowprefetch ida arat epb dtherm retpoline kaiser tsc_adjust smep erms
bugs		: cpu_meltdown spectre_v1 spectre_v2
bogomips	: 4326.40
clflush size	: 64
cache_alignment	: 64
address sizes	: 36 bits physical, 48 bits virtual
power management:



Memory: 4k page, physical 3957832k(228256k free), swap 5797604k(5142976k free)

vm_info: Java HotSpot(TM) Server VM (25.171-b11) for linux-x86 JRE (1.8.0_171-b11), built on Mar 28 2018 12:00:40 by "java_re" with gcc 4.3.0 20080428 (Red Hat 4.3.0-8)

time: Fri May 25 15:25:14 2018
elapsed time: 3 seconds (0d 0h 0m 3s)

